<?xml version="1.0" encoding="UTF-8"?>
<testsuites name="login_logout" time="139" tests="9" failures="0" errors="0">
   <testsuite name="login_logout" tests="9" failures="0" errors="0" time="139" timestamp="2018-01-03 18:33:28" hostname="Ang - DESKTOP-JMN7MR3" id="Test Suites/login_logout">
      <properties>
         <property name="deviceName" value=""/>
         <property name="devicePlatform" value=""/>
         <property name="logFolder" value="C:\\Users\\Ang\\git\\oddle-automa\\Reports\\login_logout\\20180103_183319"/>
         <property name="logFiles" value="C:\\Users\\Ang\\git\\oddle-automa\\Reports\\login_logout\\20180103_183319\\execution0.log"/>
         <property name="attachments" value=""/>
         <property name="hostName" value="Ang - DESKTOP-JMN7MR3"/>
         <property name="os" value="Windows 10 64bit"/>
         <property name="katalonVersion" value="5.2.0.1"/>
         <property name="browser" value="Chrome 63.0.3239.84"/>
         <property name="hostAddress" value="192.168.126.1"/>
         <property name="sessionId" value="a4ed10e3f9befc1fc5c17fa0bddf3f27"/>
         <property name="seleniumVersion" value="3.7.1"/>
         <property name="proxyInformation" value="ProxyInformation{proxyOption=NO_PROXY, proxyServerType=HTTP, password=, proxyServerAddress=, proxyServerPort=0}"/>
         <property name="platform" value="Windows 10"/>
      </properties>
      <testcase name="Test Cases/001_login_email_successful" classname="Test Cases/001_login_email_successful" status="PASSED">
         <system-out><![CDATA[2018-01-03 18:33:28 - [TEST_CASE][PASSED] - Test Cases/001_login_email_successful: Test Cases/001_login_email_successful

2018-01-03 18:33:29 - [TEST_STEP][PASSED] - openBrowser: Browser is opened with url: ''

2018-01-03 18:33:33 - [MESSAGE][PASSED] - Browser is opened with url: ''

2018-01-03 18:33:33 - [TEST_STEP][PASSED] - navigateToUrl: Navigate to 'http://mcdonaldstest.staging.oddle.co' successfully

2018-01-03 18:33:37 - [MESSAGE][PASSED] - Navigate to 'http://mcdonaldstest.staging.oddle.co' successfully

2018-01-03 18:33:37 - [TEST_STEP][PASSED] - click: Object: 'Object Repository/LogIn/div_Log in' is clicked on

2018-01-03 18:33:37 - [MESSAGE][PASSED] - Object: 'Object Repository/LogIn/div_Log in' is clicked on

2018-01-03 18:33:37 - [TEST_STEP][PASSED] - setText: Text 'kevin.ang@oddle.me' is set on object 'Object Repository/LogIn/input_email'

2018-01-03 18:33:39 - [MESSAGE][PASSED] - Text 'kevin.ang@oddle.me' is set on object 'Object Repository/LogIn/input_email'

2018-01-03 18:33:39 - [TEST_STEP][PASSED] - setText: Text '0ddleatw' is set on object 'Object Repository/LogIn/input_password'

2018-01-03 18:33:39 - [MESSAGE][PASSED] - Text '0ddleatw' is set on object 'Object Repository/LogIn/input_password'

2018-01-03 18:33:39 - [TEST_STEP][PASSED] - click: Object: 'Object Repository/LogIn/button_Login' is clicked on

2018-01-03 18:33:39 - [MESSAGE][PASSED] - Object: 'Object Repository/LogIn/button_Login' is clicked on

2018-01-03 18:33:39 - [TEST_STEP][PASSED] - delay: Delayed 3 second(s)

2018-01-03 18:33:42 - [MESSAGE][PASSED] - Delayed 3 second(s)

2018-01-03 18:33:42 - [TEST_STEP][PASSED] - autoKeywords.verifyLoggedIn.verifyLogged: autoKeywords.verifyLoggedIn.verifyLogged is PASSED

2018-01-03 18:33:42 - [MESSAGE][PASSED] - Text of object 'Object Repository/LogIn/div_Hi user' is: 'Hi, John'

2018-01-03 18:33:42 - [MESSAGE][PASSED] - Actual text 'Hi, John' and expected text 'Log In' are not matched 

2018-01-03 18:33:42 - [MESSAGE][PASSED] - autoKeywords.verifyLoggedIn.verifyLogged is PASSED]]></system-out>
         <system-err><![CDATA[]]></system-err>
      </testcase>
      <testcase name="Test Cases/002_login_email_wrongpw" classname="Test Cases/002_login_email_wrongpw" status="PASSED">
         <system-out><![CDATA[2018-01-03 18:33:44 - [TEST_CASE][PASSED] - Test Cases/002_login_email_wrongpw: Test Cases/002_login_email_wrongpw

2018-01-03 18:33:44 - [TEST_STEP][PASSED] - openBrowser: Browser is opened with url: ''

2018-01-03 18:33:46 - [MESSAGE][PASSED] - Browser is opened with url: ''

2018-01-03 18:33:46 - [TEST_STEP][PASSED] - navigateToUrl: Navigate to 'http://mcdonaldstest.staging.oddle.co' successfully

2018-01-03 18:33:49 - [MESSAGE][PASSED] - Navigate to 'http://mcdonaldstest.staging.oddle.co' successfully

2018-01-03 18:33:49 - [TEST_STEP][PASSED] - click: Object: 'Object Repository/LogIn/div_Log in' is clicked on

2018-01-03 18:33:50 - [MESSAGE][PASSED] - Object: 'Object Repository/LogIn/div_Log in' is clicked on

2018-01-03 18:33:50 - [TEST_STEP][PASSED] - setText: Text 'kevin.ang@oddle.me' is set on object 'Object Repository/LogIn/input_email'

2018-01-03 18:33:52 - [MESSAGE][PASSED] - Text 'kevin.ang@oddle.me' is set on object 'Object Repository/LogIn/input_email'

2018-01-03 18:33:52 - [TEST_STEP][PASSED] - setText: Text 'wrongpassword' is set on object 'Object Repository/LogIn/input_password'

2018-01-03 18:33:53 - [MESSAGE][PASSED] - Text 'wrongpassword' is set on object 'Object Repository/LogIn/input_password'

2018-01-03 18:33:53 - [TEST_STEP][PASSED] - click: Object: 'Object Repository/LogIn/button_Login' is clicked on

2018-01-03 18:33:53 - [MESSAGE][PASSED] - Object: 'Object Repository/LogIn/button_Login' is clicked on

2018-01-03 18:33:53 - [TEST_STEP][PASSED] - delay: Delayed 3 second(s)

2018-01-03 18:33:56 - [MESSAGE][PASSED] - Delayed 3 second(s)

2018-01-03 18:33:56 - [TEST_STEP][PASSED] - verifyElementPresent: Object 'Object Repository/LogIn/div_login_credentials_invalid' is present

2018-01-03 18:33:56 - [MESSAGE][WARNING] - Timeout '0' is invalid. Using default page load timeout: '5'

2018-01-03 18:33:56 - [MESSAGE][PASSED] - Object 'Object Repository/LogIn/div_login_credentials_invalid' is present]]></system-out>
         <system-err><![CDATA[]]></system-err>
      </testcase>
      <testcase name="Test Cases/003_login_email_wrongpwformat" classname="Test Cases/003_login_email_wrongpwformat" status="PASSED">
         <system-out><![CDATA[2018-01-03 18:33:57 - [TEST_CASE][PASSED] - Test Cases/003_login_email_wrongpwformat: Test Cases/003_login_email_wrongpwformat

2018-01-03 18:33:57 - [TEST_STEP][PASSED] - openBrowser: Browser is opened with url: ''

2018-01-03 18:33:59 - [MESSAGE][PASSED] - Browser is opened with url: ''

2018-01-03 18:33:59 - [TEST_STEP][PASSED] - navigateToUrl: Navigate to 'http://mcdonaldstest.staging.oddle.co' successfully

2018-01-03 18:34:01 - [MESSAGE][PASSED] - Navigate to 'http://mcdonaldstest.staging.oddle.co' successfully

2018-01-03 18:34:01 - [TEST_STEP][PASSED] - click: Object: 'Object Repository/LogIn/div_Log in' is clicked on

2018-01-03 18:34:01 - [MESSAGE][PASSED] - Object: 'Object Repository/LogIn/div_Log in' is clicked on

2018-01-03 18:34:01 - [TEST_STEP][PASSED] - setText: Text 'kevin.ang@oddle.me' is set on object 'Object Repository/LogIn/input_email'

2018-01-03 18:34:03 - [MESSAGE][PASSED] - Text 'kevin.ang@oddle.me' is set on object 'Object Repository/LogIn/input_email'

2018-01-03 18:34:03 - [TEST_STEP][PASSED] - setText: Text 'wrongft' is set on object 'Object Repository/LogIn/input_password'

2018-01-03 18:34:03 - [MESSAGE][PASSED] - Text 'wrongft' is set on object 'Object Repository/LogIn/input_password'

2018-01-03 18:34:03 - [TEST_STEP][PASSED] - click: Object: 'Object Repository/LogIn/button_Login' is clicked on

2018-01-03 18:34:03 - [MESSAGE][PASSED] - Object: 'Object Repository/LogIn/button_Login' is clicked on

2018-01-03 18:34:03 - [TEST_STEP][PASSED] - delay: Delayed 3 second(s)

2018-01-03 18:34:06 - [MESSAGE][PASSED] - Delayed 3 second(s)

2018-01-03 18:34:06 - [TEST_STEP][PASSED] - verifyElementPresent: Object 'Object Repository/LogIn/span_Password should be at lea' is present

2018-01-03 18:34:06 - [MESSAGE][WARNING] - Timeout '0' is invalid. Using default page load timeout: '5'

2018-01-03 18:34:06 - [MESSAGE][PASSED] - Object 'Object Repository/LogIn/span_Password should be at lea' is present]]></system-out>
         <system-err><![CDATA[]]></system-err>
      </testcase>
      <testcase name="Test Cases/004_login_email_wrongemail" classname="Test Cases/004_login_email_wrongemail" status="PASSED">
         <system-out><![CDATA[2018-01-03 18:34:07 - [TEST_CASE][PASSED] - Test Cases/004_login_email_wrongemail: Test Cases/004_login_email_wrongemail

2018-01-03 18:34:07 - [TEST_STEP][PASSED] - openBrowser: Browser is opened with url: ''

2018-01-03 18:34:09 - [MESSAGE][PASSED] - Browser is opened with url: ''

2018-01-03 18:34:09 - [TEST_STEP][PASSED] - navigateToUrl: Navigate to 'http://mcdonaldstest.staging.oddle.co' successfully

2018-01-03 18:34:12 - [MESSAGE][PASSED] - Navigate to 'http://mcdonaldstest.staging.oddle.co' successfully

2018-01-03 18:34:12 - [TEST_STEP][PASSED] - click: Object: 'Object Repository/LogIn/div_Log in' is clicked on

2018-01-03 18:34:12 - [MESSAGE][PASSED] - Object: 'Object Repository/LogIn/div_Log in' is clicked on

2018-01-03 18:34:12 - [TEST_STEP][PASSED] - setText: Text 'unusedemail@changethis.ifused' is set on object 'Object Repository/LogIn/input_email'

2018-01-03 18:34:14 - [MESSAGE][PASSED] - Text 'unusedemail@changethis.ifused' is set on object 'Object Repository/LogIn/input_email'

2018-01-03 18:34:14 - [TEST_STEP][PASSED] - setText: Text '0ddleatw' is set on object 'Object Repository/LogIn/input_password'

2018-01-03 18:34:14 - [MESSAGE][PASSED] - Text '0ddleatw' is set on object 'Object Repository/LogIn/input_password'

2018-01-03 18:34:14 - [TEST_STEP][PASSED] - click: Object: 'Object Repository/LogIn/button_Login' is clicked on

2018-01-03 18:34:14 - [MESSAGE][PASSED] - Object: 'Object Repository/LogIn/button_Login' is clicked on

2018-01-03 18:34:14 - [TEST_STEP][PASSED] - delay: Delayed 3 second(s)

2018-01-03 18:34:17 - [MESSAGE][PASSED] - Delayed 3 second(s)

2018-01-03 18:34:17 - [TEST_STEP][PASSED] - verifyElementPresent: Object 'Object Repository/LogIn/div_login_credentials_invalid' is present

2018-01-03 18:34:17 - [MESSAGE][WARNING] - Timeout '0' is invalid. Using default page load timeout: '5'

2018-01-03 18:34:17 - [MESSAGE][PASSED] - Object 'Object Repository/LogIn/div_login_credentials_invalid' is present]]></system-out>
         <system-err><![CDATA[]]></system-err>
      </testcase>
      <testcase name="Test Cases/005_login_email_wrongemailformat" classname="Test Cases/005_login_email_wrongemailformat" status="PASSED">
         <system-out><![CDATA[2018-01-03 18:34:18 - [TEST_CASE][PASSED] - Test Cases/005_login_email_wrongemailformat: Test Cases/005_login_email_wrongemailformat

2018-01-03 18:34:18 - [TEST_STEP][PASSED] - openBrowser: Browser is opened with url: ''

2018-01-03 18:34:20 - [MESSAGE][PASSED] - Browser is opened with url: ''

2018-01-03 18:34:20 - [TEST_STEP][PASSED] - navigateToUrl: Navigate to 'http://mcdonaldstest.staging.oddle.co' successfully

2018-01-03 18:34:23 - [MESSAGE][PASSED] - Navigate to 'http://mcdonaldstest.staging.oddle.co' successfully

2018-01-03 18:34:23 - [TEST_STEP][PASSED] - click: Object: 'Object Repository/LogIn/div_Log in' is clicked on

2018-01-03 18:34:23 - [MESSAGE][PASSED] - Object: 'Object Repository/LogIn/div_Log in' is clicked on

2018-01-03 18:34:23 - [TEST_STEP][PASSED] - setText: Text 'wrongemailformat' is set on object 'Object Repository/LogIn/input_email'

2018-01-03 18:34:25 - [MESSAGE][PASSED] - Text 'wrongemailformat' is set on object 'Object Repository/LogIn/input_email'

2018-01-03 18:34:25 - [TEST_STEP][PASSED] - setText: Text 'notimportant' is set on object 'Object Repository/LogIn/input_password'

2018-01-03 18:34:25 - [MESSAGE][PASSED] - Text 'notimportant' is set on object 'Object Repository/LogIn/input_password'

2018-01-03 18:34:25 - [TEST_STEP][PASSED] - click: Object: 'Object Repository/LogIn/button_Login' is clicked on

2018-01-03 18:34:25 - [MESSAGE][PASSED] - Object: 'Object Repository/LogIn/button_Login' is clicked on

2018-01-03 18:34:25 - [TEST_STEP][PASSED] - delay: Delayed 3 second(s)

2018-01-03 18:34:28 - [MESSAGE][PASSED] - Delayed 3 second(s)

2018-01-03 18:34:28 - [TEST_STEP][PASSED] - verifyElementPresent: Object 'Object Repository/LogIn/span_Please enter correct emai' is present

2018-01-03 18:34:28 - [MESSAGE][WARNING] - Timeout '0' is invalid. Using default page load timeout: '5'

2018-01-03 18:34:28 - [MESSAGE][PASSED] - Object 'Object Repository/LogIn/span_Please enter correct emai' is present]]></system-out>
         <system-err><![CDATA[]]></system-err>
      </testcase>
      <testcase name="Test Cases/006_login_fb_loggedin" classname="Test Cases/006_login_fb_loggedin" status="PASSED">
         <system-out><![CDATA[2018-01-03 18:34:29 - [TEST_CASE][PASSED] - Test Cases/006_login_fb_loggedin: Test Cases/006_login_fb_loggedin

2018-01-03 18:34:29 - [TEST_STEP][PASSED] - openBrowser: Browser is opened with url: ''

2018-01-03 18:34:31 - [MESSAGE][PASSED] - Browser is opened with url: ''

2018-01-03 18:34:31 - [TEST_STEP][PASSED] - navigateToUrl: Navigate to 'https://www.facebook.com/' successfully

2018-01-03 18:34:33 - [MESSAGE][PASSED] - Navigate to 'https://www.facebook.com/' successfully

2018-01-03 18:34:33 - [TEST_STEP][PASSED] - setText: Text 'kevin.ang@oddle.me' is set on object 'Object Repository/LogIn/input_email_fbpage'

2018-01-03 18:34:33 - [MESSAGE][PASSED] - Text 'kevin.ang@oddle.me' is set on object 'Object Repository/LogIn/input_email_fbpage'

2018-01-03 18:34:33 - [TEST_STEP][PASSED] - setText: Text 'puToNtaB_1' is set on object 'Object Repository/LogIn/input_pass_fbpage'

2018-01-03 18:34:33 - [MESSAGE][PASSED] - Text 'puToNtaB_1' is set on object 'Object Repository/LogIn/input_pass_fbpage'

2018-01-03 18:34:33 - [TEST_STEP][PASSED] - click: Object: 'Object Repository/LogIn/input_login_fbpage' is clicked on

2018-01-03 18:34:36 - [MESSAGE][PASSED] - Object: 'Object Repository/LogIn/input_login_fbpage' is clicked on

2018-01-03 18:34:36 - [TEST_STEP][PASSED] - delay: Delayed 3 second(s)

2018-01-03 18:34:39 - [MESSAGE][PASSED] - Delayed 3 second(s)

2018-01-03 18:34:39 - [TEST_STEP][PASSED] - navigateToUrl: Navigate to 'http://mcdonaldstest.staging.oddle.co' successfully

2018-01-03 18:34:42 - [MESSAGE][PASSED] - Navigate to 'http://mcdonaldstest.staging.oddle.co' successfully

2018-01-03 18:34:42 - [TEST_STEP][PASSED] - click: Object: 'Object Repository/LogIn/div_Log in' is clicked on

2018-01-03 18:34:42 - [MESSAGE][PASSED] - Object: 'Object Repository/LogIn/div_Log in' is clicked on

2018-01-03 18:34:42 - [TEST_STEP][PASSED] - delay: Delayed 3 second(s)

2018-01-03 18:34:45 - [MESSAGE][PASSED] - Delayed 3 second(s)

2018-01-03 18:34:45 - [TEST_STEP][PASSED] - scrollToElement: Scroll to object 'Object Repository/LogIn/span_Login with Facebook' successfully

2018-01-03 18:34:45 - [MESSAGE][WARNING] - Timeout '0' is invalid. Using default page load timeout: '5'

2018-01-03 18:34:45 - [MESSAGE][PASSED] - Scroll to object 'Object Repository/LogIn/span_Login with Facebook' successfully

2018-01-03 18:34:45 - [TEST_STEP][PASSED] - click: Object: 'Object Repository/LogIn/span_Login with Facebook' is clicked on

2018-01-03 18:34:45 - [MESSAGE][PASSED] - Object: 'Object Repository/LogIn/span_Login with Facebook' is clicked on

2018-01-03 18:34:45 - [TEST_STEP][PASSED] - delay: Delayed 3 second(s)

2018-01-03 18:34:48 - [MESSAGE][PASSED] - Delayed 3 second(s)

2018-01-03 18:34:48 - [TEST_STEP][PASSED] - autoKeywords.verifyLoggedIn.verifyLogged: autoKeywords.verifyLoggedIn.verifyLogged is PASSED

2018-01-03 18:34:48 - [MESSAGE][PASSED] - Text of object 'Object Repository/LogIn/div_Hi user' is: 'Hi, Kevin'

2018-01-03 18:34:48 - [MESSAGE][PASSED] - Actual text 'Hi, Kevin' and expected text 'Log In' are not matched 

2018-01-03 18:34:48 - [MESSAGE][PASSED] - autoKeywords.verifyLoggedIn.verifyLogged is PASSED]]></system-out>
         <system-err><![CDATA[]]></system-err>
      </testcase>
      <testcase name="Test Cases/007_login_fb_notloggedin" classname="Test Cases/007_login_fb_notloggedin" status="PASSED">
         <system-out><![CDATA[2018-01-03 18:34:49 - [TEST_CASE][PASSED] - Test Cases/007_login_fb_notloggedin: Test Cases/007_login_fb_notloggedin

2018-01-03 18:34:49 - [TEST_STEP][PASSED] - openBrowser: Browser is opened with url: ''

2018-01-03 18:34:51 - [MESSAGE][PASSED] - Browser is opened with url: ''

2018-01-03 18:34:51 - [TEST_STEP][PASSED] - navigateToUrl: Navigate to 'http://mcdonaldstest.staging.oddle.co' successfully

2018-01-03 18:34:54 - [MESSAGE][PASSED] - Navigate to 'http://mcdonaldstest.staging.oddle.co' successfully

2018-01-03 18:34:54 - [TEST_STEP][PASSED] - click: Object: 'Object Repository/LogIn/div_Log in' is clicked on

2018-01-03 18:34:54 - [MESSAGE][PASSED] - Object: 'Object Repository/LogIn/div_Log in' is clicked on

2018-01-03 18:34:54 - [TEST_STEP][PASSED] - delay: Delayed 3 second(s)

2018-01-03 18:34:57 - [MESSAGE][PASSED] - Delayed 3 second(s)

2018-01-03 18:34:57 - [TEST_STEP][PASSED] - scrollToElement: Scroll to object 'Object Repository/LogIn/span_Login with Facebook' successfully

2018-01-03 18:34:57 - [MESSAGE][WARNING] - Timeout '0' is invalid. Using default page load timeout: '5'

2018-01-03 18:34:57 - [MESSAGE][PASSED] - Scroll to object 'Object Repository/LogIn/span_Login with Facebook' successfully

2018-01-03 18:34:57 - [TEST_STEP][PASSED] - click: Object: 'Object Repository/LogIn/span_Login with Facebook' is clicked on

2018-01-03 18:34:58 - [MESSAGE][PASSED] - Object: 'Object Repository/LogIn/span_Login with Facebook' is clicked on

2018-01-03 18:34:58 - [TEST_STEP][PASSED] - delay: Delayed 3 second(s)

2018-01-03 18:35:01 - [MESSAGE][PASSED] - Delayed 3 second(s)

2018-01-03 18:35:01 - [TEST_STEP][PASSED] - switchToWindowTitle: Switched to window with title: 'Facebook'

2018-01-03 18:35:02 - [MESSAGE][PASSED] - Switched to window with title: 'Facebook'

2018-01-03 18:35:02 - [TEST_STEP][PASSED] - setText: Text 'kevin.ang@oddle.me' is set on object 'Object Repository/LogIn/input_email_fb'

2018-01-03 18:35:02 - [MESSAGE][PASSED] - Text 'kevin.ang@oddle.me' is set on object 'Object Repository/LogIn/input_email_fb'

2018-01-03 18:35:02 - [TEST_STEP][PASSED] - setText: Text 'puToNtaB_1' is set on object 'Object Repository/LogIn/input_pass_fb'

2018-01-03 18:35:02 - [MESSAGE][PASSED] - Text 'puToNtaB_1' is set on object 'Object Repository/LogIn/input_pass_fb'

2018-01-03 18:35:02 - [TEST_STEP][PASSED] - click: Object: 'Object Repository/LogIn/label_loginbutton' is clicked on

2018-01-03 18:35:04 - [MESSAGE][PASSED] - Object: 'Object Repository/LogIn/label_loginbutton' is clicked on

2018-01-03 18:35:04 - [TEST_STEP][PASSED] - delay: Delayed 3 second(s)

2018-01-03 18:35:07 - [MESSAGE][PASSED] - Delayed 3 second(s)

2018-01-03 18:35:07 - [TEST_STEP][PASSED] - switchToDefaultContent: Switching to default content

2018-01-03 18:35:08 - [TEST_STEP][PASSED] - autoKeywords.verifyLoggedIn.verifyLogged: autoKeywords.verifyLoggedIn.verifyLogged is PASSED

2018-01-03 18:35:08 - [MESSAGE][PASSED] - Text of object 'Object Repository/LogIn/div_Hi user' is: 'Hi, Kevin'

2018-01-03 18:35:08 - [MESSAGE][PASSED] - Actual text 'Hi, Kevin' and expected text 'Log In' are not matched 

2018-01-03 18:35:08 - [MESSAGE][PASSED] - autoKeywords.verifyLoggedIn.verifyLogged is PASSED]]></system-out>
         <system-err><![CDATA[]]></system-err>
      </testcase>
      <testcase name="Test Cases/008_login_fb_wrongpw" classname="Test Cases/008_login_fb_wrongpw" status="PASSED">
         <system-out><![CDATA[2018-01-03 18:35:09 - [TEST_CASE][PASSED] - Test Cases/008_login_fb_wrongpw: Test Cases/008_login_fb_wrongpw

2018-01-03 18:35:09 - [TEST_STEP][PASSED] - openBrowser: Browser is opened with url: ''

2018-01-03 18:35:11 - [MESSAGE][PASSED] - Browser is opened with url: ''

2018-01-03 18:35:11 - [TEST_STEP][PASSED] - navigateToUrl: Navigate to 'http://mcdonaldstest.staging.oddle.co' successfully

2018-01-03 18:35:13 - [MESSAGE][PASSED] - Navigate to 'http://mcdonaldstest.staging.oddle.co' successfully

2018-01-03 18:35:13 - [TEST_STEP][PASSED] - click: Object: 'Object Repository/LogIn/div_Log in' is clicked on

2018-01-03 18:35:13 - [MESSAGE][PASSED] - Object: 'Object Repository/LogIn/div_Log in' is clicked on

2018-01-03 18:35:13 - [TEST_STEP][PASSED] - delay: Delayed 3 second(s)

2018-01-03 18:35:16 - [MESSAGE][PASSED] - Delayed 3 second(s)

2018-01-03 18:35:16 - [TEST_STEP][PASSED] - scrollToElement: Scroll to object 'Object Repository/LogIn/span_Login with Facebook' successfully

2018-01-03 18:35:17 - [MESSAGE][WARNING] - Timeout '0' is invalid. Using default page load timeout: '5'

2018-01-03 18:35:17 - [MESSAGE][PASSED] - Scroll to object 'Object Repository/LogIn/span_Login with Facebook' successfully

2018-01-03 18:35:17 - [TEST_STEP][PASSED] - click: Object: 'Object Repository/LogIn/span_Login with Facebook' is clicked on

2018-01-03 18:35:17 - [MESSAGE][PASSED] - Object: 'Object Repository/LogIn/span_Login with Facebook' is clicked on

2018-01-03 18:35:17 - [TEST_STEP][PASSED] - delay: Delayed 3 second(s)

2018-01-03 18:35:20 - [MESSAGE][PASSED] - Delayed 3 second(s)

2018-01-03 18:35:20 - [TEST_STEP][PASSED] - switchToWindowTitle: Switched to window with title: 'Facebook'

2018-01-03 18:35:21 - [MESSAGE][PASSED] - Switched to window with title: 'Facebook'

2018-01-03 18:35:21 - [TEST_STEP][PASSED] - setText: Text 'kevin.ang@oddle.me' is set on object 'Object Repository/LogIn/input_email_fb'

2018-01-03 18:35:21 - [MESSAGE][PASSED] - Text 'kevin.ang@oddle.me' is set on object 'Object Repository/LogIn/input_email_fb'

2018-01-03 18:35:21 - [TEST_STEP][PASSED] - setText: Text 'wrongpassword' is set on object 'Object Repository/LogIn/input_pass_fb'

2018-01-03 18:35:21 - [MESSAGE][PASSED] - Text 'wrongpassword' is set on object 'Object Repository/LogIn/input_pass_fb'

2018-01-03 18:35:21 - [TEST_STEP][PASSED] - click: Object: 'Object Repository/LogIn/label_loginbutton' is clicked on

2018-01-03 18:35:23 - [MESSAGE][PASSED] - Object: 'Object Repository/LogIn/label_loginbutton' is clicked on

2018-01-03 18:35:23 - [TEST_STEP][PASSED] - delay: Delayed 1 second(s)

2018-01-03 18:35:24 - [MESSAGE][PASSED] - Delayed 1 second(s)

2018-01-03 18:35:24 - [TEST_STEP][PASSED] - verifyElementPresent: Object 'Object Repository/LogIn/div_error_box' is present

2018-01-03 18:35:24 - [MESSAGE][WARNING] - Timeout '0' is invalid. Using default page load timeout: '5'

2018-01-03 18:35:25 - [MESSAGE][PASSED] - Object 'Object Repository/LogIn/div_error_box' is present]]></system-out>
         <system-err><![CDATA[]]></system-err>
      </testcase>
      <testcase name="Test Cases/009_logout" classname="Test Cases/009_logout" status="PASSED">
         <system-out><![CDATA[2018-01-03 18:35:25 - [TEST_CASE][PASSED] - Test Cases/009_logout: Test Cases/009_logout

2018-01-03 18:35:25 - [TEST_STEP][PASSED] - callTestCase: Call Test Case 'Test Cases/001_login_email_successful' successfully

2018-01-03 18:35:26 - [TEST_CASE][PASSED] - Test Cases/001_login_email_successful: Test Cases/001_login_email_successful

2018-01-03 18:35:26 - [TEST_STEP][PASSED] - openBrowser: Browser is opened with url: ''

2018-01-03 18:35:34 - [MESSAGE][PASSED] - Browser is opened with url: ''

2018-01-03 18:35:34 - [TEST_STEP][PASSED] - navigateToUrl: Navigate to 'http://mcdonaldstest.staging.oddle.co' successfully

2018-01-03 18:35:37 - [MESSAGE][PASSED] - Navigate to 'http://mcdonaldstest.staging.oddle.co' successfully

2018-01-03 18:35:37 - [TEST_STEP][PASSED] - click: Object: 'Object Repository/LogIn/div_Log in' is clicked on

2018-01-03 18:35:37 - [MESSAGE][PASSED] - Object: 'Object Repository/LogIn/div_Log in' is clicked on

2018-01-03 18:35:37 - [TEST_STEP][PASSED] - setText: Text 'kevin.ang@oddle.me' is set on object 'Object Repository/LogIn/input_email'

2018-01-03 18:35:39 - [MESSAGE][PASSED] - Text 'kevin.ang@oddle.me' is set on object 'Object Repository/LogIn/input_email'

2018-01-03 18:35:39 - [TEST_STEP][PASSED] - setText: Text '0ddleatw' is set on object 'Object Repository/LogIn/input_password'

2018-01-03 18:35:39 - [MESSAGE][PASSED] - Text '0ddleatw' is set on object 'Object Repository/LogIn/input_password'

2018-01-03 18:35:39 - [TEST_STEP][PASSED] - click: Object: 'Object Repository/LogIn/button_Login' is clicked on

2018-01-03 18:35:39 - [MESSAGE][PASSED] - Object: 'Object Repository/LogIn/button_Login' is clicked on

2018-01-03 18:35:39 - [TEST_STEP][PASSED] - delay: Delayed 3 second(s)

2018-01-03 18:35:42 - [MESSAGE][PASSED] - Delayed 3 second(s)

2018-01-03 18:35:42 - [TEST_STEP][PASSED] - autoKeywords.verifyLoggedIn.verifyLogged: autoKeywords.verifyLoggedIn.verifyLogged is PASSED

2018-01-03 18:35:42 - [MESSAGE][PASSED] - Text of object 'Object Repository/LogIn/div_Hi user' is: 'Hi, John'

2018-01-03 18:35:42 - [MESSAGE][PASSED] - Actual text 'Hi, John' and expected text 'Log In' are not matched 

2018-01-03 18:35:42 - [MESSAGE][PASSED] - autoKeywords.verifyLoggedIn.verifyLogged is PASSED

2018-01-03 18:35:42 - [MESSAGE][PASSED] - Call Test Case 'Test Cases/001_login_email_successful' successfully

2018-01-03 18:35:42 - [TEST_STEP][PASSED] - delay: Delayed 1 second(s)

2018-01-03 18:35:43 - [MESSAGE][PASSED] - Delayed 1 second(s)

2018-01-03 18:35:43 - [TEST_STEP][PASSED] - click: Object: 'Object Repository/LogIn/div_Hi user' is clicked on

2018-01-03 18:35:43 - [MESSAGE][PASSED] - Object: 'Object Repository/LogIn/div_Hi user' is clicked on

2018-01-03 18:35:43 - [TEST_STEP][PASSED] - delay: Delayed 1 second(s)

2018-01-03 18:35:44 - [MESSAGE][PASSED] - Delayed 1 second(s)

2018-01-03 18:35:44 - [TEST_STEP][PASSED] - click: Object: 'Object Repository/LogIn/a_Sign out' is clicked on

2018-01-03 18:35:45 - [MESSAGE][PASSED] - Object: 'Object Repository/LogIn/a_Sign out' is clicked on

2018-01-03 18:35:45 - [TEST_STEP][PASSED] - delay: Delayed 1 second(s)

2018-01-03 18:35:46 - [MESSAGE][PASSED] - Delayed 1 second(s)

2018-01-03 18:35:46 - [TEST_STEP][PASSED] - click: Object: 'Object Repository/Account/button_Sign Out' is clicked on

2018-01-03 18:35:46 - [MESSAGE][PASSED] - Object: 'Object Repository/Account/button_Sign Out' is clicked on

2018-01-03 18:35:46 - [TEST_STEP][PASSED] - delay: Delayed 1 second(s)

2018-01-03 18:35:47 - [MESSAGE][PASSED] - Delayed 1 second(s)

2018-01-03 18:35:47 - [TEST_STEP][PASSED] - autoKeywords.verifyLoggedOut.verifyNotLogged: autoKeywords.verifyLoggedOut.verifyNotLogged is PASSED

2018-01-03 18:35:47 - [MESSAGE][WARNING] - Timeout '0' is invalid. Using default page load timeout: '5'

2018-01-03 18:35:47 - [MESSAGE][PASSED] - Object 'Object Repository/LogIn/div_Log in' is present

2018-01-03 18:35:47 - [MESSAGE][PASSED] - autoKeywords.verifyLoggedOut.verifyNotLogged is PASSED]]></system-out>
         <system-err><![CDATA[]]></system-err>
      </testcase>
      <system-out><![CDATA[2018-01-03 18:33:28 - [TEST_SUITE][PASSED] - login_logout: Test Cases/009_logout]]></system-out>
      <system-err><![CDATA[]]></system-err>
   </testsuite>
</testsuites>
