<?xml version="1.0" encoding="UTF-8"?>
<testsuites name="login_logout" time="121" tests="9" failures="0" errors="0">
   <testsuite name="login_logout" tests="9" failures="0" errors="0" time="121" timestamp="2017-12-28 11:57:38" hostname="Ang - DESKTOP-JMN7MR3" id="Test Suites/login_logout">
      <properties>
         <property name="deviceName" value=""/>
         <property name="devicePlatform" value=""/>
         <property name="logFolder" value="C:\\Users\\Ang\\git\\oddle-automa\\Reports\\login_logout\\20171228_115730"/>
         <property name="logFiles" value="C:\\Users\\Ang\\git\\oddle-automa\\Reports\\login_logout\\20171228_115730\\execution0.log"/>
         <property name="attachments" value=""/>
         <property name="hostName" value="Ang - DESKTOP-JMN7MR3"/>
         <property name="os" value="Windows 10 64bit"/>
         <property name="katalonVersion" value="5.2.0.1"/>
         <property name="browser" value="Chrome 63.0.3239.84"/>
         <property name="hostAddress" value="192.168.126.1"/>
         <property name="sessionId" value="ffc35575543a7eef0d75a022aaef329e"/>
         <property name="seleniumVersion" value="3.7.1"/>
         <property name="proxyInformation" value="ProxyInformation{proxyOption=NO_PROXY, proxyServerType=HTTP, password=, proxyServerAddress=, proxyServerPort=0}"/>
         <property name="platform" value="Windows 10"/>
      </properties>
      <testcase name="Test Cases/001_login_email_successful" classname="Test Cases/001_login_email_successful" status="PASSED">
         <system-out><![CDATA[2017-12-28 11:57:38 - [TEST_CASE][PASSED] - Test Cases/001_login_email_successful: Test Cases/001_login_email_successful

2017-12-28 11:57:39 - [TEST_STEP][PASSED] - openBrowser: Browser is opened with url: ''

2017-12-28 11:57:43 - [MESSAGE][PASSED] - Browser is opened with url: ''

2017-12-28 11:57:43 - [TEST_STEP][PASSED] - navigateToUrl: Navigate to 'http://mcdonaldstest.staging.oddle.co/en_SG' successfully

2017-12-28 11:57:45 - [MESSAGE][PASSED] - Navigate to 'http://mcdonaldstest.staging.oddle.co/en_SG' successfully

2017-12-28 11:57:45 - [TEST_STEP][PASSED] - click: Object: 'Object Repository/LogIn/div_Log in' is clicked on

2017-12-28 11:57:45 - [MESSAGE][PASSED] - Object: 'Object Repository/LogIn/div_Log in' is clicked on

2017-12-28 11:57:45 - [TEST_STEP][PASSED] - setText: Text 'kevin.ang@oddle.me' is set on object 'Object Repository/LogIn/input_email'

2017-12-28 11:57:47 - [MESSAGE][PASSED] - Text 'kevin.ang@oddle.me' is set on object 'Object Repository/LogIn/input_email'

2017-12-28 11:57:47 - [TEST_STEP][PASSED] - setText: Text '0ddleatw' is set on object 'Object Repository/LogIn/input_password'

2017-12-28 11:57:47 - [MESSAGE][PASSED] - Text '0ddleatw' is set on object 'Object Repository/LogIn/input_password'

2017-12-28 11:57:47 - [TEST_STEP][PASSED] - click: Object: 'Object Repository/LogIn/button_Login' is clicked on

2017-12-28 11:57:47 - [MESSAGE][PASSED] - Object: 'Object Repository/LogIn/button_Login' is clicked on

2017-12-28 11:57:47 - [TEST_STEP][PASSED] - delay: Delayed 3 second(s)

2017-12-28 11:57:50 - [MESSAGE][PASSED] - Delayed 3 second(s)

2017-12-28 11:57:50 - [TEST_STEP][PASSED] - verifyElementText: Actual text and expected text of test object 'Object Repository/LogIn/div_Hi John' are matched.

2017-12-28 11:57:50 - [MESSAGE][PASSED] - Actual text and expected text of test object 'Object Repository/LogIn/div_Hi John' are matched.]]></system-out>
         <system-err><![CDATA[]]></system-err>
      </testcase>
      <testcase name="Test Cases/002_login_email_wrongpw" classname="Test Cases/002_login_email_wrongpw" status="PASSED">
         <system-out><![CDATA[2017-12-28 11:57:51 - [TEST_CASE][PASSED] - Test Cases/002_login_email_wrongpw: Test Cases/002_login_email_wrongpw

2017-12-28 11:57:51 - [TEST_STEP][PASSED] - openBrowser: Browser is opened with url: ''

2017-12-28 11:57:53 - [MESSAGE][PASSED] - Browser is opened with url: ''

2017-12-28 11:57:53 - [TEST_STEP][PASSED] - navigateToUrl: Navigate to 'http://mcdonaldstest.staging.oddle.co/en_SG' successfully

2017-12-28 11:57:55 - [MESSAGE][PASSED] - Navigate to 'http://mcdonaldstest.staging.oddle.co/en_SG' successfully

2017-12-28 11:57:55 - [TEST_STEP][PASSED] - click: Object: 'Object Repository/LogIn/div_Log in' is clicked on

2017-12-28 11:57:56 - [MESSAGE][PASSED] - Object: 'Object Repository/LogIn/div_Log in' is clicked on

2017-12-28 11:57:56 - [TEST_STEP][PASSED] - setText: Text 'kevin.ang@oddle.me' is set on object 'Object Repository/LogIn/input_email'

2017-12-28 11:57:57 - [MESSAGE][PASSED] - Text 'kevin.ang@oddle.me' is set on object 'Object Repository/LogIn/input_email'

2017-12-28 11:57:57 - [TEST_STEP][PASSED] - setText: Text 'wrongpassword' is set on object 'Object Repository/LogIn/input_password'

2017-12-28 11:57:57 - [MESSAGE][PASSED] - Text 'wrongpassword' is set on object 'Object Repository/LogIn/input_password'

2017-12-28 11:57:57 - [TEST_STEP][PASSED] - click: Object: 'Object Repository/LogIn/button_Login' is clicked on

2017-12-28 11:57:57 - [MESSAGE][PASSED] - Object: 'Object Repository/LogIn/button_Login' is clicked on

2017-12-28 11:57:57 - [TEST_STEP][PASSED] - delay: Delayed 3 second(s)

2017-12-28 11:58:00 - [MESSAGE][PASSED] - Delayed 3 second(s)

2017-12-28 11:58:00 - [TEST_STEP][PASSED] - verifyElementText: Actual text and expected text of test object 'Object Repository/LogIn/div_login_credentials_invalid' are matched.

2017-12-28 11:58:00 - [MESSAGE][PASSED] - Actual text and expected text of test object 'Object Repository/LogIn/div_login_credentials_invalid' are matched.]]></system-out>
         <system-err><![CDATA[]]></system-err>
      </testcase>
      <testcase name="Test Cases/003_login_email_wrongpwformat" classname="Test Cases/003_login_email_wrongpwformat" status="PASSED">
         <system-out><![CDATA[2017-12-28 11:58:01 - [TEST_CASE][PASSED] - Test Cases/003_login_email_wrongpwformat: Test Cases/003_login_email_wrongpwformat

2017-12-28 11:58:01 - [TEST_STEP][PASSED] - openBrowser: Browser is opened with url: ''

2017-12-28 11:58:03 - [MESSAGE][PASSED] - Browser is opened with url: ''

2017-12-28 11:58:03 - [TEST_STEP][PASSED] - navigateToUrl: Navigate to 'http://mcdonaldstest.staging.oddle.co/en_SG' successfully

2017-12-28 11:58:05 - [MESSAGE][PASSED] - Navigate to 'http://mcdonaldstest.staging.oddle.co/en_SG' successfully

2017-12-28 11:58:05 - [TEST_STEP][PASSED] - click: Object: 'Object Repository/LogIn/div_Log in' is clicked on

2017-12-28 11:58:06 - [MESSAGE][PASSED] - Object: 'Object Repository/LogIn/div_Log in' is clicked on

2017-12-28 11:58:06 - [TEST_STEP][PASSED] - setText: Text 'kevin.ang@oddle.me' is set on object 'Object Repository/LogIn/input_email'

2017-12-28 11:58:07 - [MESSAGE][PASSED] - Text 'kevin.ang@oddle.me' is set on object 'Object Repository/LogIn/input_email'

2017-12-28 11:58:07 - [TEST_STEP][PASSED] - setText: Text 'wrongft' is set on object 'Object Repository/LogIn/input_password'

2017-12-28 11:58:08 - [MESSAGE][PASSED] - Text 'wrongft' is set on object 'Object Repository/LogIn/input_password'

2017-12-28 11:58:08 - [TEST_STEP][PASSED] - click: Object: 'Object Repository/LogIn/button_Login' is clicked on

2017-12-28 11:58:08 - [MESSAGE][PASSED] - Object: 'Object Repository/LogIn/button_Login' is clicked on

2017-12-28 11:58:08 - [TEST_STEP][PASSED] - delay: Delayed 3 second(s)

2017-12-28 11:58:11 - [MESSAGE][PASSED] - Delayed 3 second(s)

2017-12-28 11:58:11 - [TEST_STEP][PASSED] - verifyElementText: Actual text and expected text of test object 'Object Repository/LogIn/span_Password should be at lea' are matched.

2017-12-28 11:58:11 - [MESSAGE][PASSED] - Actual text and expected text of test object 'Object Repository/LogIn/span_Password should be at lea' are matched.]]></system-out>
         <system-err><![CDATA[]]></system-err>
      </testcase>
      <testcase name="Test Cases/004_login_email_wrongemail" classname="Test Cases/004_login_email_wrongemail" status="PASSED">
         <system-out><![CDATA[2017-12-28 11:58:12 - [TEST_CASE][PASSED] - Test Cases/004_login_email_wrongemail: Test Cases/004_login_email_wrongemail

2017-12-28 11:58:12 - [TEST_STEP][PASSED] - openBrowser: Browser is opened with url: ''

2017-12-28 11:58:14 - [MESSAGE][PASSED] - Browser is opened with url: ''

2017-12-28 11:58:14 - [TEST_STEP][PASSED] - navigateToUrl: Navigate to 'http://mcdonaldstest.staging.oddle.co/en_SG' successfully

2017-12-28 11:58:16 - [MESSAGE][PASSED] - Navigate to 'http://mcdonaldstest.staging.oddle.co/en_SG' successfully

2017-12-28 11:58:16 - [TEST_STEP][PASSED] - click: Object: 'Object Repository/LogIn/div_Log in' is clicked on

2017-12-28 11:58:16 - [MESSAGE][PASSED] - Object: 'Object Repository/LogIn/div_Log in' is clicked on

2017-12-28 11:58:16 - [TEST_STEP][PASSED] - setText: Text 'unusedemail@changethis.ifused' is set on object 'Object Repository/LogIn/input_email'

2017-12-28 11:58:17 - [MESSAGE][PASSED] - Text 'unusedemail@changethis.ifused' is set on object 'Object Repository/LogIn/input_email'

2017-12-28 11:58:17 - [TEST_STEP][PASSED] - setText: Text 'notimportant' is set on object 'Object Repository/LogIn/input_password'

2017-12-28 11:58:18 - [MESSAGE][PASSED] - Text 'notimportant' is set on object 'Object Repository/LogIn/input_password'

2017-12-28 11:58:18 - [TEST_STEP][PASSED] - click: Object: 'Object Repository/LogIn/button_Login' is clicked on

2017-12-28 11:58:18 - [MESSAGE][PASSED] - Object: 'Object Repository/LogIn/button_Login' is clicked on

2017-12-28 11:58:18 - [TEST_STEP][PASSED] - delay: Delayed 3 second(s)

2017-12-28 11:58:21 - [MESSAGE][PASSED] - Delayed 3 second(s)

2017-12-28 11:58:21 - [TEST_STEP][PASSED] - verifyElementText: Actual text and expected text of test object 'Object Repository/LogIn/div_login_credentials_invalid' are matched.

2017-12-28 11:58:21 - [MESSAGE][PASSED] - Actual text and expected text of test object 'Object Repository/LogIn/div_login_credentials_invalid' are matched.]]></system-out>
         <system-err><![CDATA[]]></system-err>
      </testcase>
      <testcase name="Test Cases/005_login_email_wrongemailformat" classname="Test Cases/005_login_email_wrongemailformat" status="PASSED">
         <system-out><![CDATA[2017-12-28 11:58:22 - [TEST_CASE][PASSED] - Test Cases/005_login_email_wrongemailformat: Test Cases/005_login_email_wrongemailformat

2017-12-28 11:58:22 - [TEST_STEP][PASSED] - openBrowser: Browser is opened with url: ''

2017-12-28 11:58:24 - [MESSAGE][PASSED] - Browser is opened with url: ''

2017-12-28 11:58:24 - [TEST_STEP][PASSED] - navigateToUrl: Navigate to 'http://mcdonaldstest.staging.oddle.co/en_SG' successfully

2017-12-28 11:58:25 - [MESSAGE][PASSED] - Navigate to 'http://mcdonaldstest.staging.oddle.co/en_SG' successfully

2017-12-28 11:58:25 - [TEST_STEP][PASSED] - click: Object: 'Object Repository/LogIn/div_Log in' is clicked on

2017-12-28 11:58:26 - [MESSAGE][PASSED] - Object: 'Object Repository/LogIn/div_Log in' is clicked on

2017-12-28 11:58:26 - [TEST_STEP][PASSED] - setText: Text 'wrongemailformat' is set on object 'Object Repository/LogIn/input_email'

2017-12-28 11:58:27 - [MESSAGE][PASSED] - Text 'wrongemailformat' is set on object 'Object Repository/LogIn/input_email'

2017-12-28 11:58:27 - [TEST_STEP][PASSED] - setText: Text 'notimportant' is set on object 'Object Repository/LogIn/input_password'

2017-12-28 11:58:28 - [MESSAGE][PASSED] - Text 'notimportant' is set on object 'Object Repository/LogIn/input_password'

2017-12-28 11:58:28 - [TEST_STEP][PASSED] - click: Object: 'Object Repository/LogIn/button_Login' is clicked on

2017-12-28 11:58:28 - [MESSAGE][PASSED] - Object: 'Object Repository/LogIn/button_Login' is clicked on

2017-12-28 11:58:28 - [TEST_STEP][PASSED] - delay: Delayed 3 second(s)

2017-12-28 11:58:31 - [MESSAGE][PASSED] - Delayed 3 second(s)

2017-12-28 11:58:31 - [TEST_STEP][PASSED] - verifyElementText: Actual text and expected text of test object 'Object Repository/LogIn/span_Please enter correct emai' are matched.

2017-12-28 11:58:31 - [MESSAGE][PASSED] - Actual text and expected text of test object 'Object Repository/LogIn/span_Please enter correct emai' are matched.]]></system-out>
         <system-err><![CDATA[]]></system-err>
      </testcase>
      <testcase name="Test Cases/006_login_fb_loggedin" classname="Test Cases/006_login_fb_loggedin" status="PASSED">
         <system-out><![CDATA[2017-12-28 11:58:32 - [TEST_CASE][PASSED] - Test Cases/006_login_fb_loggedin: Test Cases/006_login_fb_loggedin

2017-12-28 11:58:32 - [TEST_STEP][PASSED] - openBrowser: Browser is opened with url: ''

2017-12-28 11:58:34 - [MESSAGE][PASSED] - Browser is opened with url: ''

2017-12-28 11:58:34 - [TEST_STEP][PASSED] - navigateToUrl: Navigate to 'https://www.facebook.com/' successfully

2017-12-28 11:58:35 - [MESSAGE][PASSED] - Navigate to 'https://www.facebook.com/' successfully

2017-12-28 11:58:35 - [TEST_STEP][PASSED] - setText: Text 'kevin.ang@oddle.me' is set on object 'Object Repository/LogIn/input_email_fbpage'

2017-12-28 11:58:36 - [MESSAGE][PASSED] - Text 'kevin.ang@oddle.me' is set on object 'Object Repository/LogIn/input_email_fbpage'

2017-12-28 11:58:36 - [TEST_STEP][PASSED] - setText: Text 'puToNtaB_1' is set on object 'Object Repository/LogIn/input_pass_fbpage'

2017-12-28 11:58:36 - [MESSAGE][PASSED] - Text 'puToNtaB_1' is set on object 'Object Repository/LogIn/input_pass_fbpage'

2017-12-28 11:58:36 - [TEST_STEP][PASSED] - click: Object: 'Object Repository/LogIn/input_login_fbpage' is clicked on

2017-12-28 11:58:38 - [MESSAGE][PASSED] - Object: 'Object Repository/LogIn/input_login_fbpage' is clicked on

2017-12-28 11:58:38 - [TEST_STEP][PASSED] - delay: Delayed 3 second(s)

2017-12-28 11:58:41 - [MESSAGE][PASSED] - Delayed 3 second(s)

2017-12-28 11:58:41 - [TEST_STEP][PASSED] - navigateToUrl: Navigate to 'http://mcdonaldstest.staging.oddle.co/en_SG' successfully

2017-12-28 11:58:43 - [MESSAGE][PASSED] - Navigate to 'http://mcdonaldstest.staging.oddle.co/en_SG' successfully

2017-12-28 11:58:43 - [TEST_STEP][PASSED] - click: Object: 'Object Repository/LogIn/div_Log in' is clicked on

2017-12-28 11:58:44 - [MESSAGE][PASSED] - Object: 'Object Repository/LogIn/div_Log in' is clicked on

2017-12-28 11:58:44 - [TEST_STEP][PASSED] - delay: Delayed 3 second(s)

2017-12-28 11:58:47 - [MESSAGE][PASSED] - Delayed 3 second(s)

2017-12-28 11:58:47 - [TEST_STEP][PASSED] - scrollToElement: Scroll to object 'Object Repository/LogIn/span_Login with Facebook' successfully

2017-12-28 11:58:47 - [MESSAGE][WARNING] - Timeout '0' is invalid. Using default page load timeout: '5'

2017-12-28 11:58:47 - [MESSAGE][PASSED] - Scroll to object 'Object Repository/LogIn/span_Login with Facebook' successfully

2017-12-28 11:58:47 - [TEST_STEP][PASSED] - click: Object: 'Object Repository/LogIn/span_Login with Facebook' is clicked on

2017-12-28 11:58:47 - [MESSAGE][PASSED] - Object: 'Object Repository/LogIn/span_Login with Facebook' is clicked on

2017-12-28 11:58:47 - [TEST_STEP][PASSED] - delay: Delayed 3 second(s)

2017-12-28 11:58:50 - [MESSAGE][PASSED] - Delayed 3 second(s)

2017-12-28 11:58:50 - [TEST_STEP][PASSED] - verifyElementText: Actual text and expected text of test object 'Object Repository/LogIn/div_Hi Kevin' are matched.

2017-12-28 11:58:50 - [MESSAGE][PASSED] - Actual text and expected text of test object 'Object Repository/LogIn/div_Hi Kevin' are matched.]]></system-out>
         <system-err><![CDATA[]]></system-err>
      </testcase>
      <testcase name="Test Cases/007_login_fb_notloggedin" classname="Test Cases/007_login_fb_notloggedin" status="PASSED">
         <system-out><![CDATA[2017-12-28 11:58:51 - [TEST_CASE][PASSED] - Test Cases/007_login_fb_notloggedin: Test Cases/007_login_fb_notloggedin

2017-12-28 11:58:51 - [TEST_STEP][PASSED] - openBrowser: Browser is opened with url: ''

2017-12-28 11:58:53 - [MESSAGE][PASSED] - Browser is opened with url: ''

2017-12-28 11:58:53 - [TEST_STEP][PASSED] - navigateToUrl: Navigate to 'http://mcdonaldstest.staging.oddle.co/en_SG' successfully

2017-12-28 11:58:55 - [MESSAGE][PASSED] - Navigate to 'http://mcdonaldstest.staging.oddle.co/en_SG' successfully

2017-12-28 11:58:55 - [TEST_STEP][PASSED] - click: Object: 'Object Repository/LogIn/div_Log in' is clicked on

2017-12-28 11:58:56 - [MESSAGE][PASSED] - Object: 'Object Repository/LogIn/div_Log in' is clicked on

2017-12-28 11:58:56 - [TEST_STEP][PASSED] - delay: Delayed 3 second(s)

2017-12-28 11:58:59 - [MESSAGE][PASSED] - Delayed 3 second(s)

2017-12-28 11:58:59 - [TEST_STEP][PASSED] - scrollToElement: Scroll to object 'Object Repository/LogIn/span_Login with Facebook' successfully

2017-12-28 11:58:59 - [MESSAGE][WARNING] - Timeout '0' is invalid. Using default page load timeout: '5'

2017-12-28 11:58:59 - [MESSAGE][PASSED] - Scroll to object 'Object Repository/LogIn/span_Login with Facebook' successfully

2017-12-28 11:58:59 - [TEST_STEP][PASSED] - click: Object: 'Object Repository/LogIn/span_Login with Facebook' is clicked on

2017-12-28 11:58:59 - [MESSAGE][PASSED] - Object: 'Object Repository/LogIn/span_Login with Facebook' is clicked on

2017-12-28 11:58:59 - [TEST_STEP][PASSED] - delay: Delayed 3 second(s)

2017-12-28 11:59:02 - [MESSAGE][PASSED] - Delayed 3 second(s)

2017-12-28 11:59:02 - [TEST_STEP][PASSED] - switchToWindowTitle: Switched to window with title: 'Facebook'

2017-12-28 11:59:03 - [MESSAGE][PASSED] - Switched to window with title: 'Facebook'

2017-12-28 11:59:03 - [TEST_STEP][PASSED] - setText: Text 'kevin.ang@oddle.me' is set on object 'Object Repository/LogIn/input_email_fb'

2017-12-28 11:59:03 - [MESSAGE][PASSED] - Text 'kevin.ang@oddle.me' is set on object 'Object Repository/LogIn/input_email_fb'

2017-12-28 11:59:03 - [TEST_STEP][PASSED] - setText: Text 'puToNtaB_1' is set on object 'Object Repository/LogIn/input_pass_fb'

2017-12-28 11:59:03 - [MESSAGE][PASSED] - Text 'puToNtaB_1' is set on object 'Object Repository/LogIn/input_pass_fb'

2017-12-28 11:59:03 - [TEST_STEP][PASSED] - click: Object: 'Object Repository/LogIn/label_loginbutton' is clicked on

2017-12-28 11:59:05 - [MESSAGE][PASSED] - Object: 'Object Repository/LogIn/label_loginbutton' is clicked on

2017-12-28 11:59:05 - [TEST_STEP][PASSED] - delay: Delayed 3 second(s)

2017-12-28 11:59:08 - [MESSAGE][PASSED] - Delayed 3 second(s)

2017-12-28 11:59:08 - [TEST_STEP][PASSED] - switchToDefaultContent: Switching to default content

2017-12-28 11:59:09 - [TEST_STEP][PASSED] - verifyElementText: Actual text and expected text of test object 'Object Repository/LogIn/div_Hi Kevin' are matched.

2017-12-28 11:59:09 - [MESSAGE][PASSED] - Actual text and expected text of test object 'Object Repository/LogIn/div_Hi Kevin' are matched.]]></system-out>
         <system-err><![CDATA[]]></system-err>
      </testcase>
      <testcase name="Test Cases/008_login_fb_wrongpw" classname="Test Cases/008_login_fb_wrongpw" status="PASSED">
         <system-out><![CDATA[2017-12-28 11:59:10 - [TEST_CASE][PASSED] - Test Cases/008_login_fb_wrongpw: Test Cases/008_login_fb_wrongpw

2017-12-28 11:59:10 - [TEST_STEP][PASSED] - openBrowser: Browser is opened with url: ''

2017-12-28 11:59:12 - [MESSAGE][PASSED] - Browser is opened with url: ''

2017-12-28 11:59:12 - [TEST_STEP][PASSED] - navigateToUrl: Navigate to 'http://mcdonaldstest.staging.oddle.co/en_SG' successfully

2017-12-28 11:59:13 - [MESSAGE][PASSED] - Navigate to 'http://mcdonaldstest.staging.oddle.co/en_SG' successfully

2017-12-28 11:59:13 - [TEST_STEP][PASSED] - click: Object: 'Object Repository/LogIn/div_Log in' is clicked on

2017-12-28 11:59:14 - [MESSAGE][PASSED] - Object: 'Object Repository/LogIn/div_Log in' is clicked on

2017-12-28 11:59:14 - [TEST_STEP][PASSED] - delay: Delayed 3 second(s)

2017-12-28 11:59:17 - [MESSAGE][PASSED] - Delayed 3 second(s)

2017-12-28 11:59:17 - [TEST_STEP][PASSED] - scrollToElement: Scroll to object 'Object Repository/LogIn/span_Login with Facebook' successfully

2017-12-28 11:59:17 - [MESSAGE][WARNING] - Timeout '0' is invalid. Using default page load timeout: '5'

2017-12-28 11:59:17 - [MESSAGE][PASSED] - Scroll to object 'Object Repository/LogIn/span_Login with Facebook' successfully

2017-12-28 11:59:17 - [TEST_STEP][PASSED] - click: Object: 'Object Repository/LogIn/span_Login with Facebook' is clicked on

2017-12-28 11:59:17 - [MESSAGE][PASSED] - Object: 'Object Repository/LogIn/span_Login with Facebook' is clicked on

2017-12-28 11:59:17 - [TEST_STEP][PASSED] - delay: Delayed 3 second(s)

2017-12-28 11:59:20 - [MESSAGE][PASSED] - Delayed 3 second(s)

2017-12-28 11:59:20 - [TEST_STEP][PASSED] - switchToWindowTitle: Switched to window with title: 'Facebook'

2017-12-28 11:59:21 - [MESSAGE][PASSED] - Switched to window with title: 'Facebook'

2017-12-28 11:59:21 - [TEST_STEP][PASSED] - setText: Text 'kevin.ang@oddle.me' is set on object 'Object Repository/LogIn/input_email_fb'

2017-12-28 11:59:21 - [MESSAGE][PASSED] - Text 'kevin.ang@oddle.me' is set on object 'Object Repository/LogIn/input_email_fb'

2017-12-28 11:59:21 - [TEST_STEP][PASSED] - setText: Text 'wrongpassword' is set on object 'Object Repository/LogIn/input_pass_fb'

2017-12-28 11:59:21 - [MESSAGE][PASSED] - Text 'wrongpassword' is set on object 'Object Repository/LogIn/input_pass_fb'

2017-12-28 11:59:21 - [TEST_STEP][PASSED] - click: Object: 'Object Repository/LogIn/label_loginbutton' is clicked on

2017-12-28 11:59:23 - [MESSAGE][PASSED] - Object: 'Object Repository/LogIn/label_loginbutton' is clicked on

2017-12-28 11:59:23 - [TEST_STEP][PASSED] - delay: Delayed 1 second(s)

2017-12-28 11:59:24 - [MESSAGE][PASSED] - Delayed 1 second(s)

2017-12-28 11:59:24 - [TEST_STEP][PASSED] - verifyElementPresent: Object 'Object Repository/LogIn/div_error_box' is present

2017-12-28 11:59:24 - [MESSAGE][WARNING] - Timeout '0' is invalid. Using default page load timeout: '5'

2017-12-28 11:59:24 - [MESSAGE][PASSED] - Object 'Object Repository/LogIn/div_error_box' is present]]></system-out>
         <system-err><![CDATA[]]></system-err>
      </testcase>
      <testcase name="Test Cases/009_logout" classname="Test Cases/009_logout" status="PASSED">
         <system-out><![CDATA[2017-12-28 11:59:25 - [TEST_CASE][PASSED] - Test Cases/009_logout: Test Cases/009_logout

2017-12-28 11:59:25 - [TEST_STEP][PASSED] - callTestCase: Call Test Case 'Test Cases/001_login_email_successful' successfully

2017-12-28 11:59:25 - [TEST_CASE][PASSED] - Test Cases/001_login_email_successful: Test Cases/001_login_email_successful

2017-12-28 11:59:25 - [TEST_STEP][PASSED] - openBrowser: Browser is opened with url: ''

2017-12-28 11:59:27 - [MESSAGE][PASSED] - Browser is opened with url: ''

2017-12-28 11:59:27 - [TEST_STEP][PASSED] - navigateToUrl: Navigate to 'http://mcdonaldstest.staging.oddle.co/en_SG' successfully

2017-12-28 11:59:29 - [MESSAGE][PASSED] - Navigate to 'http://mcdonaldstest.staging.oddle.co/en_SG' successfully

2017-12-28 11:59:29 - [TEST_STEP][PASSED] - click: Object: 'Object Repository/LogIn/div_Log in' is clicked on

2017-12-28 11:59:30 - [MESSAGE][PASSED] - Object: 'Object Repository/LogIn/div_Log in' is clicked on

2017-12-28 11:59:30 - [TEST_STEP][PASSED] - setText: Text 'kevin.ang@oddle.me' is set on object 'Object Repository/LogIn/input_email'

2017-12-28 11:59:31 - [MESSAGE][PASSED] - Text 'kevin.ang@oddle.me' is set on object 'Object Repository/LogIn/input_email'

2017-12-28 11:59:31 - [TEST_STEP][PASSED] - setText: Text '0ddleatw' is set on object 'Object Repository/LogIn/input_password'

2017-12-28 11:59:31 - [MESSAGE][PASSED] - Text '0ddleatw' is set on object 'Object Repository/LogIn/input_password'

2017-12-28 11:59:31 - [TEST_STEP][PASSED] - click: Object: 'Object Repository/LogIn/button_Login' is clicked on

2017-12-28 11:59:31 - [MESSAGE][PASSED] - Object: 'Object Repository/LogIn/button_Login' is clicked on

2017-12-28 11:59:31 - [TEST_STEP][PASSED] - delay: Delayed 3 second(s)

2017-12-28 11:59:34 - [MESSAGE][PASSED] - Delayed 3 second(s)

2017-12-28 11:59:34 - [TEST_STEP][PASSED] - verifyElementText: Actual text and expected text of test object 'Object Repository/LogIn/div_Hi John' are matched.

2017-12-28 11:59:34 - [MESSAGE][PASSED] - Actual text and expected text of test object 'Object Repository/LogIn/div_Hi John' are matched.

2017-12-28 11:59:34 - [MESSAGE][PASSED] - Call Test Case 'Test Cases/001_login_email_successful' successfully

2017-12-28 11:59:34 - [TEST_STEP][PASSED] - delay: Delayed 1 second(s)

2017-12-28 11:59:35 - [MESSAGE][PASSED] - Delayed 1 second(s)

2017-12-28 11:59:35 - [TEST_STEP][PASSED] - click: Object: 'Object Repository/LogIn/div_Hi John' is clicked on

2017-12-28 11:59:35 - [MESSAGE][PASSED] - Object: 'Object Repository/LogIn/div_Hi John' is clicked on

2017-12-28 11:59:35 - [TEST_STEP][PASSED] - delay: Delayed 1 second(s)

2017-12-28 11:59:36 - [MESSAGE][PASSED] - Delayed 1 second(s)

2017-12-28 11:59:36 - [TEST_STEP][PASSED] - click: Object: 'Object Repository/LogIn/a_Sign out' is clicked on

2017-12-28 11:59:37 - [MESSAGE][PASSED] - Object: 'Object Repository/LogIn/a_Sign out' is clicked on

2017-12-28 11:59:37 - [TEST_STEP][PASSED] - delay: Delayed 1 second(s)

2017-12-28 11:59:38 - [MESSAGE][PASSED] - Delayed 1 second(s)

2017-12-28 11:59:38 - [TEST_STEP][PASSED] - click: Object: 'Object Repository/LogIn/button_Sign Out' is clicked on

2017-12-28 11:59:38 - [MESSAGE][PASSED] - Object: 'Object Repository/LogIn/button_Sign Out' is clicked on

2017-12-28 11:59:38 - [TEST_STEP][PASSED] - delay: Delayed 1 second(s)

2017-12-28 11:59:39 - [MESSAGE][PASSED] - Delayed 1 second(s)

2017-12-28 11:59:39 - [TEST_STEP][PASSED] - verifyElementText: Actual text and expected text of test object 'Object Repository/LogIn/div_Log in' are matched.

2017-12-28 11:59:39 - [MESSAGE][PASSED] - Actual text and expected text of test object 'Object Repository/LogIn/div_Log in' are matched.]]></system-out>
         <system-err><![CDATA[]]></system-err>
      </testcase>
      <system-out><![CDATA[2017-12-28 11:57:38 - [TEST_SUITE][PASSED] - login_logout: Test Cases/009_logout]]></system-out>
      <system-err><![CDATA[]]></system-err>
   </testsuite>
</testsuites>
