<?xml version="1.0" encoding="UTF-8"?>
<testsuites name="login_logout" time="131" tests="4" failures="5" errors="0">
   <testsuite name="login_logout" tests="4" failures="5" errors="0" time="131" timestamp="2018-01-03 18:23:57" hostname="Ang - DESKTOP-JMN7MR3" id="Test Suites/login_logout">
      <properties>
         <property name="deviceName" value=""/>
         <property name="devicePlatform" value=""/>
         <property name="logFolder" value="C:\\Users\\Ang\\git\\oddle-automa\\Reports\\login_logout\\20180103_182350"/>
         <property name="logFiles" value="C:\\Users\\Ang\\git\\oddle-automa\\Reports\\login_logout\\20180103_182350\\execution0.log"/>
         <property name="attachments" value="C:\\Users\\Ang\\git\\oddle-automa\\Reports\\login_logout\\20180103_182350\\1514975075917.png, C:\\Users\\Ang\\git\\oddle-automa\\Reports\\login_logout\\20180103_182350\\1514975076196.png, C:\\Users\\Ang\\git\\oddle-automa\\Reports\\login_logout\\20180103_182350\\1514975103054.png, C:\\Users\\Ang\\git\\oddle-automa\\Reports\\login_logout\\20180103_182350\\1514975103356.png, C:\\Users\\Ang\\git\\oddle-automa\\Reports\\login_logout\\20180103_182350\\1514975124774.png, C:\\Users\\Ang\\git\\oddle-automa\\Reports\\login_logout\\20180103_182350\\1514975138726.png, C:\\Users\\Ang\\git\\oddle-automa\\Reports\\login_logout\\20180103_182350\\1514975152880.png"/>
         <property name="hostName" value="Ang - DESKTOP-JMN7MR3"/>
         <property name="os" value="Windows 10 64bit"/>
         <property name="katalonVersion" value="5.2.0.1"/>
         <property name="browser" value="Chrome 63.0.3239.84"/>
         <property name="hostAddress" value="192.168.126.1"/>
         <property name="sessionId" value="2b60e53f1ac6b77a5701611a4f3c91b9"/>
         <property name="seleniumVersion" value="3.7.1"/>
         <property name="proxyInformation" value="ProxyInformation{proxyOption=NO_PROXY, proxyServerType=HTTP, password=, proxyServerAddress=, proxyServerPort=0}"/>
         <property name="platform" value="Windows 10"/>
      </properties>
      <testcase name="Test Cases/001_login_email_successful" classname="Test Cases/001_login_email_successful" status="PASSED">
         <system-out><![CDATA[2018-01-03 18:23:57 - [TEST_CASE][PASSED] - Test Cases/001_login_email_successful: Test Cases/001_login_email_successful

2018-01-03 18:23:58 - [TEST_STEP][PASSED] - openBrowser: Browser is opened with url: ''

2018-01-03 18:24:01 - [MESSAGE][PASSED] - Browser is opened with url: ''

2018-01-03 18:24:01 - [TEST_STEP][PASSED] - navigateToUrl: Navigate to 'http://mcdonaldstest.staging.oddle.co' successfully

2018-01-03 18:24:04 - [MESSAGE][PASSED] - Navigate to 'http://mcdonaldstest.staging.oddle.co' successfully

2018-01-03 18:24:04 - [TEST_STEP][PASSED] - click: Object: 'Object Repository/LogIn/div_Log in' is clicked on

2018-01-03 18:24:04 - [MESSAGE][PASSED] - Object: 'Object Repository/LogIn/div_Log in' is clicked on

2018-01-03 18:24:04 - [TEST_STEP][PASSED] - setText: Text 'kevin.ang@oddle.me' is set on object 'Object Repository/LogIn/input_email'

2018-01-03 18:24:05 - [MESSAGE][PASSED] - Text 'kevin.ang@oddle.me' is set on object 'Object Repository/LogIn/input_email'

2018-01-03 18:24:05 - [TEST_STEP][PASSED] - setText: Text '0ddleatw' is set on object 'Object Repository/LogIn/input_password'

2018-01-03 18:24:06 - [MESSAGE][PASSED] - Text '0ddleatw' is set on object 'Object Repository/LogIn/input_password'

2018-01-03 18:24:06 - [TEST_STEP][PASSED] - click: Object: 'Object Repository/LogIn/button_Login' is clicked on

2018-01-03 18:24:06 - [MESSAGE][PASSED] - Object: 'Object Repository/LogIn/button_Login' is clicked on

2018-01-03 18:24:06 - [TEST_STEP][PASSED] - delay: Delayed 3 second(s)

2018-01-03 18:24:09 - [MESSAGE][PASSED] - Delayed 3 second(s)

2018-01-03 18:24:09 - [TEST_STEP][PASSED] - autoKeywords.verifyLoggedIn.verifyLogged: autoKeywords.verifyLoggedIn.verifyLogged is PASSED

2018-01-03 18:24:09 - [MESSAGE][PASSED] - Text of object 'Object Repository/LogIn/div_Hi user' is: 'Hi, John'

2018-01-03 18:24:09 - [MESSAGE][PASSED] - Actual text 'Hi, John' and expected text 'Log In' are not matched 

2018-01-03 18:24:09 - [MESSAGE][PASSED] - autoKeywords.verifyLoggedIn.verifyLogged is PASSED]]></system-out>
         <system-err><![CDATA[]]></system-err>
      </testcase>
      <testcase name="Test Cases/002_login_email_wrongpw" classname="Test Cases/002_login_email_wrongpw" status="PASSED">
         <system-out><![CDATA[2018-01-03 18:24:10 - [TEST_CASE][PASSED] - Test Cases/002_login_email_wrongpw: Test Cases/002_login_email_wrongpw

2018-01-03 18:24:10 - [TEST_STEP][PASSED] - openBrowser: Browser is opened with url: ''

2018-01-03 18:24:12 - [MESSAGE][PASSED] - Browser is opened with url: ''

2018-01-03 18:24:12 - [TEST_STEP][PASSED] - navigateToUrl: Navigate to 'http://mcdonaldstest.staging.oddle.co' successfully

2018-01-03 18:24:14 - [MESSAGE][PASSED] - Navigate to 'http://mcdonaldstest.staging.oddle.co' successfully

2018-01-03 18:24:14 - [TEST_STEP][PASSED] - click: Object: 'Object Repository/LogIn/div_Log in' is clicked on

2018-01-03 18:24:15 - [MESSAGE][PASSED] - Object: 'Object Repository/LogIn/div_Log in' is clicked on

2018-01-03 18:24:15 - [TEST_STEP][PASSED] - setText: Text 'kevin.ang@oddle.me' is set on object 'Object Repository/LogIn/input_email'

2018-01-03 18:24:16 - [MESSAGE][PASSED] - Text 'kevin.ang@oddle.me' is set on object 'Object Repository/LogIn/input_email'

2018-01-03 18:24:16 - [TEST_STEP][PASSED] - setText: Text 'wrongpassword' is set on object 'Object Repository/LogIn/input_password'

2018-01-03 18:24:16 - [MESSAGE][PASSED] - Text 'wrongpassword' is set on object 'Object Repository/LogIn/input_password'

2018-01-03 18:24:16 - [TEST_STEP][PASSED] - click: Object: 'Object Repository/LogIn/button_Login' is clicked on

2018-01-03 18:24:16 - [MESSAGE][PASSED] - Object: 'Object Repository/LogIn/button_Login' is clicked on

2018-01-03 18:24:16 - [TEST_STEP][PASSED] - delay: Delayed 3 second(s)

2018-01-03 18:24:19 - [MESSAGE][PASSED] - Delayed 3 second(s)

2018-01-03 18:24:19 - [TEST_STEP][PASSED] - verifyElementPresent: Object 'Object Repository/LogIn/div_login_credentials_invalid' is present

2018-01-03 18:24:19 - [MESSAGE][WARNING] - Timeout '0' is invalid. Using default page load timeout: '5'

2018-01-03 18:24:20 - [MESSAGE][PASSED] - Object 'Object Repository/LogIn/div_login_credentials_invalid' is present]]></system-out>
         <system-err><![CDATA[]]></system-err>
      </testcase>
      <testcase name="Test Cases/003_login_email_wrongpwformat" classname="Test Cases/003_login_email_wrongpwformat" status="FAILED">
         <failure type="FAILED" message="Unable to verify object 'Object Repository/LogIn/span_Password should be at lea' is present (Root cause: com.kms.katalon.core.webui.exception.WebElementNotFoundException: Web element with id: 'Object Repository/LogIn/span_Password should be at lea' located by 'By.xpath: //span[count(. | //*[@class = 'dot6ul-4 fYbvjS']) = count(//*[@class = 'dot6ul-4 fYbvjS'])][count(. | //*[text() = 'Password should be at least 8 characters long']) = count(//*[text() = 'Password should be at least 8 characters long'])][count(. | id(&quot;__next&quot;)/div[1]/div[1]/div[@class=&quot;s111nt22-0 isjfum&quot;]/div[3]/div[3]/div[@class=&quot;wuzp1o-0 cCUvkJ&quot;]/div[@class=&quot;wuzp1o-2 gfSaCZ&quot;]/div[@class=&quot;wuzp1o-5 eezkNJ&quot;]/div[@class=&quot;eslncg-2 bKwwBK&quot;]/div[@class=&quot;eslncg-3 kImoTU&quot;]/div[@class=&quot;eslncg-4 gugdEn&quot;]/div[@class=&quot;qxyyek-0 gDhhcJ e9phw6-1-sc-bdVaJa cjHrgj e9phw6-0 jBJmyp&quot;]/div[@class=&quot;sc-bRBYWo cdRCbH e9phw6-0 jBJmyp&quot;]/form[1]/div[@class=&quot;s1kn4au3-0 gYDZag&quot;]/div[2]/span[@class=&quot;dot6ul-4 fYbvjS&quot;]) = count(id(&quot;__next&quot;)/div[1]/div[1]/div[@class=&quot;s111nt22-0 isjfum&quot;]/div[3]/div[3]/div[@class=&quot;wuzp1o-0 cCUvkJ&quot;]/div[@class=&quot;wuzp1o-2 gfSaCZ&quot;]/div[@class=&quot;wuzp1o-5 eezkNJ&quot;]/div[@class=&quot;eslncg-2 bKwwBK&quot;]/div[@class=&quot;eslncg-3 kImoTU&quot;]/div[@class=&quot;eslncg-4 gugdEn&quot;]/div[@class=&quot;qxyyek-0 gDhhcJ e9phw6-1-sc-bdVaJa cjHrgj e9phw6-0 jBJmyp&quot;]/div[@class=&quot;sc-bRBYWo cdRCbH e9phw6-0 jBJmyp&quot;]/form[1]/div[@class=&quot;s1kn4au3-0 gYDZag&quot;]/div[2]/span[@class=&quot;dot6ul-4 fYbvjS&quot;])]' not found)"/>
         <system-out><![CDATA[2018-01-03 18:24:20 - [TEST_CASE][FAILED] - Test Cases/003_login_email_wrongpwformat: Test Cases/003_login_email_wrongpwformat FAILED because (of) Unable to verify object 'Object Repository/LogIn/span_Password should be at lea' is present (Root cause: com.kms.katalon.core.webui.exception.WebElementNotFoundException: Web element with id: 'Object Repository/LogIn/span_Password should be at lea' located by 'By.xpath: //span[count(. | //*[@class = 'dot6ul-4 fYbvjS']) = count(//*[@class = 'dot6ul-4 fYbvjS'])][count(. | //*[text() = 'Password should be at least 8 characters long']) = count(//*[text() = 'Password should be at least 8 characters long'])][count(. | id("__next")/div[1]/div[1]/div[@class="s111nt22-0 isjfum"]/div[3]/div[3]/div[@class="wuzp1o-0 cCUvkJ"]/div[@class="wuzp1o-2 gfSaCZ"]/div[@class="wuzp1o-5 eezkNJ"]/div[@class="eslncg-2 bKwwBK"]/div[@class="eslncg-3 kImoTU"]/div[@class="eslncg-4 gugdEn"]/div[@class="qxyyek-0 gDhhcJ e9phw6-1-sc-bdVaJa cjHrgj e9phw6-0 jBJmyp"]/div[@class="sc-bRBYWo cdRCbH e9phw6-0 jBJmyp"]/form[1]/div[@class="s1kn4au3-0 gYDZag"]/div[2]/span[@class="dot6ul-4 fYbvjS"]) = count(id("__next")/div[1]/div[1]/div[@class="s111nt22-0 isjfum"]/div[3]/div[3]/div[@class="wuzp1o-0 cCUvkJ"]/div[@class="wuzp1o-2 gfSaCZ"]/div[@class="wuzp1o-5 eezkNJ"]/div[@class="eslncg-2 bKwwBK"]/div[@class="eslncg-3 kImoTU"]/div[@class="eslncg-4 gugdEn"]/div[@class="qxyyek-0 gDhhcJ e9phw6-1-sc-bdVaJa cjHrgj e9phw6-0 jBJmyp"]/div[@class="sc-bRBYWo cdRCbH e9phw6-0 jBJmyp"]/form[1]/div[@class="s1kn4au3-0 gYDZag"]/div[2]/span[@class="dot6ul-4 fYbvjS"])]' not found)

2018-01-03 18:24:20 - [TEST_STEP][PASSED] - openBrowser: Browser is opened with url: ''

2018-01-03 18:24:22 - [MESSAGE][PASSED] - Browser is opened with url: ''

2018-01-03 18:24:22 - [TEST_STEP][PASSED] - navigateToUrl: Navigate to 'http://mcdonaldstest.staging.oddle.co' successfully

2018-01-03 18:24:25 - [MESSAGE][PASSED] - Navigate to 'http://mcdonaldstest.staging.oddle.co' successfully

2018-01-03 18:24:25 - [TEST_STEP][PASSED] - click: Object: 'Object Repository/LogIn/div_Log in' is clicked on

2018-01-03 18:24:25 - [MESSAGE][PASSED] - Object: 'Object Repository/LogIn/div_Log in' is clicked on

2018-01-03 18:24:25 - [TEST_STEP][PASSED] - setText: Text 'kevin.ang@oddle.me' is set on object 'Object Repository/LogIn/input_email'

2018-01-03 18:24:27 - [MESSAGE][PASSED] - Text 'kevin.ang@oddle.me' is set on object 'Object Repository/LogIn/input_email'

2018-01-03 18:24:27 - [TEST_STEP][PASSED] - setText: Text 'wrongft' is set on object 'Object Repository/LogIn/input_password'

2018-01-03 18:24:27 - [MESSAGE][PASSED] - Text 'wrongft' is set on object 'Object Repository/LogIn/input_password'

2018-01-03 18:24:27 - [TEST_STEP][PASSED] - click: Object: 'Object Repository/LogIn/button_Login' is clicked on

2018-01-03 18:24:27 - [MESSAGE][PASSED] - Object: 'Object Repository/LogIn/button_Login' is clicked on

2018-01-03 18:24:27 - [TEST_STEP][PASSED] - delay: Delayed 3 second(s)

2018-01-03 18:24:30 - [MESSAGE][PASSED] - Delayed 3 second(s)

2018-01-03 18:24:30 - [TEST_STEP][FAILED] - verifyElementPresent: Unable to verify object 'Object Repository/LogIn/span_Password should be at lea' is present (Root cause: com.kms.katalon.core.webui.exception.WebElementNotFoundException: Web element with id: 'Object Repository/LogIn/span_Password should be at lea' located by 'By.xpath: //span[count(. | //*[@class = 'dot6ul-4 fYbvjS']) = count(//*[@class = 'dot6ul-4 fYbvjS'])][count(. | //*[text() = 'Password should be at least 8 characters long']) = count(//*[text() = 'Password should be at least 8 characters long'])][count(. | id("__next")/div[1]/div[1]/div[@class="s111nt22-0 isjfum"]/div[3]/div[3]/div[@class="wuzp1o-0 cCUvkJ"]/div[@class="wuzp1o-2 gfSaCZ"]/div[@class="wuzp1o-5 eezkNJ"]/div[@class="eslncg-2 bKwwBK"]/div[@class="eslncg-3 kImoTU"]/div[@class="eslncg-4 gugdEn"]/div[@class="qxyyek-0 gDhhcJ e9phw6-1-sc-bdVaJa cjHrgj e9phw6-0 jBJmyp"]/div[@class="sc-bRBYWo cdRCbH e9phw6-0 jBJmyp"]/form[1]/div[@class="s1kn4au3-0 gYDZag"]/div[2]/span[@class="dot6ul-4 fYbvjS"]) = count(id("__next")/div[1]/div[1]/div[@class="s111nt22-0 isjfum"]/div[3]/div[3]/div[@class="wuzp1o-0 cCUvkJ"]/div[@class="wuzp1o-2 gfSaCZ"]/div[@class="wuzp1o-5 eezkNJ"]/div[@class="eslncg-2 bKwwBK"]/div[@class="eslncg-3 kImoTU"]/div[@class="eslncg-4 gugdEn"]/div[@class="qxyyek-0 gDhhcJ e9phw6-1-sc-bdVaJa cjHrgj e9phw6-0 jBJmyp"]/div[@class="sc-bRBYWo cdRCbH e9phw6-0 jBJmyp"]/form[1]/div[@class="s1kn4au3-0 gYDZag"]/div[2]/span[@class="dot6ul-4 fYbvjS"])]' not found)

2018-01-03 18:24:30 - [MESSAGE][WARNING] - Timeout '0' is invalid. Using default page load timeout: '5'

2018-01-03 18:24:36 - [MESSAGE][FAILED] - com.kms.katalon.core.webui.exception.WebElementNotFoundException: Web element with id: 'Object Repository/LogIn/span_Password should be at lea' located by 'By.xpath: //span[count(. | //*[@class = 'dot6ul-4 fYbvjS']) = count(//*[@class = 'dot6ul-4 fYbvjS'])][count(. | //*[text() = 'Password should be at least 8 characters long']) = count(//*[text() = 'Password should be at least 8 characters long'])][count(. | id("__next")/div[1]/div[1]/div[@class="s111nt22-0 isjfum"]/div[3]/div[3]/div[@class="wuzp1o-0 cCUvkJ"]/div[@class="wuzp1o-2 gfSaCZ"]/div[@class="wuzp1o-5 eezkNJ"]/div[@class="eslncg-2 bKwwBK"]/div[@class="eslncg-3 kImoTU"]/div[@class="eslncg-4 gugdEn"]/div[@class="qxyyek-0 gDhhcJ e9phw6-1-sc-bdVaJa cjHrgj e9phw6-0 jBJmyp"]/div[@class="sc-bRBYWo cdRCbH e9phw6-0 jBJmyp"]/form[1]/div[@class="s1kn4au3-0 gYDZag"]/div[2]/span[@class="dot6ul-4 fYbvjS"]) = count(id("__next")/div[1]/div[1]/div[@class="s111nt22-0 isjfum"]/div[3]/div[3]/div[@class="wuzp1o-0 cCUvkJ"]/div[@class="wuzp1o-2 gfSaCZ"]/div[@class="wuzp1o-5 eezkNJ"]/div[@class="eslncg-2 bKwwBK"]/div[@class="eslncg-3 kImoTU"]/div[@class="eslncg-4 gugdEn"]/div[@class="qxyyek-0 gDhhcJ e9phw6-1-sc-bdVaJa cjHrgj e9phw6-0 jBJmyp"]/div[@class="sc-bRBYWo cdRCbH e9phw6-0 jBJmyp"]/form[1]/div[@class="s1kn4au3-0 gYDZag"]/div[2]/span[@class="dot6ul-4 fYbvjS"])]' not found
[[ATTACHMENT|C:\\Users\\Ang\\git\\oddle-automa\\Reports\\login_logout\\20180103_182350\\1514975075917.png]]

2018-01-03 18:24:36 - [MESSAGE][FAILED] - Unable to verify object 'Object Repository/LogIn/span_Password should be at lea' is present (Root cause: com.kms.katalon.core.webui.exception.WebElementNotFoundException: Web element with id: 'Object Repository/LogIn/span_Password should be at lea' located by 'By.xpath: //span[count(. | //*[@class = 'dot6ul-4 fYbvjS']) = count(//*[@class = 'dot6ul-4 fYbvjS'])][count(. | //*[text() = 'Password should be at least 8 characters long']) = count(//*[text() = 'Password should be at least 8 characters long'])][count(. | id("__next")/div[1]/div[1]/div[@class="s111nt22-0 isjfum"]/div[3]/div[3]/div[@class="wuzp1o-0 cCUvkJ"]/div[@class="wuzp1o-2 gfSaCZ"]/div[@class="wuzp1o-5 eezkNJ"]/div[@class="eslncg-2 bKwwBK"]/div[@class="eslncg-3 kImoTU"]/div[@class="eslncg-4 gugdEn"]/div[@class="qxyyek-0 gDhhcJ e9phw6-1-sc-bdVaJa cjHrgj e9phw6-0 jBJmyp"]/div[@class="sc-bRBYWo cdRCbH e9phw6-0 jBJmyp"]/form[1]/div[@class="s1kn4au3-0 gYDZag"]/div[2]/span[@class="dot6ul-4 fYbvjS"]) = count(id("__next")/div[1]/div[1]/div[@class="s111nt22-0 isjfum"]/div[3]/div[3]/div[@class="wuzp1o-0 cCUvkJ"]/div[@class="wuzp1o-2 gfSaCZ"]/div[@class="wuzp1o-5 eezkNJ"]/div[@class="eslncg-2 bKwwBK"]/div[@class="eslncg-3 kImoTU"]/div[@class="eslncg-4 gugdEn"]/div[@class="qxyyek-0 gDhhcJ e9phw6-1-sc-bdVaJa cjHrgj e9phw6-0 jBJmyp"]/div[@class="sc-bRBYWo cdRCbH e9phw6-0 jBJmyp"]/form[1]/div[@class="s1kn4au3-0 gYDZag"]/div[2]/span[@class="dot6ul-4 fYbvjS"])]' not found)
[[ATTACHMENT|C:\\Users\\Ang\\git\\oddle-automa\\Reports\\login_logout\\20180103_182350\\1514975076196.png]]]]></system-out>
         <system-err><![CDATA[2018-01-03 18:24:20 - [TEST_CASE][FAILED] - Test Cases/003_login_email_wrongpwformat: Test Cases/003_login_email_wrongpwformat FAILED because (of) Unable to verify object 'Object Repository/LogIn/span_Password should be at lea' is present (Root cause: com.kms.katalon.core.webui.exception.WebElementNotFoundException: Web element with id: 'Object Repository/LogIn/span_Password should be at lea' located by 'By.xpath: //span[count(. | //*[@class = 'dot6ul-4 fYbvjS']) = count(//*[@class = 'dot6ul-4 fYbvjS'])][count(. | //*[text() = 'Password should be at least 8 characters long']) = count(//*[text() = 'Password should be at least 8 characters long'])][count(. | id("__next")/div[1]/div[1]/div[@class="s111nt22-0 isjfum"]/div[3]/div[3]/div[@class="wuzp1o-0 cCUvkJ"]/div[@class="wuzp1o-2 gfSaCZ"]/div[@class="wuzp1o-5 eezkNJ"]/div[@class="eslncg-2 bKwwBK"]/div[@class="eslncg-3 kImoTU"]/div[@class="eslncg-4 gugdEn"]/div[@class="qxyyek-0 gDhhcJ e9phw6-1-sc-bdVaJa cjHrgj e9phw6-0 jBJmyp"]/div[@class="sc-bRBYWo cdRCbH e9phw6-0 jBJmyp"]/form[1]/div[@class="s1kn4au3-0 gYDZag"]/div[2]/span[@class="dot6ul-4 fYbvjS"]) = count(id("__next")/div[1]/div[1]/div[@class="s111nt22-0 isjfum"]/div[3]/div[3]/div[@class="wuzp1o-0 cCUvkJ"]/div[@class="wuzp1o-2 gfSaCZ"]/div[@class="wuzp1o-5 eezkNJ"]/div[@class="eslncg-2 bKwwBK"]/div[@class="eslncg-3 kImoTU"]/div[@class="eslncg-4 gugdEn"]/div[@class="qxyyek-0 gDhhcJ e9phw6-1-sc-bdVaJa cjHrgj e9phw6-0 jBJmyp"]/div[@class="sc-bRBYWo cdRCbH e9phw6-0 jBJmyp"]/form[1]/div[@class="s1kn4au3-0 gYDZag"]/div[2]/span[@class="dot6ul-4 fYbvjS"])]' not found)]]></system-err>
      </testcase>
      <testcase name="Test Cases/004_login_email_wrongemail" classname="Test Cases/004_login_email_wrongemail" status="PASSED">
         <system-out><![CDATA[2018-01-03 18:24:37 - [TEST_CASE][PASSED] - Test Cases/004_login_email_wrongemail: Test Cases/004_login_email_wrongemail

2018-01-03 18:24:37 - [TEST_STEP][PASSED] - openBrowser: Browser is opened with url: ''

2018-01-03 18:24:39 - [MESSAGE][PASSED] - Browser is opened with url: ''

2018-01-03 18:24:39 - [TEST_STEP][PASSED] - navigateToUrl: Navigate to 'http://mcdonaldstest.staging.oddle.co' successfully

2018-01-03 18:24:42 - [MESSAGE][PASSED] - Navigate to 'http://mcdonaldstest.staging.oddle.co' successfully

2018-01-03 18:24:42 - [TEST_STEP][PASSED] - click: Object: 'Object Repository/LogIn/div_Log in' is clicked on

2018-01-03 18:24:42 - [MESSAGE][PASSED] - Object: 'Object Repository/LogIn/div_Log in' is clicked on

2018-01-03 18:24:42 - [TEST_STEP][PASSED] - setText: Text 'unusedemail@changethis.ifused' is set on object 'Object Repository/LogIn/input_email'

2018-01-03 18:24:43 - [MESSAGE][PASSED] - Text 'unusedemail@changethis.ifused' is set on object 'Object Repository/LogIn/input_email'

2018-01-03 18:24:43 - [TEST_STEP][PASSED] - setText: Text '0ddleatw' is set on object 'Object Repository/LogIn/input_password'

2018-01-03 18:24:44 - [MESSAGE][PASSED] - Text '0ddleatw' is set on object 'Object Repository/LogIn/input_password'

2018-01-03 18:24:44 - [TEST_STEP][PASSED] - click: Object: 'Object Repository/LogIn/button_Login' is clicked on

2018-01-03 18:24:44 - [MESSAGE][PASSED] - Object: 'Object Repository/LogIn/button_Login' is clicked on

2018-01-03 18:24:44 - [TEST_STEP][PASSED] - delay: Delayed 3 second(s)

2018-01-03 18:24:47 - [MESSAGE][PASSED] - Delayed 3 second(s)

2018-01-03 18:24:47 - [TEST_STEP][PASSED] - verifyElementPresent: Object 'Object Repository/LogIn/div_login_credentials_invalid' is present

2018-01-03 18:24:47 - [MESSAGE][WARNING] - Timeout '0' is invalid. Using default page load timeout: '5'

2018-01-03 18:24:47 - [MESSAGE][PASSED] - Object 'Object Repository/LogIn/div_login_credentials_invalid' is present]]></system-out>
         <system-err><![CDATA[]]></system-err>
      </testcase>
      <testcase name="Test Cases/005_login_email_wrongemailformat" classname="Test Cases/005_login_email_wrongemailformat" status="FAILED">
         <failure type="FAILED" message="Unable to verify object 'Object Repository/LogIn/span_Please enter correct emai' is present (Root cause: com.kms.katalon.core.webui.exception.WebElementNotFoundException: Web element with id: 'Object Repository/LogIn/span_Please enter correct emai' located by 'By.xpath: //span[count(. | //*[@class = 'dot6ul-4 fYbvjS']) = count(//*[@class = 'dot6ul-4 fYbvjS'])][count(. | //*[text() = 'Please enter correct email format e.g. test@example.com']) = count(//*[text() = 'Please enter correct email format e.g. test@example.com'])][count(. | id(&quot;__next&quot;)/div[1]/div[1]/div[@class=&quot;s111nt22-0 isjfum&quot;]/div[3]/div[3]/div[@class=&quot;wuzp1o-0 cCUvkJ&quot;]/div[@class=&quot;wuzp1o-2 gfSaCZ&quot;]/div[@class=&quot;wuzp1o-5 eezkNJ&quot;]/div[@class=&quot;eslncg-2 bKwwBK&quot;]/div[@class=&quot;eslncg-3 kImoTU&quot;]/div[@class=&quot;eslncg-4 gugdEn&quot;]/div[@class=&quot;qxyyek-0 gDhhcJ e9phw6-1-sc-bdVaJa cjHrgj e9phw6-0 jBJmyp&quot;]/div[@class=&quot;sc-bRBYWo cdRCbH e9phw6-0 jBJmyp&quot;]/form[1]/div[@class=&quot;s1kn4au3-0 gYDZag&quot;]/div[1]/span[@class=&quot;dot6ul-4 fYbvjS&quot;]) = count(id(&quot;__next&quot;)/div[1]/div[1]/div[@class=&quot;s111nt22-0 isjfum&quot;]/div[3]/div[3]/div[@class=&quot;wuzp1o-0 cCUvkJ&quot;]/div[@class=&quot;wuzp1o-2 gfSaCZ&quot;]/div[@class=&quot;wuzp1o-5 eezkNJ&quot;]/div[@class=&quot;eslncg-2 bKwwBK&quot;]/div[@class=&quot;eslncg-3 kImoTU&quot;]/div[@class=&quot;eslncg-4 gugdEn&quot;]/div[@class=&quot;qxyyek-0 gDhhcJ e9phw6-1-sc-bdVaJa cjHrgj e9phw6-0 jBJmyp&quot;]/div[@class=&quot;sc-bRBYWo cdRCbH e9phw6-0 jBJmyp&quot;]/form[1]/div[@class=&quot;s1kn4au3-0 gYDZag&quot;]/div[1]/span[@class=&quot;dot6ul-4 fYbvjS&quot;])]' not found)"/>
         <system-out><![CDATA[2018-01-03 18:24:48 - [TEST_CASE][FAILED] - Test Cases/005_login_email_wrongemailformat: Test Cases/005_login_email_wrongemailformat FAILED because (of) Unable to verify object 'Object Repository/LogIn/span_Please enter correct emai' is present (Root cause: com.kms.katalon.core.webui.exception.WebElementNotFoundException: Web element with id: 'Object Repository/LogIn/span_Please enter correct emai' located by 'By.xpath: //span[count(. | //*[@class = 'dot6ul-4 fYbvjS']) = count(//*[@class = 'dot6ul-4 fYbvjS'])][count(. | //*[text() = 'Please enter correct email format e.g. test@example.com']) = count(//*[text() = 'Please enter correct email format e.g. test@example.com'])][count(. | id("__next")/div[1]/div[1]/div[@class="s111nt22-0 isjfum"]/div[3]/div[3]/div[@class="wuzp1o-0 cCUvkJ"]/div[@class="wuzp1o-2 gfSaCZ"]/div[@class="wuzp1o-5 eezkNJ"]/div[@class="eslncg-2 bKwwBK"]/div[@class="eslncg-3 kImoTU"]/div[@class="eslncg-4 gugdEn"]/div[@class="qxyyek-0 gDhhcJ e9phw6-1-sc-bdVaJa cjHrgj e9phw6-0 jBJmyp"]/div[@class="sc-bRBYWo cdRCbH e9phw6-0 jBJmyp"]/form[1]/div[@class="s1kn4au3-0 gYDZag"]/div[1]/span[@class="dot6ul-4 fYbvjS"]) = count(id("__next")/div[1]/div[1]/div[@class="s111nt22-0 isjfum"]/div[3]/div[3]/div[@class="wuzp1o-0 cCUvkJ"]/div[@class="wuzp1o-2 gfSaCZ"]/div[@class="wuzp1o-5 eezkNJ"]/div[@class="eslncg-2 bKwwBK"]/div[@class="eslncg-3 kImoTU"]/div[@class="eslncg-4 gugdEn"]/div[@class="qxyyek-0 gDhhcJ e9phw6-1-sc-bdVaJa cjHrgj e9phw6-0 jBJmyp"]/div[@class="sc-bRBYWo cdRCbH e9phw6-0 jBJmyp"]/form[1]/div[@class="s1kn4au3-0 gYDZag"]/div[1]/span[@class="dot6ul-4 fYbvjS"])]' not found)

2018-01-03 18:24:48 - [TEST_STEP][PASSED] - openBrowser: Browser is opened with url: ''

2018-01-03 18:24:50 - [MESSAGE][PASSED] - Browser is opened with url: ''

2018-01-03 18:24:50 - [TEST_STEP][PASSED] - navigateToUrl: Navigate to 'http://mcdonaldstest.staging.oddle.co' successfully

2018-01-03 18:24:52 - [MESSAGE][PASSED] - Navigate to 'http://mcdonaldstest.staging.oddle.co' successfully

2018-01-03 18:24:52 - [TEST_STEP][PASSED] - click: Object: 'Object Repository/LogIn/div_Log in' is clicked on

2018-01-03 18:24:52 - [MESSAGE][PASSED] - Object: 'Object Repository/LogIn/div_Log in' is clicked on

2018-01-03 18:24:52 - [TEST_STEP][PASSED] - setText: Text 'wrongemailformat' is set on object 'Object Repository/LogIn/input_email'

2018-01-03 18:24:54 - [MESSAGE][PASSED] - Text 'wrongemailformat' is set on object 'Object Repository/LogIn/input_email'

2018-01-03 18:24:54 - [TEST_STEP][PASSED] - setText: Text 'notimportant' is set on object 'Object Repository/LogIn/input_password'

2018-01-03 18:24:54 - [MESSAGE][PASSED] - Text 'notimportant' is set on object 'Object Repository/LogIn/input_password'

2018-01-03 18:24:54 - [TEST_STEP][PASSED] - click: Object: 'Object Repository/LogIn/button_Login' is clicked on

2018-01-03 18:24:54 - [MESSAGE][PASSED] - Object: 'Object Repository/LogIn/button_Login' is clicked on

2018-01-03 18:24:54 - [TEST_STEP][PASSED] - delay: Delayed 3 second(s)

2018-01-03 18:24:57 - [MESSAGE][PASSED] - Delayed 3 second(s)

2018-01-03 18:24:57 - [TEST_STEP][FAILED] - verifyElementPresent: Unable to verify object 'Object Repository/LogIn/span_Please enter correct emai' is present (Root cause: com.kms.katalon.core.webui.exception.WebElementNotFoundException: Web element with id: 'Object Repository/LogIn/span_Please enter correct emai' located by 'By.xpath: //span[count(. | //*[@class = 'dot6ul-4 fYbvjS']) = count(//*[@class = 'dot6ul-4 fYbvjS'])][count(. | //*[text() = 'Please enter correct email format e.g. test@example.com']) = count(//*[text() = 'Please enter correct email format e.g. test@example.com'])][count(. | id("__next")/div[1]/div[1]/div[@class="s111nt22-0 isjfum"]/div[3]/div[3]/div[@class="wuzp1o-0 cCUvkJ"]/div[@class="wuzp1o-2 gfSaCZ"]/div[@class="wuzp1o-5 eezkNJ"]/div[@class="eslncg-2 bKwwBK"]/div[@class="eslncg-3 kImoTU"]/div[@class="eslncg-4 gugdEn"]/div[@class="qxyyek-0 gDhhcJ e9phw6-1-sc-bdVaJa cjHrgj e9phw6-0 jBJmyp"]/div[@class="sc-bRBYWo cdRCbH e9phw6-0 jBJmyp"]/form[1]/div[@class="s1kn4au3-0 gYDZag"]/div[1]/span[@class="dot6ul-4 fYbvjS"]) = count(id("__next")/div[1]/div[1]/div[@class="s111nt22-0 isjfum"]/div[3]/div[3]/div[@class="wuzp1o-0 cCUvkJ"]/div[@class="wuzp1o-2 gfSaCZ"]/div[@class="wuzp1o-5 eezkNJ"]/div[@class="eslncg-2 bKwwBK"]/div[@class="eslncg-3 kImoTU"]/div[@class="eslncg-4 gugdEn"]/div[@class="qxyyek-0 gDhhcJ e9phw6-1-sc-bdVaJa cjHrgj e9phw6-0 jBJmyp"]/div[@class="sc-bRBYWo cdRCbH e9phw6-0 jBJmyp"]/form[1]/div[@class="s1kn4au3-0 gYDZag"]/div[1]/span[@class="dot6ul-4 fYbvjS"])]' not found)

2018-01-03 18:24:57 - [MESSAGE][WARNING] - Timeout '0' is invalid. Using default page load timeout: '5'

2018-01-03 18:25:03 - [MESSAGE][FAILED] - com.kms.katalon.core.webui.exception.WebElementNotFoundException: Web element with id: 'Object Repository/LogIn/span_Please enter correct emai' located by 'By.xpath: //span[count(. | //*[@class = 'dot6ul-4 fYbvjS']) = count(//*[@class = 'dot6ul-4 fYbvjS'])][count(. | //*[text() = 'Please enter correct email format e.g. test@example.com']) = count(//*[text() = 'Please enter correct email format e.g. test@example.com'])][count(. | id("__next")/div[1]/div[1]/div[@class="s111nt22-0 isjfum"]/div[3]/div[3]/div[@class="wuzp1o-0 cCUvkJ"]/div[@class="wuzp1o-2 gfSaCZ"]/div[@class="wuzp1o-5 eezkNJ"]/div[@class="eslncg-2 bKwwBK"]/div[@class="eslncg-3 kImoTU"]/div[@class="eslncg-4 gugdEn"]/div[@class="qxyyek-0 gDhhcJ e9phw6-1-sc-bdVaJa cjHrgj e9phw6-0 jBJmyp"]/div[@class="sc-bRBYWo cdRCbH e9phw6-0 jBJmyp"]/form[1]/div[@class="s1kn4au3-0 gYDZag"]/div[1]/span[@class="dot6ul-4 fYbvjS"]) = count(id("__next")/div[1]/div[1]/div[@class="s111nt22-0 isjfum"]/div[3]/div[3]/div[@class="wuzp1o-0 cCUvkJ"]/div[@class="wuzp1o-2 gfSaCZ"]/div[@class="wuzp1o-5 eezkNJ"]/div[@class="eslncg-2 bKwwBK"]/div[@class="eslncg-3 kImoTU"]/div[@class="eslncg-4 gugdEn"]/div[@class="qxyyek-0 gDhhcJ e9phw6-1-sc-bdVaJa cjHrgj e9phw6-0 jBJmyp"]/div[@class="sc-bRBYWo cdRCbH e9phw6-0 jBJmyp"]/form[1]/div[@class="s1kn4au3-0 gYDZag"]/div[1]/span[@class="dot6ul-4 fYbvjS"])]' not found
[[ATTACHMENT|C:\\Users\\Ang\\git\\oddle-automa\\Reports\\login_logout\\20180103_182350\\1514975103054.png]]

2018-01-03 18:25:03 - [MESSAGE][FAILED] - Unable to verify object 'Object Repository/LogIn/span_Please enter correct emai' is present (Root cause: com.kms.katalon.core.webui.exception.WebElementNotFoundException: Web element with id: 'Object Repository/LogIn/span_Please enter correct emai' located by 'By.xpath: //span[count(. | //*[@class = 'dot6ul-4 fYbvjS']) = count(//*[@class = 'dot6ul-4 fYbvjS'])][count(. | //*[text() = 'Please enter correct email format e.g. test@example.com']) = count(//*[text() = 'Please enter correct email format e.g. test@example.com'])][count(. | id("__next")/div[1]/div[1]/div[@class="s111nt22-0 isjfum"]/div[3]/div[3]/div[@class="wuzp1o-0 cCUvkJ"]/div[@class="wuzp1o-2 gfSaCZ"]/div[@class="wuzp1o-5 eezkNJ"]/div[@class="eslncg-2 bKwwBK"]/div[@class="eslncg-3 kImoTU"]/div[@class="eslncg-4 gugdEn"]/div[@class="qxyyek-0 gDhhcJ e9phw6-1-sc-bdVaJa cjHrgj e9phw6-0 jBJmyp"]/div[@class="sc-bRBYWo cdRCbH e9phw6-0 jBJmyp"]/form[1]/div[@class="s1kn4au3-0 gYDZag"]/div[1]/span[@class="dot6ul-4 fYbvjS"]) = count(id("__next")/div[1]/div[1]/div[@class="s111nt22-0 isjfum"]/div[3]/div[3]/div[@class="wuzp1o-0 cCUvkJ"]/div[@class="wuzp1o-2 gfSaCZ"]/div[@class="wuzp1o-5 eezkNJ"]/div[@class="eslncg-2 bKwwBK"]/div[@class="eslncg-3 kImoTU"]/div[@class="eslncg-4 gugdEn"]/div[@class="qxyyek-0 gDhhcJ e9phw6-1-sc-bdVaJa cjHrgj e9phw6-0 jBJmyp"]/div[@class="sc-bRBYWo cdRCbH e9phw6-0 jBJmyp"]/form[1]/div[@class="s1kn4au3-0 gYDZag"]/div[1]/span[@class="dot6ul-4 fYbvjS"])]' not found)
[[ATTACHMENT|C:\\Users\\Ang\\git\\oddle-automa\\Reports\\login_logout\\20180103_182350\\1514975103356.png]]]]></system-out>
         <system-err><![CDATA[2018-01-03 18:24:48 - [TEST_CASE][FAILED] - Test Cases/005_login_email_wrongemailformat: Test Cases/005_login_email_wrongemailformat FAILED because (of) Unable to verify object 'Object Repository/LogIn/span_Please enter correct emai' is present (Root cause: com.kms.katalon.core.webui.exception.WebElementNotFoundException: Web element with id: 'Object Repository/LogIn/span_Please enter correct emai' located by 'By.xpath: //span[count(. | //*[@class = 'dot6ul-4 fYbvjS']) = count(//*[@class = 'dot6ul-4 fYbvjS'])][count(. | //*[text() = 'Please enter correct email format e.g. test@example.com']) = count(//*[text() = 'Please enter correct email format e.g. test@example.com'])][count(. | id("__next")/div[1]/div[1]/div[@class="s111nt22-0 isjfum"]/div[3]/div[3]/div[@class="wuzp1o-0 cCUvkJ"]/div[@class="wuzp1o-2 gfSaCZ"]/div[@class="wuzp1o-5 eezkNJ"]/div[@class="eslncg-2 bKwwBK"]/div[@class="eslncg-3 kImoTU"]/div[@class="eslncg-4 gugdEn"]/div[@class="qxyyek-0 gDhhcJ e9phw6-1-sc-bdVaJa cjHrgj e9phw6-0 jBJmyp"]/div[@class="sc-bRBYWo cdRCbH e9phw6-0 jBJmyp"]/form[1]/div[@class="s1kn4au3-0 gYDZag"]/div[1]/span[@class="dot6ul-4 fYbvjS"]) = count(id("__next")/div[1]/div[1]/div[@class="s111nt22-0 isjfum"]/div[3]/div[3]/div[@class="wuzp1o-0 cCUvkJ"]/div[@class="wuzp1o-2 gfSaCZ"]/div[@class="wuzp1o-5 eezkNJ"]/div[@class="eslncg-2 bKwwBK"]/div[@class="eslncg-3 kImoTU"]/div[@class="eslncg-4 gugdEn"]/div[@class="qxyyek-0 gDhhcJ e9phw6-1-sc-bdVaJa cjHrgj e9phw6-0 jBJmyp"]/div[@class="sc-bRBYWo cdRCbH e9phw6-0 jBJmyp"]/form[1]/div[@class="s1kn4au3-0 gYDZag"]/div[1]/span[@class="dot6ul-4 fYbvjS"])]' not found)]]></system-err>
      </testcase>
      <testcase name="Test Cases/006_login_fb_loggedin" classname="Test Cases/006_login_fb_loggedin" status="FAILED">
         <failure type="FAILED" message="Unable to scroll to object 'Object Repository/LogIn/span_Login with Facebook' (Root cause: com.kms.katalon.core.webui.exception.WebElementNotFoundException: Web element with id: 'Object Repository/LogIn/iframe' located by 'By.xpath: //iframe[count(. | //*[@frameborder = '0']) = count(//*[@frameborder = '0'])][count(. | //*[@src = 'http://oddlefacebooklogindomain.staging.oddle.co/en_SG/facebook/149784952181218/login']) = count(//*[@src = 'http://oddlefacebooklogindomain.staging.oddle.co/en_SG/facebook/149784952181218/login'])][count(. | id(&quot;__next&quot;)/div[1]/div[1]/div[@class=&quot;s111nt22-0 isjfum&quot;]/div[3]/div[3]/div[@class=&quot;wuzp1o-0 cCUvkJ&quot;]/div[@class=&quot;wuzp1o-2 gfSaCZ&quot;]/div[@class=&quot;wuzp1o-5 eezkNJ&quot;]/div[@class=&quot;eslncg-2 bKwwBK&quot;]/div[@class=&quot;eslncg-3 kImoTU&quot;]/div[@class=&quot;eslncg-4 gugdEn&quot;]/div[@class=&quot;qxyyek-0 gDhhcJ e9phw6-1-sc-bdVaJa cjHrgj e9phw6-0 jBJmyp&quot;]/div[@class=&quot;sc-bRBYWo cdRCbH e9phw6-0 jBJmyp&quot;]/form[1]/div[@class=&quot;s5csc7v-1 gBEfBY&quot;]/iframe[1]) = count(id(&quot;__next&quot;)/div[1]/div[1]/div[@class=&quot;s111nt22-0 isjfum&quot;]/div[3]/div[3]/div[@class=&quot;wuzp1o-0 cCUvkJ&quot;]/div[@class=&quot;wuzp1o-2 gfSaCZ&quot;]/div[@class=&quot;wuzp1o-5 eezkNJ&quot;]/div[@class=&quot;eslncg-2 bKwwBK&quot;]/div[@class=&quot;eslncg-3 kImoTU&quot;]/div[@class=&quot;eslncg-4 gugdEn&quot;]/div[@class=&quot;qxyyek-0 gDhhcJ e9phw6-1-sc-bdVaJa cjHrgj e9phw6-0 jBJmyp&quot;]/div[@class=&quot;sc-bRBYWo cdRCbH e9phw6-0 jBJmyp&quot;]/form[1]/div[@class=&quot;s5csc7v-1 gBEfBY&quot;]/iframe[1])]' not found)"/>
         <system-out><![CDATA[2018-01-03 18:25:04 - [TEST_CASE][FAILED] - Test Cases/006_login_fb_loggedin: Test Cases/006_login_fb_loggedin FAILED because (of) Unable to scroll to object 'Object Repository/LogIn/span_Login with Facebook' (Root cause: com.kms.katalon.core.webui.exception.WebElementNotFoundException: Web element with id: 'Object Repository/LogIn/iframe' located by 'By.xpath: //iframe[count(. | //*[@frameborder = '0']) = count(//*[@frameborder = '0'])][count(. | //*[@src = 'http://oddlefacebooklogindomain.staging.oddle.co/en_SG/facebook/149784952181218/login']) = count(//*[@src = 'http://oddlefacebooklogindomain.staging.oddle.co/en_SG/facebook/149784952181218/login'])][count(. | id("__next")/div[1]/div[1]/div[@class="s111nt22-0 isjfum"]/div[3]/div[3]/div[@class="wuzp1o-0 cCUvkJ"]/div[@class="wuzp1o-2 gfSaCZ"]/div[@class="wuzp1o-5 eezkNJ"]/div[@class="eslncg-2 bKwwBK"]/div[@class="eslncg-3 kImoTU"]/div[@class="eslncg-4 gugdEn"]/div[@class="qxyyek-0 gDhhcJ e9phw6-1-sc-bdVaJa cjHrgj e9phw6-0 jBJmyp"]/div[@class="sc-bRBYWo cdRCbH e9phw6-0 jBJmyp"]/form[1]/div[@class="s5csc7v-1 gBEfBY"]/iframe[1]) = count(id("__next")/div[1]/div[1]/div[@class="s111nt22-0 isjfum"]/div[3]/div[3]/div[@class="wuzp1o-0 cCUvkJ"]/div[@class="wuzp1o-2 gfSaCZ"]/div[@class="wuzp1o-5 eezkNJ"]/div[@class="eslncg-2 bKwwBK"]/div[@class="eslncg-3 kImoTU"]/div[@class="eslncg-4 gugdEn"]/div[@class="qxyyek-0 gDhhcJ e9phw6-1-sc-bdVaJa cjHrgj e9phw6-0 jBJmyp"]/div[@class="sc-bRBYWo cdRCbH e9phw6-0 jBJmyp"]/form[1]/div[@class="s5csc7v-1 gBEfBY"]/iframe[1])]' not found)

2018-01-03 18:25:04 - [TEST_STEP][PASSED] - openBrowser: Browser is opened with url: ''

2018-01-03 18:25:06 - [MESSAGE][PASSED] - Browser is opened with url: ''

2018-01-03 18:25:06 - [TEST_STEP][PASSED] - navigateToUrl: Navigate to 'https://www.facebook.com/' successfully

2018-01-03 18:25:08 - [MESSAGE][PASSED] - Navigate to 'https://www.facebook.com/' successfully

2018-01-03 18:25:08 - [TEST_STEP][PASSED] - setText: Text 'kevin.ang@oddle.me' is set on object 'Object Repository/LogIn/input_email_fbpage'

2018-01-03 18:25:08 - [MESSAGE][PASSED] - Text 'kevin.ang@oddle.me' is set on object 'Object Repository/LogIn/input_email_fbpage'

2018-01-03 18:25:08 - [TEST_STEP][PASSED] - setText: Text 'puToNtaB_1' is set on object 'Object Repository/LogIn/input_pass_fbpage'

2018-01-03 18:25:08 - [MESSAGE][PASSED] - Text 'puToNtaB_1' is set on object 'Object Repository/LogIn/input_pass_fbpage'

2018-01-03 18:25:08 - [TEST_STEP][PASSED] - click: Object: 'Object Repository/LogIn/input_login_fbpage' is clicked on

2018-01-03 18:25:10 - [MESSAGE][PASSED] - Object: 'Object Repository/LogIn/input_login_fbpage' is clicked on

2018-01-03 18:25:10 - [TEST_STEP][PASSED] - delay: Delayed 3 second(s)

2018-01-03 18:25:13 - [MESSAGE][PASSED] - Delayed 3 second(s)

2018-01-03 18:25:13 - [TEST_STEP][PASSED] - navigateToUrl: Navigate to 'http://mcdonaldstest.staging.oddle.co' successfully

2018-01-03 18:25:16 - [MESSAGE][PASSED] - Navigate to 'http://mcdonaldstest.staging.oddle.co' successfully

2018-01-03 18:25:16 - [TEST_STEP][PASSED] - click: Object: 'Object Repository/LogIn/div_Log in' is clicked on

2018-01-03 18:25:16 - [MESSAGE][PASSED] - Object: 'Object Repository/LogIn/div_Log in' is clicked on

2018-01-03 18:25:16 - [TEST_STEP][PASSED] - delay: Delayed 3 second(s)

2018-01-03 18:25:19 - [MESSAGE][PASSED] - Delayed 3 second(s)

2018-01-03 18:25:19 - [TEST_STEP][FAILED] - scrollToElement: Unable to scroll to object 'Object Repository/LogIn/span_Login with Facebook' (Root cause: com.kms.katalon.core.webui.exception.WebElementNotFoundException: Web element with id: 'Object Repository/LogIn/iframe' located by 'By.xpath: //iframe[count(. | //*[@frameborder = '0']) = count(//*[@frameborder = '0'])][count(. | //*[@src = 'http://oddlefacebooklogindomain.staging.oddle.co/en_SG/facebook/149784952181218/login']) = count(//*[@src = 'http://oddlefacebooklogindomain.staging.oddle.co/en_SG/facebook/149784952181218/login'])][count(. | id("__next")/div[1]/div[1]/div[@class="s111nt22-0 isjfum"]/div[3]/div[3]/div[@class="wuzp1o-0 cCUvkJ"]/div[@class="wuzp1o-2 gfSaCZ"]/div[@class="wuzp1o-5 eezkNJ"]/div[@class="eslncg-2 bKwwBK"]/div[@class="eslncg-3 kImoTU"]/div[@class="eslncg-4 gugdEn"]/div[@class="qxyyek-0 gDhhcJ e9phw6-1-sc-bdVaJa cjHrgj e9phw6-0 jBJmyp"]/div[@class="sc-bRBYWo cdRCbH e9phw6-0 jBJmyp"]/form[1]/div[@class="s5csc7v-1 gBEfBY"]/iframe[1]) = count(id("__next")/div[1]/div[1]/div[@class="s111nt22-0 isjfum"]/div[3]/div[3]/div[@class="wuzp1o-0 cCUvkJ"]/div[@class="wuzp1o-2 gfSaCZ"]/div[@class="wuzp1o-5 eezkNJ"]/div[@class="eslncg-2 bKwwBK"]/div[@class="eslncg-3 kImoTU"]/div[@class="eslncg-4 gugdEn"]/div[@class="qxyyek-0 gDhhcJ e9phw6-1-sc-bdVaJa cjHrgj e9phw6-0 jBJmyp"]/div[@class="sc-bRBYWo cdRCbH e9phw6-0 jBJmyp"]/form[1]/div[@class="s5csc7v-1 gBEfBY"]/iframe[1])]' not found)

2018-01-03 18:25:19 - [MESSAGE][WARNING] - Timeout '0' is invalid. Using default page load timeout: '5'

2018-01-03 18:25:25 - [MESSAGE][FAILED] - Unable to scroll to object 'Object Repository/LogIn/span_Login with Facebook' (Root cause: com.kms.katalon.core.webui.exception.WebElementNotFoundException: Web element with id: 'Object Repository/LogIn/iframe' located by 'By.xpath: //iframe[count(. | //*[@frameborder = '0']) = count(//*[@frameborder = '0'])][count(. | //*[@src = 'http://oddlefacebooklogindomain.staging.oddle.co/en_SG/facebook/149784952181218/login']) = count(//*[@src = 'http://oddlefacebooklogindomain.staging.oddle.co/en_SG/facebook/149784952181218/login'])][count(. | id("__next")/div[1]/div[1]/div[@class="s111nt22-0 isjfum"]/div[3]/div[3]/div[@class="wuzp1o-0 cCUvkJ"]/div[@class="wuzp1o-2 gfSaCZ"]/div[@class="wuzp1o-5 eezkNJ"]/div[@class="eslncg-2 bKwwBK"]/div[@class="eslncg-3 kImoTU"]/div[@class="eslncg-4 gugdEn"]/div[@class="qxyyek-0 gDhhcJ e9phw6-1-sc-bdVaJa cjHrgj e9phw6-0 jBJmyp"]/div[@class="sc-bRBYWo cdRCbH e9phw6-0 jBJmyp"]/form[1]/div[@class="s5csc7v-1 gBEfBY"]/iframe[1]) = count(id("__next")/div[1]/div[1]/div[@class="s111nt22-0 isjfum"]/div[3]/div[3]/div[@class="wuzp1o-0 cCUvkJ"]/div[@class="wuzp1o-2 gfSaCZ"]/div[@class="wuzp1o-5 eezkNJ"]/div[@class="eslncg-2 bKwwBK"]/div[@class="eslncg-3 kImoTU"]/div[@class="eslncg-4 gugdEn"]/div[@class="qxyyek-0 gDhhcJ e9phw6-1-sc-bdVaJa cjHrgj e9phw6-0 jBJmyp"]/div[@class="sc-bRBYWo cdRCbH e9phw6-0 jBJmyp"]/form[1]/div[@class="s5csc7v-1 gBEfBY"]/iframe[1])]' not found)
[[ATTACHMENT|C:\\Users\\Ang\\git\\oddle-automa\\Reports\\login_logout\\20180103_182350\\1514975124774.png]]]]></system-out>
         <system-err><![CDATA[2018-01-03 18:25:04 - [TEST_CASE][FAILED] - Test Cases/006_login_fb_loggedin: Test Cases/006_login_fb_loggedin FAILED because (of) Unable to scroll to object 'Object Repository/LogIn/span_Login with Facebook' (Root cause: com.kms.katalon.core.webui.exception.WebElementNotFoundException: Web element with id: 'Object Repository/LogIn/iframe' located by 'By.xpath: //iframe[count(. | //*[@frameborder = '0']) = count(//*[@frameborder = '0'])][count(. | //*[@src = 'http://oddlefacebooklogindomain.staging.oddle.co/en_SG/facebook/149784952181218/login']) = count(//*[@src = 'http://oddlefacebooklogindomain.staging.oddle.co/en_SG/facebook/149784952181218/login'])][count(. | id("__next")/div[1]/div[1]/div[@class="s111nt22-0 isjfum"]/div[3]/div[3]/div[@class="wuzp1o-0 cCUvkJ"]/div[@class="wuzp1o-2 gfSaCZ"]/div[@class="wuzp1o-5 eezkNJ"]/div[@class="eslncg-2 bKwwBK"]/div[@class="eslncg-3 kImoTU"]/div[@class="eslncg-4 gugdEn"]/div[@class="qxyyek-0 gDhhcJ e9phw6-1-sc-bdVaJa cjHrgj e9phw6-0 jBJmyp"]/div[@class="sc-bRBYWo cdRCbH e9phw6-0 jBJmyp"]/form[1]/div[@class="s5csc7v-1 gBEfBY"]/iframe[1]) = count(id("__next")/div[1]/div[1]/div[@class="s111nt22-0 isjfum"]/div[3]/div[3]/div[@class="wuzp1o-0 cCUvkJ"]/div[@class="wuzp1o-2 gfSaCZ"]/div[@class="wuzp1o-5 eezkNJ"]/div[@class="eslncg-2 bKwwBK"]/div[@class="eslncg-3 kImoTU"]/div[@class="eslncg-4 gugdEn"]/div[@class="qxyyek-0 gDhhcJ e9phw6-1-sc-bdVaJa cjHrgj e9phw6-0 jBJmyp"]/div[@class="sc-bRBYWo cdRCbH e9phw6-0 jBJmyp"]/form[1]/div[@class="s5csc7v-1 gBEfBY"]/iframe[1])]' not found)]]></system-err>
      </testcase>
      <testcase name="Test Cases/007_login_fb_notloggedin" classname="Test Cases/007_login_fb_notloggedin" status="FAILED">
         <failure type="FAILED" message="Unable to scroll to object 'Object Repository/LogIn/span_Login with Facebook' (Root cause: com.kms.katalon.core.webui.exception.WebElementNotFoundException: Web element with id: 'Object Repository/LogIn/iframe' located by 'By.xpath: //iframe[count(. | //*[@frameborder = '0']) = count(//*[@frameborder = '0'])][count(. | //*[@src = 'http://oddlefacebooklogindomain.staging.oddle.co/en_SG/facebook/149784952181218/login']) = count(//*[@src = 'http://oddlefacebooklogindomain.staging.oddle.co/en_SG/facebook/149784952181218/login'])][count(. | id(&quot;__next&quot;)/div[1]/div[1]/div[@class=&quot;s111nt22-0 isjfum&quot;]/div[3]/div[3]/div[@class=&quot;wuzp1o-0 cCUvkJ&quot;]/div[@class=&quot;wuzp1o-2 gfSaCZ&quot;]/div[@class=&quot;wuzp1o-5 eezkNJ&quot;]/div[@class=&quot;eslncg-2 bKwwBK&quot;]/div[@class=&quot;eslncg-3 kImoTU&quot;]/div[@class=&quot;eslncg-4 gugdEn&quot;]/div[@class=&quot;qxyyek-0 gDhhcJ e9phw6-1-sc-bdVaJa cjHrgj e9phw6-0 jBJmyp&quot;]/div[@class=&quot;sc-bRBYWo cdRCbH e9phw6-0 jBJmyp&quot;]/form[1]/div[@class=&quot;s5csc7v-1 gBEfBY&quot;]/iframe[1]) = count(id(&quot;__next&quot;)/div[1]/div[1]/div[@class=&quot;s111nt22-0 isjfum&quot;]/div[3]/div[3]/div[@class=&quot;wuzp1o-0 cCUvkJ&quot;]/div[@class=&quot;wuzp1o-2 gfSaCZ&quot;]/div[@class=&quot;wuzp1o-5 eezkNJ&quot;]/div[@class=&quot;eslncg-2 bKwwBK&quot;]/div[@class=&quot;eslncg-3 kImoTU&quot;]/div[@class=&quot;eslncg-4 gugdEn&quot;]/div[@class=&quot;qxyyek-0 gDhhcJ e9phw6-1-sc-bdVaJa cjHrgj e9phw6-0 jBJmyp&quot;]/div[@class=&quot;sc-bRBYWo cdRCbH e9phw6-0 jBJmyp&quot;]/form[1]/div[@class=&quot;s5csc7v-1 gBEfBY&quot;]/iframe[1])]' not found)"/>
         <system-out><![CDATA[2018-01-03 18:25:25 - [TEST_CASE][FAILED] - Test Cases/007_login_fb_notloggedin: Test Cases/007_login_fb_notloggedin FAILED because (of) Unable to scroll to object 'Object Repository/LogIn/span_Login with Facebook' (Root cause: com.kms.katalon.core.webui.exception.WebElementNotFoundException: Web element with id: 'Object Repository/LogIn/iframe' located by 'By.xpath: //iframe[count(. | //*[@frameborder = '0']) = count(//*[@frameborder = '0'])][count(. | //*[@src = 'http://oddlefacebooklogindomain.staging.oddle.co/en_SG/facebook/149784952181218/login']) = count(//*[@src = 'http://oddlefacebooklogindomain.staging.oddle.co/en_SG/facebook/149784952181218/login'])][count(. | id("__next")/div[1]/div[1]/div[@class="s111nt22-0 isjfum"]/div[3]/div[3]/div[@class="wuzp1o-0 cCUvkJ"]/div[@class="wuzp1o-2 gfSaCZ"]/div[@class="wuzp1o-5 eezkNJ"]/div[@class="eslncg-2 bKwwBK"]/div[@class="eslncg-3 kImoTU"]/div[@class="eslncg-4 gugdEn"]/div[@class="qxyyek-0 gDhhcJ e9phw6-1-sc-bdVaJa cjHrgj e9phw6-0 jBJmyp"]/div[@class="sc-bRBYWo cdRCbH e9phw6-0 jBJmyp"]/form[1]/div[@class="s5csc7v-1 gBEfBY"]/iframe[1]) = count(id("__next")/div[1]/div[1]/div[@class="s111nt22-0 isjfum"]/div[3]/div[3]/div[@class="wuzp1o-0 cCUvkJ"]/div[@class="wuzp1o-2 gfSaCZ"]/div[@class="wuzp1o-5 eezkNJ"]/div[@class="eslncg-2 bKwwBK"]/div[@class="eslncg-3 kImoTU"]/div[@class="eslncg-4 gugdEn"]/div[@class="qxyyek-0 gDhhcJ e9phw6-1-sc-bdVaJa cjHrgj e9phw6-0 jBJmyp"]/div[@class="sc-bRBYWo cdRCbH e9phw6-0 jBJmyp"]/form[1]/div[@class="s5csc7v-1 gBEfBY"]/iframe[1])]' not found)

2018-01-03 18:25:25 - [TEST_STEP][PASSED] - openBrowser: Browser is opened with url: ''

2018-01-03 18:25:27 - [MESSAGE][PASSED] - Browser is opened with url: ''

2018-01-03 18:25:27 - [TEST_STEP][PASSED] - navigateToUrl: Navigate to 'http://mcdonaldstest.staging.oddle.co' successfully

2018-01-03 18:25:30 - [MESSAGE][PASSED] - Navigate to 'http://mcdonaldstest.staging.oddle.co' successfully

2018-01-03 18:25:30 - [TEST_STEP][PASSED] - click: Object: 'Object Repository/LogIn/div_Log in' is clicked on

2018-01-03 18:25:30 - [MESSAGE][PASSED] - Object: 'Object Repository/LogIn/div_Log in' is clicked on

2018-01-03 18:25:30 - [TEST_STEP][PASSED] - delay: Delayed 3 second(s)

2018-01-03 18:25:33 - [MESSAGE][PASSED] - Delayed 3 second(s)

2018-01-03 18:25:33 - [TEST_STEP][FAILED] - scrollToElement: Unable to scroll to object 'Object Repository/LogIn/span_Login with Facebook' (Root cause: com.kms.katalon.core.webui.exception.WebElementNotFoundException: Web element with id: 'Object Repository/LogIn/iframe' located by 'By.xpath: //iframe[count(. | //*[@frameborder = '0']) = count(//*[@frameborder = '0'])][count(. | //*[@src = 'http://oddlefacebooklogindomain.staging.oddle.co/en_SG/facebook/149784952181218/login']) = count(//*[@src = 'http://oddlefacebooklogindomain.staging.oddle.co/en_SG/facebook/149784952181218/login'])][count(. | id("__next")/div[1]/div[1]/div[@class="s111nt22-0 isjfum"]/div[3]/div[3]/div[@class="wuzp1o-0 cCUvkJ"]/div[@class="wuzp1o-2 gfSaCZ"]/div[@class="wuzp1o-5 eezkNJ"]/div[@class="eslncg-2 bKwwBK"]/div[@class="eslncg-3 kImoTU"]/div[@class="eslncg-4 gugdEn"]/div[@class="qxyyek-0 gDhhcJ e9phw6-1-sc-bdVaJa cjHrgj e9phw6-0 jBJmyp"]/div[@class="sc-bRBYWo cdRCbH e9phw6-0 jBJmyp"]/form[1]/div[@class="s5csc7v-1 gBEfBY"]/iframe[1]) = count(id("__next")/div[1]/div[1]/div[@class="s111nt22-0 isjfum"]/div[3]/div[3]/div[@class="wuzp1o-0 cCUvkJ"]/div[@class="wuzp1o-2 gfSaCZ"]/div[@class="wuzp1o-5 eezkNJ"]/div[@class="eslncg-2 bKwwBK"]/div[@class="eslncg-3 kImoTU"]/div[@class="eslncg-4 gugdEn"]/div[@class="qxyyek-0 gDhhcJ e9phw6-1-sc-bdVaJa cjHrgj e9phw6-0 jBJmyp"]/div[@class="sc-bRBYWo cdRCbH e9phw6-0 jBJmyp"]/form[1]/div[@class="s5csc7v-1 gBEfBY"]/iframe[1])]' not found)

2018-01-03 18:25:33 - [MESSAGE][WARNING] - Timeout '0' is invalid. Using default page load timeout: '5'

2018-01-03 18:25:39 - [MESSAGE][FAILED] - Unable to scroll to object 'Object Repository/LogIn/span_Login with Facebook' (Root cause: com.kms.katalon.core.webui.exception.WebElementNotFoundException: Web element with id: 'Object Repository/LogIn/iframe' located by 'By.xpath: //iframe[count(. | //*[@frameborder = '0']) = count(//*[@frameborder = '0'])][count(. | //*[@src = 'http://oddlefacebooklogindomain.staging.oddle.co/en_SG/facebook/149784952181218/login']) = count(//*[@src = 'http://oddlefacebooklogindomain.staging.oddle.co/en_SG/facebook/149784952181218/login'])][count(. | id("__next")/div[1]/div[1]/div[@class="s111nt22-0 isjfum"]/div[3]/div[3]/div[@class="wuzp1o-0 cCUvkJ"]/div[@class="wuzp1o-2 gfSaCZ"]/div[@class="wuzp1o-5 eezkNJ"]/div[@class="eslncg-2 bKwwBK"]/div[@class="eslncg-3 kImoTU"]/div[@class="eslncg-4 gugdEn"]/div[@class="qxyyek-0 gDhhcJ e9phw6-1-sc-bdVaJa cjHrgj e9phw6-0 jBJmyp"]/div[@class="sc-bRBYWo cdRCbH e9phw6-0 jBJmyp"]/form[1]/div[@class="s5csc7v-1 gBEfBY"]/iframe[1]) = count(id("__next")/div[1]/div[1]/div[@class="s111nt22-0 isjfum"]/div[3]/div[3]/div[@class="wuzp1o-0 cCUvkJ"]/div[@class="wuzp1o-2 gfSaCZ"]/div[@class="wuzp1o-5 eezkNJ"]/div[@class="eslncg-2 bKwwBK"]/div[@class="eslncg-3 kImoTU"]/div[@class="eslncg-4 gugdEn"]/div[@class="qxyyek-0 gDhhcJ e9phw6-1-sc-bdVaJa cjHrgj e9phw6-0 jBJmyp"]/div[@class="sc-bRBYWo cdRCbH e9phw6-0 jBJmyp"]/form[1]/div[@class="s5csc7v-1 gBEfBY"]/iframe[1])]' not found)
[[ATTACHMENT|C:\\Users\\Ang\\git\\oddle-automa\\Reports\\login_logout\\20180103_182350\\1514975138726.png]]]]></system-out>
         <system-err><![CDATA[2018-01-03 18:25:25 - [TEST_CASE][FAILED] - Test Cases/007_login_fb_notloggedin: Test Cases/007_login_fb_notloggedin FAILED because (of) Unable to scroll to object 'Object Repository/LogIn/span_Login with Facebook' (Root cause: com.kms.katalon.core.webui.exception.WebElementNotFoundException: Web element with id: 'Object Repository/LogIn/iframe' located by 'By.xpath: //iframe[count(. | //*[@frameborder = '0']) = count(//*[@frameborder = '0'])][count(. | //*[@src = 'http://oddlefacebooklogindomain.staging.oddle.co/en_SG/facebook/149784952181218/login']) = count(//*[@src = 'http://oddlefacebooklogindomain.staging.oddle.co/en_SG/facebook/149784952181218/login'])][count(. | id("__next")/div[1]/div[1]/div[@class="s111nt22-0 isjfum"]/div[3]/div[3]/div[@class="wuzp1o-0 cCUvkJ"]/div[@class="wuzp1o-2 gfSaCZ"]/div[@class="wuzp1o-5 eezkNJ"]/div[@class="eslncg-2 bKwwBK"]/div[@class="eslncg-3 kImoTU"]/div[@class="eslncg-4 gugdEn"]/div[@class="qxyyek-0 gDhhcJ e9phw6-1-sc-bdVaJa cjHrgj e9phw6-0 jBJmyp"]/div[@class="sc-bRBYWo cdRCbH e9phw6-0 jBJmyp"]/form[1]/div[@class="s5csc7v-1 gBEfBY"]/iframe[1]) = count(id("__next")/div[1]/div[1]/div[@class="s111nt22-0 isjfum"]/div[3]/div[3]/div[@class="wuzp1o-0 cCUvkJ"]/div[@class="wuzp1o-2 gfSaCZ"]/div[@class="wuzp1o-5 eezkNJ"]/div[@class="eslncg-2 bKwwBK"]/div[@class="eslncg-3 kImoTU"]/div[@class="eslncg-4 gugdEn"]/div[@class="qxyyek-0 gDhhcJ e9phw6-1-sc-bdVaJa cjHrgj e9phw6-0 jBJmyp"]/div[@class="sc-bRBYWo cdRCbH e9phw6-0 jBJmyp"]/form[1]/div[@class="s5csc7v-1 gBEfBY"]/iframe[1])]' not found)]]></system-err>
      </testcase>
      <testcase name="Test Cases/008_login_fb_wrongpw" classname="Test Cases/008_login_fb_wrongpw" status="FAILED">
         <failure type="FAILED" message="Unable to scroll to object 'Object Repository/LogIn/span_Login with Facebook' (Root cause: com.kms.katalon.core.webui.exception.WebElementNotFoundException: Web element with id: 'Object Repository/LogIn/iframe' located by 'By.xpath: //iframe[count(. | //*[@frameborder = '0']) = count(//*[@frameborder = '0'])][count(. | //*[@src = 'http://oddlefacebooklogindomain.staging.oddle.co/en_SG/facebook/149784952181218/login']) = count(//*[@src = 'http://oddlefacebooklogindomain.staging.oddle.co/en_SG/facebook/149784952181218/login'])][count(. | id(&quot;__next&quot;)/div[1]/div[1]/div[@class=&quot;s111nt22-0 isjfum&quot;]/div[3]/div[3]/div[@class=&quot;wuzp1o-0 cCUvkJ&quot;]/div[@class=&quot;wuzp1o-2 gfSaCZ&quot;]/div[@class=&quot;wuzp1o-5 eezkNJ&quot;]/div[@class=&quot;eslncg-2 bKwwBK&quot;]/div[@class=&quot;eslncg-3 kImoTU&quot;]/div[@class=&quot;eslncg-4 gugdEn&quot;]/div[@class=&quot;qxyyek-0 gDhhcJ e9phw6-1-sc-bdVaJa cjHrgj e9phw6-0 jBJmyp&quot;]/div[@class=&quot;sc-bRBYWo cdRCbH e9phw6-0 jBJmyp&quot;]/form[1]/div[@class=&quot;s5csc7v-1 gBEfBY&quot;]/iframe[1]) = count(id(&quot;__next&quot;)/div[1]/div[1]/div[@class=&quot;s111nt22-0 isjfum&quot;]/div[3]/div[3]/div[@class=&quot;wuzp1o-0 cCUvkJ&quot;]/div[@class=&quot;wuzp1o-2 gfSaCZ&quot;]/div[@class=&quot;wuzp1o-5 eezkNJ&quot;]/div[@class=&quot;eslncg-2 bKwwBK&quot;]/div[@class=&quot;eslncg-3 kImoTU&quot;]/div[@class=&quot;eslncg-4 gugdEn&quot;]/div[@class=&quot;qxyyek-0 gDhhcJ e9phw6-1-sc-bdVaJa cjHrgj e9phw6-0 jBJmyp&quot;]/div[@class=&quot;sc-bRBYWo cdRCbH e9phw6-0 jBJmyp&quot;]/form[1]/div[@class=&quot;s5csc7v-1 gBEfBY&quot;]/iframe[1])]' not found)"/>
         <system-out><![CDATA[2018-01-03 18:25:39 - [TEST_CASE][FAILED] - Test Cases/008_login_fb_wrongpw: Test Cases/008_login_fb_wrongpw FAILED because (of) Unable to scroll to object 'Object Repository/LogIn/span_Login with Facebook' (Root cause: com.kms.katalon.core.webui.exception.WebElementNotFoundException: Web element with id: 'Object Repository/LogIn/iframe' located by 'By.xpath: //iframe[count(. | //*[@frameborder = '0']) = count(//*[@frameborder = '0'])][count(. | //*[@src = 'http://oddlefacebooklogindomain.staging.oddle.co/en_SG/facebook/149784952181218/login']) = count(//*[@src = 'http://oddlefacebooklogindomain.staging.oddle.co/en_SG/facebook/149784952181218/login'])][count(. | id("__next")/div[1]/div[1]/div[@class="s111nt22-0 isjfum"]/div[3]/div[3]/div[@class="wuzp1o-0 cCUvkJ"]/div[@class="wuzp1o-2 gfSaCZ"]/div[@class="wuzp1o-5 eezkNJ"]/div[@class="eslncg-2 bKwwBK"]/div[@class="eslncg-3 kImoTU"]/div[@class="eslncg-4 gugdEn"]/div[@class="qxyyek-0 gDhhcJ e9phw6-1-sc-bdVaJa cjHrgj e9phw6-0 jBJmyp"]/div[@class="sc-bRBYWo cdRCbH e9phw6-0 jBJmyp"]/form[1]/div[@class="s5csc7v-1 gBEfBY"]/iframe[1]) = count(id("__next")/div[1]/div[1]/div[@class="s111nt22-0 isjfum"]/div[3]/div[3]/div[@class="wuzp1o-0 cCUvkJ"]/div[@class="wuzp1o-2 gfSaCZ"]/div[@class="wuzp1o-5 eezkNJ"]/div[@class="eslncg-2 bKwwBK"]/div[@class="eslncg-3 kImoTU"]/div[@class="eslncg-4 gugdEn"]/div[@class="qxyyek-0 gDhhcJ e9phw6-1-sc-bdVaJa cjHrgj e9phw6-0 jBJmyp"]/div[@class="sc-bRBYWo cdRCbH e9phw6-0 jBJmyp"]/form[1]/div[@class="s5csc7v-1 gBEfBY"]/iframe[1])]' not found)

2018-01-03 18:25:40 - [TEST_STEP][PASSED] - openBrowser: Browser is opened with url: ''

2018-01-03 18:25:42 - [MESSAGE][PASSED] - Browser is opened with url: ''

2018-01-03 18:25:42 - [TEST_STEP][PASSED] - navigateToUrl: Navigate to 'http://mcdonaldstest.staging.oddle.co' successfully

2018-01-03 18:25:44 - [MESSAGE][PASSED] - Navigate to 'http://mcdonaldstest.staging.oddle.co' successfully

2018-01-03 18:25:44 - [TEST_STEP][PASSED] - click: Object: 'Object Repository/LogIn/div_Log in' is clicked on

2018-01-03 18:25:44 - [MESSAGE][PASSED] - Object: 'Object Repository/LogIn/div_Log in' is clicked on

2018-01-03 18:25:44 - [TEST_STEP][PASSED] - delay: Delayed 3 second(s)

2018-01-03 18:25:47 - [MESSAGE][PASSED] - Delayed 3 second(s)

2018-01-03 18:25:47 - [TEST_STEP][FAILED] - scrollToElement: Unable to scroll to object 'Object Repository/LogIn/span_Login with Facebook' (Root cause: com.kms.katalon.core.webui.exception.WebElementNotFoundException: Web element with id: 'Object Repository/LogIn/iframe' located by 'By.xpath: //iframe[count(. | //*[@frameborder = '0']) = count(//*[@frameborder = '0'])][count(. | //*[@src = 'http://oddlefacebooklogindomain.staging.oddle.co/en_SG/facebook/149784952181218/login']) = count(//*[@src = 'http://oddlefacebooklogindomain.staging.oddle.co/en_SG/facebook/149784952181218/login'])][count(. | id("__next")/div[1]/div[1]/div[@class="s111nt22-0 isjfum"]/div[3]/div[3]/div[@class="wuzp1o-0 cCUvkJ"]/div[@class="wuzp1o-2 gfSaCZ"]/div[@class="wuzp1o-5 eezkNJ"]/div[@class="eslncg-2 bKwwBK"]/div[@class="eslncg-3 kImoTU"]/div[@class="eslncg-4 gugdEn"]/div[@class="qxyyek-0 gDhhcJ e9phw6-1-sc-bdVaJa cjHrgj e9phw6-0 jBJmyp"]/div[@class="sc-bRBYWo cdRCbH e9phw6-0 jBJmyp"]/form[1]/div[@class="s5csc7v-1 gBEfBY"]/iframe[1]) = count(id("__next")/div[1]/div[1]/div[@class="s111nt22-0 isjfum"]/div[3]/div[3]/div[@class="wuzp1o-0 cCUvkJ"]/div[@class="wuzp1o-2 gfSaCZ"]/div[@class="wuzp1o-5 eezkNJ"]/div[@class="eslncg-2 bKwwBK"]/div[@class="eslncg-3 kImoTU"]/div[@class="eslncg-4 gugdEn"]/div[@class="qxyyek-0 gDhhcJ e9phw6-1-sc-bdVaJa cjHrgj e9phw6-0 jBJmyp"]/div[@class="sc-bRBYWo cdRCbH e9phw6-0 jBJmyp"]/form[1]/div[@class="s5csc7v-1 gBEfBY"]/iframe[1])]' not found)

2018-01-03 18:25:47 - [MESSAGE][WARNING] - Timeout '0' is invalid. Using default page load timeout: '5'

2018-01-03 18:25:53 - [MESSAGE][FAILED] - Unable to scroll to object 'Object Repository/LogIn/span_Login with Facebook' (Root cause: com.kms.katalon.core.webui.exception.WebElementNotFoundException: Web element with id: 'Object Repository/LogIn/iframe' located by 'By.xpath: //iframe[count(. | //*[@frameborder = '0']) = count(//*[@frameborder = '0'])][count(. | //*[@src = 'http://oddlefacebooklogindomain.staging.oddle.co/en_SG/facebook/149784952181218/login']) = count(//*[@src = 'http://oddlefacebooklogindomain.staging.oddle.co/en_SG/facebook/149784952181218/login'])][count(. | id("__next")/div[1]/div[1]/div[@class="s111nt22-0 isjfum"]/div[3]/div[3]/div[@class="wuzp1o-0 cCUvkJ"]/div[@class="wuzp1o-2 gfSaCZ"]/div[@class="wuzp1o-5 eezkNJ"]/div[@class="eslncg-2 bKwwBK"]/div[@class="eslncg-3 kImoTU"]/div[@class="eslncg-4 gugdEn"]/div[@class="qxyyek-0 gDhhcJ e9phw6-1-sc-bdVaJa cjHrgj e9phw6-0 jBJmyp"]/div[@class="sc-bRBYWo cdRCbH e9phw6-0 jBJmyp"]/form[1]/div[@class="s5csc7v-1 gBEfBY"]/iframe[1]) = count(id("__next")/div[1]/div[1]/div[@class="s111nt22-0 isjfum"]/div[3]/div[3]/div[@class="wuzp1o-0 cCUvkJ"]/div[@class="wuzp1o-2 gfSaCZ"]/div[@class="wuzp1o-5 eezkNJ"]/div[@class="eslncg-2 bKwwBK"]/div[@class="eslncg-3 kImoTU"]/div[@class="eslncg-4 gugdEn"]/div[@class="qxyyek-0 gDhhcJ e9phw6-1-sc-bdVaJa cjHrgj e9phw6-0 jBJmyp"]/div[@class="sc-bRBYWo cdRCbH e9phw6-0 jBJmyp"]/form[1]/div[@class="s5csc7v-1 gBEfBY"]/iframe[1])]' not found)
[[ATTACHMENT|C:\\Users\\Ang\\git\\oddle-automa\\Reports\\login_logout\\20180103_182350\\1514975152880.png]]]]></system-out>
         <system-err><![CDATA[2018-01-03 18:25:39 - [TEST_CASE][FAILED] - Test Cases/008_login_fb_wrongpw: Test Cases/008_login_fb_wrongpw FAILED because (of) Unable to scroll to object 'Object Repository/LogIn/span_Login with Facebook' (Root cause: com.kms.katalon.core.webui.exception.WebElementNotFoundException: Web element with id: 'Object Repository/LogIn/iframe' located by 'By.xpath: //iframe[count(. | //*[@frameborder = '0']) = count(//*[@frameborder = '0'])][count(. | //*[@src = 'http://oddlefacebooklogindomain.staging.oddle.co/en_SG/facebook/149784952181218/login']) = count(//*[@src = 'http://oddlefacebooklogindomain.staging.oddle.co/en_SG/facebook/149784952181218/login'])][count(. | id("__next")/div[1]/div[1]/div[@class="s111nt22-0 isjfum"]/div[3]/div[3]/div[@class="wuzp1o-0 cCUvkJ"]/div[@class="wuzp1o-2 gfSaCZ"]/div[@class="wuzp1o-5 eezkNJ"]/div[@class="eslncg-2 bKwwBK"]/div[@class="eslncg-3 kImoTU"]/div[@class="eslncg-4 gugdEn"]/div[@class="qxyyek-0 gDhhcJ e9phw6-1-sc-bdVaJa cjHrgj e9phw6-0 jBJmyp"]/div[@class="sc-bRBYWo cdRCbH e9phw6-0 jBJmyp"]/form[1]/div[@class="s5csc7v-1 gBEfBY"]/iframe[1]) = count(id("__next")/div[1]/div[1]/div[@class="s111nt22-0 isjfum"]/div[3]/div[3]/div[@class="wuzp1o-0 cCUvkJ"]/div[@class="wuzp1o-2 gfSaCZ"]/div[@class="wuzp1o-5 eezkNJ"]/div[@class="eslncg-2 bKwwBK"]/div[@class="eslncg-3 kImoTU"]/div[@class="eslncg-4 gugdEn"]/div[@class="qxyyek-0 gDhhcJ e9phw6-1-sc-bdVaJa cjHrgj e9phw6-0 jBJmyp"]/div[@class="sc-bRBYWo cdRCbH e9phw6-0 jBJmyp"]/form[1]/div[@class="s5csc7v-1 gBEfBY"]/iframe[1])]' not found)]]></system-err>
      </testcase>
      <testcase name="Test Cases/009_logout" classname="Test Cases/009_logout" status="PASSED">
         <system-out><![CDATA[2018-01-03 18:25:53 - [TEST_CASE][PASSED] - Test Cases/009_logout: Test Cases/009_logout

2018-01-03 18:25:53 - [TEST_STEP][PASSED] - callTestCase: Call Test Case 'Test Cases/001_login_email_successful' successfully

2018-01-03 18:25:54 - [TEST_CASE][PASSED] - Test Cases/001_login_email_successful: Test Cases/001_login_email_successful

2018-01-03 18:25:54 - [TEST_STEP][PASSED] - openBrowser: Browser is opened with url: ''

2018-01-03 18:25:56 - [MESSAGE][PASSED] - Browser is opened with url: ''

2018-01-03 18:25:56 - [TEST_STEP][PASSED] - navigateToUrl: Navigate to 'http://mcdonaldstest.staging.oddle.co' successfully

2018-01-03 18:25:58 - [MESSAGE][PASSED] - Navigate to 'http://mcdonaldstest.staging.oddle.co' successfully

2018-01-03 18:25:58 - [TEST_STEP][PASSED] - click: Object: 'Object Repository/LogIn/div_Log in' is clicked on

2018-01-03 18:25:58 - [MESSAGE][PASSED] - Object: 'Object Repository/LogIn/div_Log in' is clicked on

2018-01-03 18:25:58 - [TEST_STEP][PASSED] - setText: Text 'kevin.ang@oddle.me' is set on object 'Object Repository/LogIn/input_email'

2018-01-03 18:25:59 - [MESSAGE][PASSED] - Text 'kevin.ang@oddle.me' is set on object 'Object Repository/LogIn/input_email'

2018-01-03 18:25:59 - [TEST_STEP][PASSED] - setText: Text '0ddleatw' is set on object 'Object Repository/LogIn/input_password'

2018-01-03 18:26:00 - [MESSAGE][PASSED] - Text '0ddleatw' is set on object 'Object Repository/LogIn/input_password'

2018-01-03 18:26:00 - [TEST_STEP][PASSED] - click: Object: 'Object Repository/LogIn/button_Login' is clicked on

2018-01-03 18:26:00 - [MESSAGE][PASSED] - Object: 'Object Repository/LogIn/button_Login' is clicked on

2018-01-03 18:26:00 - [TEST_STEP][PASSED] - delay: Delayed 3 second(s)

2018-01-03 18:26:03 - [MESSAGE][PASSED] - Delayed 3 second(s)

2018-01-03 18:26:03 - [TEST_STEP][PASSED] - autoKeywords.verifyLoggedIn.verifyLogged: autoKeywords.verifyLoggedIn.verifyLogged is PASSED

2018-01-03 18:26:03 - [MESSAGE][PASSED] - Text of object 'Object Repository/LogIn/div_Hi user' is: 'Hi, John'

2018-01-03 18:26:03 - [MESSAGE][PASSED] - Actual text 'Hi, John' and expected text 'Log In' are not matched 

2018-01-03 18:26:03 - [MESSAGE][PASSED] - autoKeywords.verifyLoggedIn.verifyLogged is PASSED

2018-01-03 18:26:03 - [MESSAGE][PASSED] - Call Test Case 'Test Cases/001_login_email_successful' successfully

2018-01-03 18:26:03 - [TEST_STEP][PASSED] - delay: Delayed 1 second(s)

2018-01-03 18:26:04 - [MESSAGE][PASSED] - Delayed 1 second(s)

2018-01-03 18:26:04 - [TEST_STEP][PASSED] - click: Object: 'Object Repository/LogIn/div_Hi user' is clicked on

2018-01-03 18:26:04 - [MESSAGE][PASSED] - Object: 'Object Repository/LogIn/div_Hi user' is clicked on

2018-01-03 18:26:04 - [TEST_STEP][PASSED] - delay: Delayed 1 second(s)

2018-01-03 18:26:05 - [MESSAGE][PASSED] - Delayed 1 second(s)

2018-01-03 18:26:05 - [TEST_STEP][PASSED] - click: Object: 'Object Repository/LogIn/a_Sign out' is clicked on

2018-01-03 18:26:05 - [MESSAGE][PASSED] - Object: 'Object Repository/LogIn/a_Sign out' is clicked on

2018-01-03 18:26:05 - [TEST_STEP][PASSED] - delay: Delayed 1 second(s)

2018-01-03 18:26:06 - [MESSAGE][PASSED] - Delayed 1 second(s)

2018-01-03 18:26:06 - [TEST_STEP][PASSED] - click: Object: 'Object Repository/Account/button_Sign Out' is clicked on

2018-01-03 18:26:06 - [MESSAGE][PASSED] - Object: 'Object Repository/Account/button_Sign Out' is clicked on

2018-01-03 18:26:06 - [TEST_STEP][PASSED] - delay: Delayed 1 second(s)

2018-01-03 18:26:07 - [MESSAGE][PASSED] - Delayed 1 second(s)

2018-01-03 18:26:07 - [TEST_STEP][PASSED] - autoKeywords.verifyLoggedOut.verifyNotLogged: autoKeywords.verifyLoggedOut.verifyNotLogged is PASSED

2018-01-03 18:26:07 - [MESSAGE][WARNING] - Timeout '0' is invalid. Using default page load timeout: '5'

2018-01-03 18:26:08 - [MESSAGE][PASSED] - Object 'Object Repository/LogIn/div_Log in' is present

2018-01-03 18:26:08 - [MESSAGE][PASSED] - autoKeywords.verifyLoggedOut.verifyNotLogged is PASSED]]></system-out>
         <system-err><![CDATA[]]></system-err>
      </testcase>
      <system-out><![CDATA[2018-01-03 18:23:57 - [TEST_SUITE][FAILED] - login_logout: Test Cases/003_login_email_wrongpwformat FAILED because (of) Unable to verify object 'Object Repository/LogIn/span_Password should be at lea' is present (Root cause: com.kms.katalon.core.webui.exception.WebElementNotFoundException: Web element with id: 'Object Repository/LogIn/span_Password should be at lea' located by 'By.xpath: //span[count(. | //*[@class = 'dot6ul-4 fYbvjS']) = count(//*[@class = 'dot6ul-4 fYbvjS'])][count(. | //*[text() = 'Password should be at least 8 characters long']) = count(//*[text() = 'Password should be at least 8 characters long'])][count(. | id("__next")/div[1]/div[1]/div[@class="s111nt22-0 isjfum"]/div[3]/div[3]/div[@class="wuzp1o-0 cCUvkJ"]/div[@class="wuzp1o-2 gfSaCZ"]/div[@class="wuzp1o-5 eezkNJ"]/div[@class="eslncg-2 bKwwBK"]/div[@class="eslncg-3 kImoTU"]/div[@class="eslncg-4 gugdEn"]/div[@class="qxyyek-0 gDhhcJ e9phw6-1-sc-bdVaJa cjHrgj e9phw6-0 jBJmyp"]/div[@class="sc-bRBYWo cdRCbH e9phw6-0 jBJmyp"]/form[1]/div[@class="s1kn4au3-0 gYDZag"]/div[2]/span[@class="dot6ul-4 fYbvjS"]) = count(id("__next")/div[1]/div[1]/div[@class="s111nt22-0 isjfum"]/div[3]/div[3]/div[@class="wuzp1o-0 cCUvkJ"]/div[@class="wuzp1o-2 gfSaCZ"]/div[@class="wuzp1o-5 eezkNJ"]/div[@class="eslncg-2 bKwwBK"]/div[@class="eslncg-3 kImoTU"]/div[@class="eslncg-4 gugdEn"]/div[@class="qxyyek-0 gDhhcJ e9phw6-1-sc-bdVaJa cjHrgj e9phw6-0 jBJmyp"]/div[@class="sc-bRBYWo cdRCbH e9phw6-0 jBJmyp"]/form[1]/div[@class="s1kn4au3-0 gYDZag"]/div[2]/span[@class="dot6ul-4 fYbvjS"])]' not found)]]></system-out>
      <system-err><![CDATA[2018-01-03 18:23:57 - [TEST_SUITE][FAILED] - login_logout: Test Cases/003_login_email_wrongpwformat FAILED because (of) Unable to verify object 'Object Repository/LogIn/span_Password should be at lea' is present (Root cause: com.kms.katalon.core.webui.exception.WebElementNotFoundException: Web element with id: 'Object Repository/LogIn/span_Password should be at lea' located by 'By.xpath: //span[count(. | //*[@class = 'dot6ul-4 fYbvjS']) = count(//*[@class = 'dot6ul-4 fYbvjS'])][count(. | //*[text() = 'Password should be at least 8 characters long']) = count(//*[text() = 'Password should be at least 8 characters long'])][count(. | id("__next")/div[1]/div[1]/div[@class="s111nt22-0 isjfum"]/div[3]/div[3]/div[@class="wuzp1o-0 cCUvkJ"]/div[@class="wuzp1o-2 gfSaCZ"]/div[@class="wuzp1o-5 eezkNJ"]/div[@class="eslncg-2 bKwwBK"]/div[@class="eslncg-3 kImoTU"]/div[@class="eslncg-4 gugdEn"]/div[@class="qxyyek-0 gDhhcJ e9phw6-1-sc-bdVaJa cjHrgj e9phw6-0 jBJmyp"]/div[@class="sc-bRBYWo cdRCbH e9phw6-0 jBJmyp"]/form[1]/div[@class="s1kn4au3-0 gYDZag"]/div[2]/span[@class="dot6ul-4 fYbvjS"]) = count(id("__next")/div[1]/div[1]/div[@class="s111nt22-0 isjfum"]/div[3]/div[3]/div[@class="wuzp1o-0 cCUvkJ"]/div[@class="wuzp1o-2 gfSaCZ"]/div[@class="wuzp1o-5 eezkNJ"]/div[@class="eslncg-2 bKwwBK"]/div[@class="eslncg-3 kImoTU"]/div[@class="eslncg-4 gugdEn"]/div[@class="qxyyek-0 gDhhcJ e9phw6-1-sc-bdVaJa cjHrgj e9phw6-0 jBJmyp"]/div[@class="sc-bRBYWo cdRCbH e9phw6-0 jBJmyp"]/form[1]/div[@class="s1kn4au3-0 gYDZag"]/div[2]/span[@class="dot6ul-4 fYbvjS"])]' not found)]]></system-err>
   </testsuite>
</testsuites>
