<?xml version="1.0" encoding="UTF-8"?>
<testsuites name="signup_spam_suite" time="69" tests="0" failures="1" errors="0">
   <testsuite name="signup_spam_suite" tests="0" failures="1" errors="0" time="69" timestamp="2018-01-03 17:29:36" hostname="Ang - DESKTOP-JMN7MR3" id="Test Suites/signup_spam_suite">
      <properties>
         <property name="deviceName" value=""/>
         <property name="devicePlatform" value=""/>
         <property name="logFolder" value="C:\\Users\\Ang\\git\\oddle-automa\\Reports\\signup_spam_suite\\20180103_172853"/>
         <property name="logFiles" value="C:\\Users\\Ang\\git\\oddle-automa\\Reports\\signup_spam_suite\\20180103_172853\\execution0.log"/>
         <property name="attachments" value="C:\\Users\\Ang\\git\\oddle-automa\\Reports\\signup_spam_suite\\20180103_172853\\1514971843607.png"/>
         <property name="hostName" value="Ang - DESKTOP-JMN7MR3"/>
         <property name="os" value="Windows 10 64bit"/>
         <property name="katalonVersion" value="5.2.0.1"/>
         <property name="browser" value="Chrome 63.0.3239.84"/>
         <property name="hostAddress" value="192.168.126.1"/>
         <property name="sessionId" value="97d0c373ef11ce7defcedd3a0763c8c6"/>
         <property name="seleniumVersion" value="3.7.1"/>
         <property name="proxyInformation" value="ProxyInformation{proxyOption=NO_PROXY, proxyServerType=HTTP, password=, proxyServerAddress=, proxyServerPort=0}"/>
         <property name="platform" value="Windows 10"/>
      </properties>
      <testcase name="Test Cases/010_signup_success" classname="Test Cases/010_signup_success" status="FAILED">
         <failure type="FAILED" message="Unable to click on object 'Object Repository/LogIn/div_Log in' (Root cause: com.kms.katalon.core.webui.exception.WebElementNotFoundException: Web element with id: 'Object Repository/LogIn/div_Log in' located by 'By.xpath: //div[count(. | //*[@class = 's3mrp9-1-sc-iRbamj itgTmG s3mrp9-0-div lklLAD']) = count(//*[@class = 's3mrp9-1-sc-iRbamj itgTmG s3mrp9-0-div lklLAD'])][count(. | //*[@role = 'button']) = count(//*[@role = 'button'])][count(. | //*[text() = 'Log in']) = count(//*[text() = 'Log in'])][count(. | id(&quot;__next&quot;)/div[1]/div[1]/div[@class=&quot;s111nt22-0 isjfum&quot;]/div[@class=&quot;e9phw6-1-sc-bdVaJa iriZUy e9phw6-0 jBJmyp&quot;]/div[@class=&quot;s1ikpaay-0 DWEVL&quot;]/div[@class=&quot;s1ikpaay-1 ebgyAt&quot;]/div[@class=&quot;b95ya3-0 lopHMx e9phw6-1-sc-bdVaJa jUFEmu e9phw6-0 jBJmyp&quot;]/div[@class=&quot;s1ikpaay-4 drrHoE&quot;]/div[@class=&quot;s19enx61-0 eexayc e9phw6-1-sc-bdVaJa QPZnU e9phw6-0 jBJmyp&quot;]/div[@class=&quot;s19enx61-3-sc-jlyJG hNZsXk e9phw6-1-sc-bdVaJa gamxMN e9phw6-0 jBJmyp&quot;]/div[@class=&quot;e2lxka-3 idLvhV&quot;]/div[@class=&quot;e9phw6-1-sc-bdVaJa iriZUy e9phw6-0 jBJmyp&quot;]/a[@class=&quot;s1nouw8s-2 gsOhjW&quot;]/div[@class=&quot;s3mrp9-1-sc-iRbamj itgTmG s3mrp9-0-div lklLAD&quot;]) = count(id(&quot;__next&quot;)/div[1]/div[1]/div[@class=&quot;s111nt22-0 isjfum&quot;]/div[@class=&quot;e9phw6-1-sc-bdVaJa iriZUy e9phw6-0 jBJmyp&quot;]/div[@class=&quot;s1ikpaay-0 DWEVL&quot;]/div[@class=&quot;s1ikpaay-1 ebgyAt&quot;]/div[@class=&quot;b95ya3-0 lopHMx e9phw6-1-sc-bdVaJa jUFEmu e9phw6-0 jBJmyp&quot;]/div[@class=&quot;s1ikpaay-4 drrHoE&quot;]/div[@class=&quot;s19enx61-0 eexayc e9phw6-1-sc-bdVaJa QPZnU e9phw6-0 jBJmyp&quot;]/div[@class=&quot;s19enx61-3-sc-jlyJG hNZsXk e9phw6-1-sc-bdVaJa gamxMN e9phw6-0 jBJmyp&quot;]/div[@class=&quot;e2lxka-3 idLvhV&quot;]/div[@class=&quot;e9phw6-1-sc-bdVaJa iriZUy e9phw6-0 jBJmyp&quot;]/a[@class=&quot;s1nouw8s-2 gsOhjW&quot;]/div[@class=&quot;s3mrp9-1-sc-iRbamj itgTmG s3mrp9-0-div lklLAD&quot;])]' not found)"/>
         <system-out><![CDATA[2018-01-03 17:29:36 - [TEST_CASE][FAILED] - Test Cases/010_signup_success: Test Cases/010_signup_success FAILED because (of) Unable to click on object 'Object Repository/LogIn/div_Log in' (Root cause: com.kms.katalon.core.webui.exception.WebElementNotFoundException: Web element with id: 'Object Repository/LogIn/div_Log in' located by 'By.xpath: //div[count(. | //*[@class = 's3mrp9-1-sc-iRbamj itgTmG s3mrp9-0-div lklLAD']) = count(//*[@class = 's3mrp9-1-sc-iRbamj itgTmG s3mrp9-0-div lklLAD'])][count(. | //*[@role = 'button']) = count(//*[@role = 'button'])][count(. | //*[text() = 'Log in']) = count(//*[text() = 'Log in'])][count(. | id("__next")/div[1]/div[1]/div[@class="s111nt22-0 isjfum"]/div[@class="e9phw6-1-sc-bdVaJa iriZUy e9phw6-0 jBJmyp"]/div[@class="s1ikpaay-0 DWEVL"]/div[@class="s1ikpaay-1 ebgyAt"]/div[@class="b95ya3-0 lopHMx e9phw6-1-sc-bdVaJa jUFEmu e9phw6-0 jBJmyp"]/div[@class="s1ikpaay-4 drrHoE"]/div[@class="s19enx61-0 eexayc e9phw6-1-sc-bdVaJa QPZnU e9phw6-0 jBJmyp"]/div[@class="s19enx61-3-sc-jlyJG hNZsXk e9phw6-1-sc-bdVaJa gamxMN e9phw6-0 jBJmyp"]/div[@class="e2lxka-3 idLvhV"]/div[@class="e9phw6-1-sc-bdVaJa iriZUy e9phw6-0 jBJmyp"]/a[@class="s1nouw8s-2 gsOhjW"]/div[@class="s3mrp9-1-sc-iRbamj itgTmG s3mrp9-0-div lklLAD"]) = count(id("__next")/div[1]/div[1]/div[@class="s111nt22-0 isjfum"]/div[@class="e9phw6-1-sc-bdVaJa iriZUy e9phw6-0 jBJmyp"]/div[@class="s1ikpaay-0 DWEVL"]/div[@class="s1ikpaay-1 ebgyAt"]/div[@class="b95ya3-0 lopHMx e9phw6-1-sc-bdVaJa jUFEmu e9phw6-0 jBJmyp"]/div[@class="s1ikpaay-4 drrHoE"]/div[@class="s19enx61-0 eexayc e9phw6-1-sc-bdVaJa QPZnU e9phw6-0 jBJmyp"]/div[@class="s19enx61-3-sc-jlyJG hNZsXk e9phw6-1-sc-bdVaJa gamxMN e9phw6-0 jBJmyp"]/div[@class="e2lxka-3 idLvhV"]/div[@class="e9phw6-1-sc-bdVaJa iriZUy e9phw6-0 jBJmyp"]/a[@class="s1nouw8s-2 gsOhjW"]/div[@class="s3mrp9-1-sc-iRbamj itgTmG s3mrp9-0-div lklLAD"])]' not found)

2018-01-03 17:29:37 - [TEST_STEP][PASSED] - openBrowser: Browser is opened with url: ''

2018-01-03 17:29:53 - [MESSAGE][PASSED] - Browser is opened with url: ''

2018-01-03 17:29:53 - [TEST_STEP][PASSED] - navigateToUrl: Navigate to 'http://mcdonaldstest.staging.oddle.co' successfully

2018-01-03 17:30:33 - [MESSAGE][PASSED] - Navigate to 'http://mcdonaldstest.staging.oddle.co' successfully

2018-01-03 17:30:33 - [TEST_STEP][FAILED] - click: Unable to click on object 'Object Repository/LogIn/div_Log in' (Root cause: com.kms.katalon.core.webui.exception.WebElementNotFoundException: Web element with id: 'Object Repository/LogIn/div_Log in' located by 'By.xpath: //div[count(. | //*[@class = 's3mrp9-1-sc-iRbamj itgTmG s3mrp9-0-div lklLAD']) = count(//*[@class = 's3mrp9-1-sc-iRbamj itgTmG s3mrp9-0-div lklLAD'])][count(. | //*[@role = 'button']) = count(//*[@role = 'button'])][count(. | //*[text() = 'Log in']) = count(//*[text() = 'Log in'])][count(. | id("__next")/div[1]/div[1]/div[@class="s111nt22-0 isjfum"]/div[@class="e9phw6-1-sc-bdVaJa iriZUy e9phw6-0 jBJmyp"]/div[@class="s1ikpaay-0 DWEVL"]/div[@class="s1ikpaay-1 ebgyAt"]/div[@class="b95ya3-0 lopHMx e9phw6-1-sc-bdVaJa jUFEmu e9phw6-0 jBJmyp"]/div[@class="s1ikpaay-4 drrHoE"]/div[@class="s19enx61-0 eexayc e9phw6-1-sc-bdVaJa QPZnU e9phw6-0 jBJmyp"]/div[@class="s19enx61-3-sc-jlyJG hNZsXk e9phw6-1-sc-bdVaJa gamxMN e9phw6-0 jBJmyp"]/div[@class="e2lxka-3 idLvhV"]/div[@class="e9phw6-1-sc-bdVaJa iriZUy e9phw6-0 jBJmyp"]/a[@class="s1nouw8s-2 gsOhjW"]/div[@class="s3mrp9-1-sc-iRbamj itgTmG s3mrp9-0-div lklLAD"]) = count(id("__next")/div[1]/div[1]/div[@class="s111nt22-0 isjfum"]/div[@class="e9phw6-1-sc-bdVaJa iriZUy e9phw6-0 jBJmyp"]/div[@class="s1ikpaay-0 DWEVL"]/div[@class="s1ikpaay-1 ebgyAt"]/div[@class="b95ya3-0 lopHMx e9phw6-1-sc-bdVaJa jUFEmu e9phw6-0 jBJmyp"]/div[@class="s1ikpaay-4 drrHoE"]/div[@class="s19enx61-0 eexayc e9phw6-1-sc-bdVaJa QPZnU e9phw6-0 jBJmyp"]/div[@class="s19enx61-3-sc-jlyJG hNZsXk e9phw6-1-sc-bdVaJa gamxMN e9phw6-0 jBJmyp"]/div[@class="e2lxka-3 idLvhV"]/div[@class="e9phw6-1-sc-bdVaJa iriZUy e9phw6-0 jBJmyp"]/a[@class="s1nouw8s-2 gsOhjW"]/div[@class="s3mrp9-1-sc-iRbamj itgTmG s3mrp9-0-div lklLAD"])]' not found)

2018-01-03 17:30:44 - [MESSAGE][FAILED] - Unable to click on object 'Object Repository/LogIn/div_Log in' (Root cause: com.kms.katalon.core.webui.exception.WebElementNotFoundException: Web element with id: 'Object Repository/LogIn/div_Log in' located by 'By.xpath: //div[count(. | //*[@class = 's3mrp9-1-sc-iRbamj itgTmG s3mrp9-0-div lklLAD']) = count(//*[@class = 's3mrp9-1-sc-iRbamj itgTmG s3mrp9-0-div lklLAD'])][count(. | //*[@role = 'button']) = count(//*[@role = 'button'])][count(. | //*[text() = 'Log in']) = count(//*[text() = 'Log in'])][count(. | id("__next")/div[1]/div[1]/div[@class="s111nt22-0 isjfum"]/div[@class="e9phw6-1-sc-bdVaJa iriZUy e9phw6-0 jBJmyp"]/div[@class="s1ikpaay-0 DWEVL"]/div[@class="s1ikpaay-1 ebgyAt"]/div[@class="b95ya3-0 lopHMx e9phw6-1-sc-bdVaJa jUFEmu e9phw6-0 jBJmyp"]/div[@class="s1ikpaay-4 drrHoE"]/div[@class="s19enx61-0 eexayc e9phw6-1-sc-bdVaJa QPZnU e9phw6-0 jBJmyp"]/div[@class="s19enx61-3-sc-jlyJG hNZsXk e9phw6-1-sc-bdVaJa gamxMN e9phw6-0 jBJmyp"]/div[@class="e2lxka-3 idLvhV"]/div[@class="e9phw6-1-sc-bdVaJa iriZUy e9phw6-0 jBJmyp"]/a[@class="s1nouw8s-2 gsOhjW"]/div[@class="s3mrp9-1-sc-iRbamj itgTmG s3mrp9-0-div lklLAD"]) = count(id("__next")/div[1]/div[1]/div[@class="s111nt22-0 isjfum"]/div[@class="e9phw6-1-sc-bdVaJa iriZUy e9phw6-0 jBJmyp"]/div[@class="s1ikpaay-0 DWEVL"]/div[@class="s1ikpaay-1 ebgyAt"]/div[@class="b95ya3-0 lopHMx e9phw6-1-sc-bdVaJa jUFEmu e9phw6-0 jBJmyp"]/div[@class="s1ikpaay-4 drrHoE"]/div[@class="s19enx61-0 eexayc e9phw6-1-sc-bdVaJa QPZnU e9phw6-0 jBJmyp"]/div[@class="s19enx61-3-sc-jlyJG hNZsXk e9phw6-1-sc-bdVaJa gamxMN e9phw6-0 jBJmyp"]/div[@class="e2lxka-3 idLvhV"]/div[@class="e9phw6-1-sc-bdVaJa iriZUy e9phw6-0 jBJmyp"]/a[@class="s1nouw8s-2 gsOhjW"]/div[@class="s3mrp9-1-sc-iRbamj itgTmG s3mrp9-0-div lklLAD"])]' not found)
[[ATTACHMENT|C:\\Users\\Ang\\git\\oddle-automa\\Reports\\signup_spam_suite\\20180103_172853\\1514971843607.png]]]]></system-out>
         <system-err><![CDATA[2018-01-03 17:29:36 - [TEST_CASE][FAILED] - Test Cases/010_signup_success: Test Cases/010_signup_success FAILED because (of) Unable to click on object 'Object Repository/LogIn/div_Log in' (Root cause: com.kms.katalon.core.webui.exception.WebElementNotFoundException: Web element with id: 'Object Repository/LogIn/div_Log in' located by 'By.xpath: //div[count(. | //*[@class = 's3mrp9-1-sc-iRbamj itgTmG s3mrp9-0-div lklLAD']) = count(//*[@class = 's3mrp9-1-sc-iRbamj itgTmG s3mrp9-0-div lklLAD'])][count(. | //*[@role = 'button']) = count(//*[@role = 'button'])][count(. | //*[text() = 'Log in']) = count(//*[text() = 'Log in'])][count(. | id("__next")/div[1]/div[1]/div[@class="s111nt22-0 isjfum"]/div[@class="e9phw6-1-sc-bdVaJa iriZUy e9phw6-0 jBJmyp"]/div[@class="s1ikpaay-0 DWEVL"]/div[@class="s1ikpaay-1 ebgyAt"]/div[@class="b95ya3-0 lopHMx e9phw6-1-sc-bdVaJa jUFEmu e9phw6-0 jBJmyp"]/div[@class="s1ikpaay-4 drrHoE"]/div[@class="s19enx61-0 eexayc e9phw6-1-sc-bdVaJa QPZnU e9phw6-0 jBJmyp"]/div[@class="s19enx61-3-sc-jlyJG hNZsXk e9phw6-1-sc-bdVaJa gamxMN e9phw6-0 jBJmyp"]/div[@class="e2lxka-3 idLvhV"]/div[@class="e9phw6-1-sc-bdVaJa iriZUy e9phw6-0 jBJmyp"]/a[@class="s1nouw8s-2 gsOhjW"]/div[@class="s3mrp9-1-sc-iRbamj itgTmG s3mrp9-0-div lklLAD"]) = count(id("__next")/div[1]/div[1]/div[@class="s111nt22-0 isjfum"]/div[@class="e9phw6-1-sc-bdVaJa iriZUy e9phw6-0 jBJmyp"]/div[@class="s1ikpaay-0 DWEVL"]/div[@class="s1ikpaay-1 ebgyAt"]/div[@class="b95ya3-0 lopHMx e9phw6-1-sc-bdVaJa jUFEmu e9phw6-0 jBJmyp"]/div[@class="s1ikpaay-4 drrHoE"]/div[@class="s19enx61-0 eexayc e9phw6-1-sc-bdVaJa QPZnU e9phw6-0 jBJmyp"]/div[@class="s19enx61-3-sc-jlyJG hNZsXk e9phw6-1-sc-bdVaJa gamxMN e9phw6-0 jBJmyp"]/div[@class="e2lxka-3 idLvhV"]/div[@class="e9phw6-1-sc-bdVaJa iriZUy e9phw6-0 jBJmyp"]/a[@class="s1nouw8s-2 gsOhjW"]/div[@class="s3mrp9-1-sc-iRbamj itgTmG s3mrp9-0-div lklLAD"])]' not found)]]></system-err>
      </testcase>
      <system-out><![CDATA[2018-01-03 17:29:36 - [TEST_SUITE][FAILED] - signup_spam_suite: Test Cases/010_signup_success FAILED because (of) Unable to click on object 'Object Repository/LogIn/div_Log in' (Root cause: com.kms.katalon.core.webui.exception.WebElementNotFoundException: Web element with id: 'Object Repository/LogIn/div_Log in' located by 'By.xpath: //div[count(. | //*[@class = 's3mrp9-1-sc-iRbamj itgTmG s3mrp9-0-div lklLAD']) = count(//*[@class = 's3mrp9-1-sc-iRbamj itgTmG s3mrp9-0-div lklLAD'])][count(. | //*[@role = 'button']) = count(//*[@role = 'button'])][count(. | //*[text() = 'Log in']) = count(//*[text() = 'Log in'])][count(. | id("__next")/div[1]/div[1]/div[@class="s111nt22-0 isjfum"]/div[@class="e9phw6-1-sc-bdVaJa iriZUy e9phw6-0 jBJmyp"]/div[@class="s1ikpaay-0 DWEVL"]/div[@class="s1ikpaay-1 ebgyAt"]/div[@class="b95ya3-0 lopHMx e9phw6-1-sc-bdVaJa jUFEmu e9phw6-0 jBJmyp"]/div[@class="s1ikpaay-4 drrHoE"]/div[@class="s19enx61-0 eexayc e9phw6-1-sc-bdVaJa QPZnU e9phw6-0 jBJmyp"]/div[@class="s19enx61-3-sc-jlyJG hNZsXk e9phw6-1-sc-bdVaJa gamxMN e9phw6-0 jBJmyp"]/div[@class="e2lxka-3 idLvhV"]/div[@class="e9phw6-1-sc-bdVaJa iriZUy e9phw6-0 jBJmyp"]/a[@class="s1nouw8s-2 gsOhjW"]/div[@class="s3mrp9-1-sc-iRbamj itgTmG s3mrp9-0-div lklLAD"]) = count(id("__next")/div[1]/div[1]/div[@class="s111nt22-0 isjfum"]/div[@class="e9phw6-1-sc-bdVaJa iriZUy e9phw6-0 jBJmyp"]/div[@class="s1ikpaay-0 DWEVL"]/div[@class="s1ikpaay-1 ebgyAt"]/div[@class="b95ya3-0 lopHMx e9phw6-1-sc-bdVaJa jUFEmu e9phw6-0 jBJmyp"]/div[@class="s1ikpaay-4 drrHoE"]/div[@class="s19enx61-0 eexayc e9phw6-1-sc-bdVaJa QPZnU e9phw6-0 jBJmyp"]/div[@class="s19enx61-3-sc-jlyJG hNZsXk e9phw6-1-sc-bdVaJa gamxMN e9phw6-0 jBJmyp"]/div[@class="e2lxka-3 idLvhV"]/div[@class="e9phw6-1-sc-bdVaJa iriZUy e9phw6-0 jBJmyp"]/a[@class="s1nouw8s-2 gsOhjW"]/div[@class="s3mrp9-1-sc-iRbamj itgTmG s3mrp9-0-div lklLAD"])]' not found)]]></system-out>
      <system-err><![CDATA[2018-01-03 17:29:36 - [TEST_SUITE][FAILED] - signup_spam_suite: Test Cases/010_signup_success FAILED because (of) Unable to click on object 'Object Repository/LogIn/div_Log in' (Root cause: com.kms.katalon.core.webui.exception.WebElementNotFoundException: Web element with id: 'Object Repository/LogIn/div_Log in' located by 'By.xpath: //div[count(. | //*[@class = 's3mrp9-1-sc-iRbamj itgTmG s3mrp9-0-div lklLAD']) = count(//*[@class = 's3mrp9-1-sc-iRbamj itgTmG s3mrp9-0-div lklLAD'])][count(. | //*[@role = 'button']) = count(//*[@role = 'button'])][count(. | //*[text() = 'Log in']) = count(//*[text() = 'Log in'])][count(. | id("__next")/div[1]/div[1]/div[@class="s111nt22-0 isjfum"]/div[@class="e9phw6-1-sc-bdVaJa iriZUy e9phw6-0 jBJmyp"]/div[@class="s1ikpaay-0 DWEVL"]/div[@class="s1ikpaay-1 ebgyAt"]/div[@class="b95ya3-0 lopHMx e9phw6-1-sc-bdVaJa jUFEmu e9phw6-0 jBJmyp"]/div[@class="s1ikpaay-4 drrHoE"]/div[@class="s19enx61-0 eexayc e9phw6-1-sc-bdVaJa QPZnU e9phw6-0 jBJmyp"]/div[@class="s19enx61-3-sc-jlyJG hNZsXk e9phw6-1-sc-bdVaJa gamxMN e9phw6-0 jBJmyp"]/div[@class="e2lxka-3 idLvhV"]/div[@class="e9phw6-1-sc-bdVaJa iriZUy e9phw6-0 jBJmyp"]/a[@class="s1nouw8s-2 gsOhjW"]/div[@class="s3mrp9-1-sc-iRbamj itgTmG s3mrp9-0-div lklLAD"]) = count(id("__next")/div[1]/div[1]/div[@class="s111nt22-0 isjfum"]/div[@class="e9phw6-1-sc-bdVaJa iriZUy e9phw6-0 jBJmyp"]/div[@class="s1ikpaay-0 DWEVL"]/div[@class="s1ikpaay-1 ebgyAt"]/div[@class="b95ya3-0 lopHMx e9phw6-1-sc-bdVaJa jUFEmu e9phw6-0 jBJmyp"]/div[@class="s1ikpaay-4 drrHoE"]/div[@class="s19enx61-0 eexayc e9phw6-1-sc-bdVaJa QPZnU e9phw6-0 jBJmyp"]/div[@class="s19enx61-3-sc-jlyJG hNZsXk e9phw6-1-sc-bdVaJa gamxMN e9phw6-0 jBJmyp"]/div[@class="e2lxka-3 idLvhV"]/div[@class="e9phw6-1-sc-bdVaJa iriZUy e9phw6-0 jBJmyp"]/a[@class="s1nouw8s-2 gsOhjW"]/div[@class="s3mrp9-1-sc-iRbamj itgTmG s3mrp9-0-div lklLAD"])]' not found)]]></system-err>
   </testsuite>
</testsuites>
