<?xml version="1.0" encoding="UTF-8"?>
<testsuites name="signup" time="140" tests="11" failures="0" errors="0">
   <testsuite name="signup" tests="11" failures="0" errors="0" time="140" timestamp="2018-01-04 11:01:53" hostname="Ang - DESKTOP-JMN7MR3" id="Test Suites/signup">
      <properties>
         <property name="deviceName" value=""/>
         <property name="devicePlatform" value=""/>
         <property name="logFolder" value="C:\\Users\\Ang\\git\\oddle-automa\\Reports\\signup\\20180104_110143"/>
         <property name="logFiles" value="C:\\Users\\Ang\\git\\oddle-automa\\Reports\\signup\\20180104_110143\\execution0.log"/>
         <property name="attachments" value=""/>
         <property name="hostName" value="Ang - DESKTOP-JMN7MR3"/>
         <property name="os" value="Windows 10 64bit"/>
         <property name="katalonVersion" value="5.2.0.1"/>
         <property name="browser" value="Chrome 63.0.3239.84"/>
         <property name="hostAddress" value="192.168.126.1"/>
         <property name="sessionId" value="dac242cf3f31bde7194e1622a500ec50"/>
         <property name="seleniumVersion" value="3.7.1"/>
         <property name="proxyInformation" value="ProxyInformation{proxyOption=NO_PROXY, proxyServerType=HTTP, password=, proxyServerAddress=, proxyServerPort=0}"/>
         <property name="platform" value="Windows 10"/>
      </properties>
      <testcase name="Test Cases/010_signup_success" classname="Test Cases/010_signup_success" status="PASSED">
         <system-out><![CDATA[2018-01-04 11:01:53 - [TEST_CASE][PASSED] - Test Cases/010_signup_success: Test Cases/010_signup_success

2018-01-04 11:01:54 - [TEST_STEP][PASSED] - openBrowser: Browser is opened with url: ''

2018-01-04 11:01:58 - [MESSAGE][PASSED] - Browser is opened with url: ''

2018-01-04 11:01:58 - [TEST_STEP][PASSED] - navigateToUrl: Navigate to 'http://mcdonaldstest.staging.oddle.co' successfully

2018-01-04 11:02:02 - [MESSAGE][PASSED] - Navigate to 'http://mcdonaldstest.staging.oddle.co' successfully

2018-01-04 11:02:02 - [TEST_STEP][PASSED] - click: Object: 'Object Repository/LogIn/div_Log in' is clicked on

2018-01-04 11:02:02 - [MESSAGE][PASSED] - Object: 'Object Repository/LogIn/div_Log in' is clicked on

2018-01-04 11:02:02 - [TEST_STEP][PASSED] - click: Object: 'Object Repository/SignUp/a_ Sign up' is clicked on

2018-01-04 11:02:03 - [MESSAGE][PASSED] - Object: 'Object Repository/SignUp/a_ Sign up' is clicked on

2018-01-04 11:02:03 - [TEST_STEP][PASSED] - Statement - str1 = CustomKeywords.autoKeywords.RandomStrGen.randomStr("abcdefghijklmnopqrstuvwxyz1234567890", 10): autoKeywords.RandomStrGen.randomStr is PASSED

2018-01-04 11:02:03 - [MESSAGE][PASSED] - autoKeywords.RandomStrGen.randomStr is PASSED

2018-01-04 11:02:03 - [TEST_STEP][PASSED] - Statement - str2 = CustomKeywords.autoKeywords.RandomStrGen.randomStr("abcdefghijklmnopqrstuvwxyz1234567890", 10): autoKeywords.RandomStrGen.randomStr is PASSED

2018-01-04 11:02:03 - [MESSAGE][PASSED] - autoKeywords.RandomStrGen.randomStr is PASSED

2018-01-04 11:02:03 - [TEST_STEP][PASSED] - setText: Text 'i2wly6oril@1son4y5x7u.com' is set on object 'Object Repository/SignUp/input_email'

2018-01-04 11:02:04 - [MESSAGE][PASSED] - Text 'i2wly6oril@1son4y5x7u.com' is set on object 'Object Repository/SignUp/input_email'

2018-01-04 11:02:04 - [TEST_STEP][PASSED] - setText: Text 'Oddle' is set on object 'Object Repository/SignUp/input_firstName'

2018-01-04 11:02:04 - [MESSAGE][PASSED] - Text 'Oddle' is set on object 'Object Repository/SignUp/input_firstName'

2018-01-04 11:02:04 - [TEST_STEP][PASSED] - setText: Text 'Automation' is set on object 'Object Repository/SignUp/input_lastName'

2018-01-04 11:02:05 - [MESSAGE][PASSED] - Text 'Automation' is set on object 'Object Repository/SignUp/input_lastName'

2018-01-04 11:02:05 - [TEST_STEP][PASSED] - setText: Text '91234567' is set on object 'Object Repository/SignUp/input_phone'

2018-01-04 11:02:05 - [MESSAGE][PASSED] - Text '91234567' is set on object 'Object Repository/SignUp/input_phone'

2018-01-04 11:02:05 - [TEST_STEP][PASSED] - setText: Text 'puToNtaB_1' is set on object 'Object Repository/SignUp/input_password'

2018-01-04 11:02:05 - [MESSAGE][PASSED] - Text 'puToNtaB_1' is set on object 'Object Repository/SignUp/input_password'

2018-01-04 11:02:05 - [TEST_STEP][PASSED] - click: Object: 'Object Repository/SignUp/button_Sign Up' is clicked on

2018-01-04 11:02:06 - [MESSAGE][PASSED] - Object: 'Object Repository/SignUp/button_Sign Up' is clicked on

2018-01-04 11:02:06 - [TEST_STEP][PASSED] - delay: Delayed 3 second(s)

2018-01-04 11:02:09 - [MESSAGE][PASSED] - Delayed 3 second(s)

2018-01-04 11:02:09 - [TEST_STEP][PASSED] - autoKeywords.verifyLoggedIn.verifyLogged: autoKeywords.verifyLoggedIn.verifyLogged is PASSED

2018-01-04 11:02:09 - [MESSAGE][PASSED] - Text of object 'Object Repository/LogIn/div_Hi user' is: 'Hi, Oddle'

2018-01-04 11:02:09 - [MESSAGE][PASSED] - Actual text 'Hi, Oddle' and expected text 'Log In' are not matched 

2018-01-04 11:02:09 - [MESSAGE][PASSED] - autoKeywords.verifyLoggedIn.verifyLogged is PASSED]]></system-out>
         <system-err><![CDATA[]]></system-err>
      </testcase>
      <testcase name="Test Cases/011_signup_success_newlogin" classname="Test Cases/011_signup_success_newlogin" status="PASSED">
         <system-out><![CDATA[2018-01-04 11:02:09 - [TEST_CASE][PASSED] - Test Cases/011_signup_success_newlogin: Test Cases/011_signup_success_newlogin

2018-01-04 11:02:10 - [TEST_STEP][PASSED] - openBrowser: Browser is opened with url: ''

2018-01-04 11:02:12 - [MESSAGE][PASSED] - Browser is opened with url: ''

2018-01-04 11:02:12 - [TEST_STEP][PASSED] - navigateToUrl: Navigate to 'http://mcdonaldstest.staging.oddle.co' successfully

2018-01-04 11:02:14 - [MESSAGE][PASSED] - Navigate to 'http://mcdonaldstest.staging.oddle.co' successfully

2018-01-04 11:02:14 - [TEST_STEP][PASSED] - click: Object: 'Object Repository/LogIn/div_Log in' is clicked on

2018-01-04 11:02:15 - [MESSAGE][PASSED] - Object: 'Object Repository/LogIn/div_Log in' is clicked on

2018-01-04 11:02:15 - [TEST_STEP][PASSED] - click: Object: 'Object Repository/SignUp/a_ Sign up' is clicked on

2018-01-04 11:02:16 - [MESSAGE][PASSED] - Object: 'Object Repository/SignUp/a_ Sign up' is clicked on

2018-01-04 11:02:16 - [TEST_STEP][PASSED] - Statement - str1 = CustomKeywords.autoKeywords.RandomStrGen.randomStr("abcdefghijklmnopqrstuvwxyz1234567890", 10): autoKeywords.RandomStrGen.randomStr is PASSED

2018-01-04 11:02:16 - [MESSAGE][PASSED] - autoKeywords.RandomStrGen.randomStr is PASSED

2018-01-04 11:02:16 - [TEST_STEP][PASSED] - Statement - str2 = CustomKeywords.autoKeywords.RandomStrGen.randomStr("abcdefghijklmnopqrstuvwxyz1234567890", 10): autoKeywords.RandomStrGen.randomStr is PASSED

2018-01-04 11:02:16 - [MESSAGE][PASSED] - autoKeywords.RandomStrGen.randomStr is PASSED

2018-01-04 11:02:16 - [TEST_STEP][PASSED] - setText: Text 'v6ydvuwsnj@n0h3n0wad7.com' is set on object 'Object Repository/SignUp/input_email'

2018-01-04 11:02:17 - [MESSAGE][PASSED] - Text 'v6ydvuwsnj@n0h3n0wad7.com' is set on object 'Object Repository/SignUp/input_email'

2018-01-04 11:02:17 - [TEST_STEP][PASSED] - setText: Text 'Oddle' is set on object 'Object Repository/SignUp/input_firstName'

2018-01-04 11:02:17 - [MESSAGE][PASSED] - Text 'Oddle' is set on object 'Object Repository/SignUp/input_firstName'

2018-01-04 11:02:17 - [TEST_STEP][PASSED] - setText: Text 'Automation' is set on object 'Object Repository/SignUp/input_lastName'

2018-01-04 11:02:17 - [MESSAGE][PASSED] - Text 'Automation' is set on object 'Object Repository/SignUp/input_lastName'

2018-01-04 11:02:17 - [TEST_STEP][PASSED] - setText: Text '91234567' is set on object 'Object Repository/SignUp/input_phone'

2018-01-04 11:02:18 - [MESSAGE][PASSED] - Text '91234567' is set on object 'Object Repository/SignUp/input_phone'

2018-01-04 11:02:18 - [TEST_STEP][PASSED] - setText: Text 'puToNtaB_1' is set on object 'Object Repository/SignUp/input_password'

2018-01-04 11:02:18 - [MESSAGE][PASSED] - Text 'puToNtaB_1' is set on object 'Object Repository/SignUp/input_password'

2018-01-04 11:02:18 - [TEST_STEP][PASSED] - click: Object: 'Object Repository/SignUp/button_Sign Up' is clicked on

2018-01-04 11:02:18 - [MESSAGE][PASSED] - Object: 'Object Repository/SignUp/button_Sign Up' is clicked on

2018-01-04 11:02:18 - [TEST_STEP][PASSED] - delay: Delayed 3 second(s)

2018-01-04 11:02:21 - [MESSAGE][PASSED] - Delayed 3 second(s)

2018-01-04 11:02:21 - [TEST_STEP][PASSED] - click: Object: 'Object Repository/SignUp/div_Hi Oddle' is clicked on

2018-01-04 11:02:21 - [MESSAGE][PASSED] - Object: 'Object Repository/SignUp/div_Hi Oddle' is clicked on

2018-01-04 11:02:21 - [TEST_STEP][PASSED] - delay: Delayed 1 second(s)

2018-01-04 11:02:22 - [MESSAGE][PASSED] - Delayed 1 second(s)

2018-01-04 11:02:22 - [TEST_STEP][PASSED] - click: Object: 'Object Repository/LogIn/a_Sign out' is clicked on

2018-01-04 11:02:23 - [MESSAGE][PASSED] - Object: 'Object Repository/LogIn/a_Sign out' is clicked on

2018-01-04 11:02:23 - [TEST_STEP][PASSED] - delay: Delayed 1 second(s)

2018-01-04 11:02:24 - [MESSAGE][PASSED] - Delayed 1 second(s)

2018-01-04 11:02:24 - [TEST_STEP][PASSED] - click: Object: 'Object Repository/Account/button_Sign Out' is clicked on

2018-01-04 11:02:24 - [MESSAGE][PASSED] - Object: 'Object Repository/Account/button_Sign Out' is clicked on

2018-01-04 11:02:24 - [TEST_STEP][PASSED] - delay: Delayed 1 second(s)

2018-01-04 11:02:25 - [MESSAGE][PASSED] - Delayed 1 second(s)

2018-01-04 11:02:25 - [TEST_STEP][PASSED] - autoKeywords.verifyLoggedOut.verifyNotLogged: autoKeywords.verifyLoggedOut.verifyNotLogged is PASSED

2018-01-04 11:02:25 - [MESSAGE][WARNING] - Timeout '0' is invalid. Using default page load timeout: '5'

2018-01-04 11:02:25 - [MESSAGE][PASSED] - Object 'Object Repository/LogIn/div_Log in' is present

2018-01-04 11:02:25 - [MESSAGE][PASSED] - autoKeywords.verifyLoggedOut.verifyNotLogged is PASSED

2018-01-04 11:02:25 - [TEST_STEP][PASSED] - click: Object: 'Object Repository/LogIn/div_Log in' is clicked on

2018-01-04 11:02:26 - [MESSAGE][PASSED] - Object: 'Object Repository/LogIn/div_Log in' is clicked on

2018-01-04 11:02:26 - [TEST_STEP][PASSED] - setText: Text 'v6ydvuwsnj@n0h3n0wad7.com' is set on object 'Object Repository/LogIn/input_email'

2018-01-04 11:02:26 - [MESSAGE][PASSED] - Text 'v6ydvuwsnj@n0h3n0wad7.com' is set on object 'Object Repository/LogIn/input_email'

2018-01-04 11:02:26 - [TEST_STEP][PASSED] - setText: Text 'puToNtaB_1' is set on object 'Object Repository/LogIn/input_password'

2018-01-04 11:02:27 - [MESSAGE][PASSED] - Text 'puToNtaB_1' is set on object 'Object Repository/LogIn/input_password'

2018-01-04 11:02:27 - [TEST_STEP][PASSED] - click: Object: 'Object Repository/LogIn/button_Login' is clicked on

2018-01-04 11:02:27 - [MESSAGE][PASSED] - Object: 'Object Repository/LogIn/button_Login' is clicked on

2018-01-04 11:02:27 - [TEST_STEP][PASSED] - delay: Delayed 3 second(s)

2018-01-04 11:02:30 - [MESSAGE][PASSED] - Delayed 3 second(s)

2018-01-04 11:02:30 - [TEST_STEP][PASSED] - autoKeywords.verifyLoggedIn.verifyLogged: autoKeywords.verifyLoggedIn.verifyLogged is PASSED

2018-01-04 11:02:30 - [MESSAGE][PASSED] - Text of object 'Object Repository/LogIn/div_Hi user' is: 'Hi, Oddle'

2018-01-04 11:02:30 - [MESSAGE][PASSED] - Actual text 'Hi, Oddle' and expected text 'Log In' are not matched 

2018-01-04 11:02:30 - [MESSAGE][PASSED] - autoKeywords.verifyLoggedIn.verifyLogged is PASSED]]></system-out>
         <system-err><![CDATA[]]></system-err>
      </testcase>
      <testcase name="Test Cases/012_signup_success_fb" classname="Test Cases/012_signup_success_fb" status="PASSED">
         <system-out><![CDATA[2018-01-04 11:02:30 - [TEST_CASE][PASSED] - Test Cases/012_signup_success_fb: Test Cases/012_signup_success_fb

2018-01-04 11:02:31 - [TEST_STEP][PASSED] - openBrowser: Browser is opened with url: ''

2018-01-04 11:02:33 - [MESSAGE][PASSED] - Browser is opened with url: ''

2018-01-04 11:02:33 - [TEST_STEP][PASSED] - navigateToUrl: Navigate to 'http://mcdonaldstest.staging.oddle.co' successfully

2018-01-04 11:02:35 - [MESSAGE][PASSED] - Navigate to 'http://mcdonaldstest.staging.oddle.co' successfully

2018-01-04 11:02:35 - [TEST_STEP][PASSED] - click: Object: 'Object Repository/LogIn/div_Log in' is clicked on

2018-01-04 11:02:36 - [MESSAGE][PASSED] - Object: 'Object Repository/LogIn/div_Log in' is clicked on

2018-01-04 11:02:36 - [TEST_STEP][PASSED] - click: Object: 'Object Repository/SignUp/a_ Sign up' is clicked on

2018-01-04 11:02:37 - [MESSAGE][PASSED] - Object: 'Object Repository/SignUp/a_ Sign up' is clicked on

2018-01-04 11:02:37 - [TEST_STEP][PASSED] - click: Object: 'Object Repository/SignUp/div_id fbSign up' is clicked on

2018-01-04 11:02:37 - [MESSAGE][PASSED] - Object: 'Object Repository/SignUp/div_id fbSign up' is clicked on

2018-01-04 11:02:37 - [TEST_STEP][PASSED] - delay: Delayed 3 second(s)

2018-01-04 11:02:40 - [MESSAGE][PASSED] - Delayed 3 second(s)

2018-01-04 11:02:40 - [TEST_STEP][PASSED] - switchToWindowTitle: Switched to window with title: 'Facebook'

2018-01-04 11:02:41 - [MESSAGE][PASSED] - Switched to window with title: 'Facebook'

2018-01-04 11:02:41 - [TEST_STEP][PASSED] - setText: Text 'kevin.ang@oddle.me' is set on object 'Object Repository/LogIn/input_email_fb'

2018-01-04 11:02:41 - [MESSAGE][PASSED] - Text 'kevin.ang@oddle.me' is set on object 'Object Repository/LogIn/input_email_fb'

2018-01-04 11:02:41 - [TEST_STEP][PASSED] - setText: Text 'puToNtaB_1' is set on object 'Object Repository/LogIn/input_pass_fb'

2018-01-04 11:02:41 - [MESSAGE][PASSED] - Text 'puToNtaB_1' is set on object 'Object Repository/LogIn/input_pass_fb'

2018-01-04 11:02:41 - [TEST_STEP][PASSED] - click: Object: 'Object Repository/LogIn/label_loginbutton' is clicked on

2018-01-04 11:02:42 - [MESSAGE][PASSED] - Object: 'Object Repository/LogIn/label_loginbutton' is clicked on

2018-01-04 11:02:42 - [TEST_STEP][PASSED] - delay: Delayed 3 second(s)

2018-01-04 11:02:45 - [MESSAGE][PASSED] - Delayed 3 second(s)

2018-01-04 11:02:45 - [TEST_STEP][PASSED] - switchToDefaultContent: Switching to default content

2018-01-04 11:02:46 - [TEST_STEP][PASSED] - autoKeywords.verifyLoggedIn.verifyLogged: autoKeywords.verifyLoggedIn.verifyLogged is PASSED

2018-01-04 11:02:46 - [MESSAGE][PASSED] - Text of object 'Object Repository/LogIn/div_Hi user' is: 'Hi, Kevin'

2018-01-04 11:02:46 - [MESSAGE][PASSED] - Actual text 'Hi, Kevin' and expected text 'Log In' are not matched 

2018-01-04 11:02:46 - [MESSAGE][PASSED] - autoKeywords.verifyLoggedIn.verifyLogged is PASSED]]></system-out>
         <system-err><![CDATA[]]></system-err>
      </testcase>
      <testcase name="Test Cases/013_signup_wrongemailformat" classname="Test Cases/013_signup_wrongemailformat" status="PASSED">
         <system-out><![CDATA[2018-01-04 11:02:47 - [TEST_CASE][PASSED] - Test Cases/013_signup_wrongemailformat: Test Cases/013_signup_wrongemailformat

2018-01-04 11:02:47 - [TEST_STEP][PASSED] - openBrowser: Browser is opened with url: ''

2018-01-04 11:02:50 - [MESSAGE][PASSED] - Browser is opened with url: ''

2018-01-04 11:02:50 - [TEST_STEP][PASSED] - navigateToUrl: Navigate to 'http://mcdonaldstest.staging.oddle.co' successfully

2018-01-04 11:02:52 - [MESSAGE][PASSED] - Navigate to 'http://mcdonaldstest.staging.oddle.co' successfully

2018-01-04 11:02:52 - [TEST_STEP][PASSED] - click: Object: 'Object Repository/LogIn/div_Log in' is clicked on

2018-01-04 11:02:52 - [MESSAGE][PASSED] - Object: 'Object Repository/LogIn/div_Log in' is clicked on

2018-01-04 11:02:52 - [TEST_STEP][PASSED] - click: Object: 'Object Repository/SignUp/a_ Sign up' is clicked on

2018-01-04 11:02:54 - [MESSAGE][PASSED] - Object: 'Object Repository/SignUp/a_ Sign up' is clicked on

2018-01-04 11:02:54 - [TEST_STEP][PASSED] - setText: Text 'wrongemailformat' is set on object 'Object Repository/SignUp/input_email'

2018-01-04 11:02:54 - [MESSAGE][PASSED] - Text 'wrongemailformat' is set on object 'Object Repository/SignUp/input_email'

2018-01-04 11:02:54 - [TEST_STEP][PASSED] - setText: Text 'Oddle' is set on object 'Object Repository/SignUp/input_firstName'

2018-01-04 11:02:55 - [MESSAGE][PASSED] - Text 'Oddle' is set on object 'Object Repository/SignUp/input_firstName'

2018-01-04 11:02:55 - [TEST_STEP][PASSED] - setText: Text 'Automation' is set on object 'Object Repository/SignUp/input_lastName'

2018-01-04 11:02:55 - [MESSAGE][PASSED] - Text 'Automation' is set on object 'Object Repository/SignUp/input_lastName'

2018-01-04 11:02:55 - [TEST_STEP][PASSED] - setText: Text '91234567' is set on object 'Object Repository/SignUp/input_phone'

2018-01-04 11:02:55 - [MESSAGE][PASSED] - Text '91234567' is set on object 'Object Repository/SignUp/input_phone'

2018-01-04 11:02:55 - [TEST_STEP][PASSED] - setText: Text 'puToNtaB_1' is set on object 'Object Repository/SignUp/input_password'

2018-01-04 11:02:56 - [MESSAGE][PASSED] - Text 'puToNtaB_1' is set on object 'Object Repository/SignUp/input_password'

2018-01-04 11:02:56 - [TEST_STEP][PASSED] - click: Object: 'Object Repository/SignUp/button_Sign Up' is clicked on

2018-01-04 11:02:56 - [MESSAGE][PASSED] - Object: 'Object Repository/SignUp/button_Sign Up' is clicked on

2018-01-04 11:02:56 - [TEST_STEP][PASSED] - delay: Delayed 1 second(s)

2018-01-04 11:02:57 - [MESSAGE][PASSED] - Delayed 1 second(s)

2018-01-04 11:02:57 - [TEST_STEP][PASSED] - verifyElementPresent: Object 'Object Repository/SignUp/span_Please enter correct emai' is present

2018-01-04 11:02:57 - [MESSAGE][WARNING] - Timeout '0' is invalid. Using default page load timeout: '5'

2018-01-04 11:02:57 - [MESSAGE][PASSED] - Object 'Object Repository/SignUp/span_Please enter correct emai' is present]]></system-out>
         <system-err><![CDATA[]]></system-err>
      </testcase>
      <testcase name="Test Cases/014_signup_registeredemail" classname="Test Cases/014_signup_registeredemail" status="PASSED">
         <system-out><![CDATA[2018-01-04 11:02:58 - [TEST_CASE][PASSED] - Test Cases/014_signup_registeredemail: Test Cases/014_signup_registeredemail

2018-01-04 11:02:58 - [TEST_STEP][PASSED] - openBrowser: Browser is opened with url: ''

2018-01-04 11:03:00 - [MESSAGE][PASSED] - Browser is opened with url: ''

2018-01-04 11:03:00 - [TEST_STEP][PASSED] - navigateToUrl: Navigate to 'http://mcdonaldstest.staging.oddle.co' successfully

2018-01-04 11:03:03 - [MESSAGE][PASSED] - Navigate to 'http://mcdonaldstest.staging.oddle.co' successfully

2018-01-04 11:03:03 - [TEST_STEP][PASSED] - click: Object: 'Object Repository/LogIn/div_Log in' is clicked on

2018-01-04 11:03:03 - [MESSAGE][PASSED] - Object: 'Object Repository/LogIn/div_Log in' is clicked on

2018-01-04 11:03:03 - [TEST_STEP][PASSED] - click: Object: 'Object Repository/SignUp/a_ Sign up' is clicked on

2018-01-04 11:03:04 - [MESSAGE][PASSED] - Object: 'Object Repository/SignUp/a_ Sign up' is clicked on

2018-01-04 11:03:04 - [TEST_STEP][PASSED] - setText: Text 'kevin.ang@oddle.me' is set on object 'Object Repository/SignUp/input_email'

2018-01-04 11:03:05 - [MESSAGE][PASSED] - Text 'kevin.ang@oddle.me' is set on object 'Object Repository/SignUp/input_email'

2018-01-04 11:03:05 - [TEST_STEP][PASSED] - setText: Text 'Oddle' is set on object 'Object Repository/SignUp/input_firstName'

2018-01-04 11:03:05 - [MESSAGE][PASSED] - Text 'Oddle' is set on object 'Object Repository/SignUp/input_firstName'

2018-01-04 11:03:05 - [TEST_STEP][PASSED] - setText: Text 'Automation' is set on object 'Object Repository/SignUp/input_lastName'

2018-01-04 11:03:06 - [MESSAGE][PASSED] - Text 'Automation' is set on object 'Object Repository/SignUp/input_lastName'

2018-01-04 11:03:06 - [TEST_STEP][PASSED] - setText: Text '91234567' is set on object 'Object Repository/SignUp/input_phone'

2018-01-04 11:03:06 - [MESSAGE][PASSED] - Text '91234567' is set on object 'Object Repository/SignUp/input_phone'

2018-01-04 11:03:06 - [TEST_STEP][PASSED] - setText: Text 'puToNtaB_1' is set on object 'Object Repository/SignUp/input_password'

2018-01-04 11:03:07 - [MESSAGE][PASSED] - Text 'puToNtaB_1' is set on object 'Object Repository/SignUp/input_password'

2018-01-04 11:03:07 - [TEST_STEP][PASSED] - click: Object: 'Object Repository/SignUp/button_Sign Up' is clicked on

2018-01-04 11:03:07 - [MESSAGE][PASSED] - Object: 'Object Repository/SignUp/button_Sign Up' is clicked on

2018-01-04 11:03:07 - [TEST_STEP][PASSED] - delay: Delayed 1 second(s)

2018-01-04 11:03:08 - [MESSAGE][PASSED] - Delayed 1 second(s)

2018-01-04 11:03:08 - [TEST_STEP][PASSED] - verifyElementPresent: Object 'Object Repository/SignUp/div_email_in_use' is present

2018-01-04 11:03:08 - [MESSAGE][WARNING] - Timeout '0' is invalid. Using default page load timeout: '5'

2018-01-04 11:03:08 - [MESSAGE][PASSED] - Object 'Object Repository/SignUp/div_email_in_use' is present]]></system-out>
         <system-err><![CDATA[]]></system-err>
      </testcase>
      <testcase name="Test Cases/015_signup_wrongfname" classname="Test Cases/015_signup_wrongfname" status="PASSED">
         <system-out><![CDATA[2018-01-04 11:03:09 - [TEST_CASE][PASSED] - Test Cases/015_signup_wrongfname: Test Cases/015_signup_wrongfname

2018-01-04 11:03:09 - [TEST_STEP][PASSED] - openBrowser: Browser is opened with url: ''

2018-01-04 11:03:11 - [MESSAGE][PASSED] - Browser is opened with url: ''

2018-01-04 11:03:11 - [TEST_STEP][PASSED] - navigateToUrl: Navigate to 'http://mcdonaldstest.staging.oddle.co' successfully

2018-01-04 11:03:14 - [MESSAGE][PASSED] - Navigate to 'http://mcdonaldstest.staging.oddle.co' successfully

2018-01-04 11:03:14 - [TEST_STEP][PASSED] - click: Object: 'Object Repository/LogIn/div_Log in' is clicked on

2018-01-04 11:03:14 - [MESSAGE][PASSED] - Object: 'Object Repository/LogIn/div_Log in' is clicked on

2018-01-04 11:03:14 - [TEST_STEP][PASSED] - click: Object: 'Object Repository/SignUp/a_ Sign up' is clicked on

2018-01-04 11:03:15 - [MESSAGE][PASSED] - Object: 'Object Repository/SignUp/a_ Sign up' is clicked on

2018-01-04 11:03:15 - [TEST_STEP][PASSED] - setText: Text 'kevin.ang@oddle.me' is set on object 'Object Repository/SignUp/input_email'

2018-01-04 11:03:16 - [MESSAGE][PASSED] - Text 'kevin.ang@oddle.me' is set on object 'Object Repository/SignUp/input_email'

2018-01-04 11:03:16 - [TEST_STEP][PASSED] - setText: Text 'invalidfirstname0' is set on object 'Object Repository/SignUp/input_firstName'

2018-01-04 11:03:17 - [MESSAGE][PASSED] - Text 'invalidfirstname0' is set on object 'Object Repository/SignUp/input_firstName'

2018-01-04 11:03:17 - [TEST_STEP][PASSED] - setText: Text 'Automation' is set on object 'Object Repository/SignUp/input_lastName'

2018-01-04 11:03:17 - [MESSAGE][PASSED] - Text 'Automation' is set on object 'Object Repository/SignUp/input_lastName'

2018-01-04 11:03:17 - [TEST_STEP][PASSED] - setText: Text '91234567' is set on object 'Object Repository/SignUp/input_phone'

2018-01-04 11:03:17 - [MESSAGE][PASSED] - Text '91234567' is set on object 'Object Repository/SignUp/input_phone'

2018-01-04 11:03:17 - [TEST_STEP][PASSED] - setText: Text 'puToNtaB_1' is set on object 'Object Repository/SignUp/input_password'

2018-01-04 11:03:18 - [MESSAGE][PASSED] - Text 'puToNtaB_1' is set on object 'Object Repository/SignUp/input_password'

2018-01-04 11:03:18 - [TEST_STEP][PASSED] - click: Object: 'Object Repository/SignUp/button_Sign Up' is clicked on

2018-01-04 11:03:18 - [MESSAGE][PASSED] - Object: 'Object Repository/SignUp/button_Sign Up' is clicked on

2018-01-04 11:03:18 - [TEST_STEP][PASSED] - delay: Delayed 1 second(s)

2018-01-04 11:03:19 - [MESSAGE][PASSED] - Delayed 1 second(s)

2018-01-04 11:03:19 - [TEST_STEP][PASSED] - verifyElementPresent: Object 'Object Repository/SignUp/span_Please enter your first n' is present

2018-01-04 11:03:19 - [MESSAGE][WARNING] - Timeout '0' is invalid. Using default page load timeout: '5'

2018-01-04 11:03:19 - [MESSAGE][PASSED] - Object 'Object Repository/SignUp/span_Please enter your first n' is present]]></system-out>
         <system-err><![CDATA[]]></system-err>
      </testcase>
      <testcase name="Test Cases/016_signup_wronglname" classname="Test Cases/016_signup_wronglname" status="PASSED">
         <system-out><![CDATA[2018-01-04 11:03:20 - [TEST_CASE][PASSED] - Test Cases/016_signup_wronglname: Test Cases/016_signup_wronglname

2018-01-04 11:03:20 - [TEST_STEP][PASSED] - openBrowser: Browser is opened with url: ''

2018-01-04 11:03:23 - [MESSAGE][PASSED] - Browser is opened with url: ''

2018-01-04 11:03:23 - [TEST_STEP][PASSED] - navigateToUrl: Navigate to 'http://mcdonaldstest.staging.oddle.co' successfully

2018-01-04 11:03:25 - [MESSAGE][PASSED] - Navigate to 'http://mcdonaldstest.staging.oddle.co' successfully

2018-01-04 11:03:25 - [TEST_STEP][PASSED] - click: Object: 'Object Repository/LogIn/div_Log in' is clicked on

2018-01-04 11:03:25 - [MESSAGE][PASSED] - Object: 'Object Repository/LogIn/div_Log in' is clicked on

2018-01-04 11:03:25 - [TEST_STEP][PASSED] - click: Object: 'Object Repository/SignUp/a_ Sign up' is clicked on

2018-01-04 11:03:27 - [MESSAGE][PASSED] - Object: 'Object Repository/SignUp/a_ Sign up' is clicked on

2018-01-04 11:03:27 - [TEST_STEP][PASSED] - setText: Text 'kevin.ang@oddle.me' is set on object 'Object Repository/SignUp/input_email'

2018-01-04 11:03:27 - [MESSAGE][PASSED] - Text 'kevin.ang@oddle.me' is set on object 'Object Repository/SignUp/input_email'

2018-01-04 11:03:27 - [TEST_STEP][PASSED] - setText: Text 'Oddle' is set on object 'Object Repository/SignUp/input_firstName'

2018-01-04 11:03:28 - [MESSAGE][PASSED] - Text 'Oddle' is set on object 'Object Repository/SignUp/input_firstName'

2018-01-04 11:03:28 - [TEST_STEP][PASSED] - setText: Text 'invalidlastname~' is set on object 'Object Repository/SignUp/input_lastName'

2018-01-04 11:03:28 - [MESSAGE][PASSED] - Text 'invalidlastname~' is set on object 'Object Repository/SignUp/input_lastName'

2018-01-04 11:03:28 - [TEST_STEP][PASSED] - setText: Text '91234567' is set on object 'Object Repository/SignUp/input_phone'

2018-01-04 11:03:28 - [MESSAGE][PASSED] - Text '91234567' is set on object 'Object Repository/SignUp/input_phone'

2018-01-04 11:03:28 - [TEST_STEP][PASSED] - setText: Text 'puToNtaB_1' is set on object 'Object Repository/SignUp/input_password'

2018-01-04 11:03:29 - [MESSAGE][PASSED] - Text 'puToNtaB_1' is set on object 'Object Repository/SignUp/input_password'

2018-01-04 11:03:29 - [TEST_STEP][PASSED] - click: Object: 'Object Repository/SignUp/button_Sign Up' is clicked on

2018-01-04 11:03:29 - [MESSAGE][PASSED] - Object: 'Object Repository/SignUp/button_Sign Up' is clicked on

2018-01-04 11:03:29 - [TEST_STEP][PASSED] - delay: Delayed 1 second(s)

2018-01-04 11:03:30 - [MESSAGE][PASSED] - Delayed 1 second(s)

2018-01-04 11:03:30 - [TEST_STEP][PASSED] - verifyElementPresent: Object 'Object Repository/SignUp/span_Please enter your last na' is present

2018-01-04 11:03:30 - [MESSAGE][WARNING] - Timeout '0' is invalid. Using default page load timeout: '5'

2018-01-04 11:03:30 - [MESSAGE][PASSED] - Object 'Object Repository/SignUp/span_Please enter your last na' is present]]></system-out>
         <system-err><![CDATA[]]></system-err>
      </testcase>
      <testcase name="Test Cases/017_signup_wrongphone" classname="Test Cases/017_signup_wrongphone" status="PASSED">
         <system-out><![CDATA[2018-01-04 11:03:31 - [TEST_CASE][PASSED] - Test Cases/017_signup_wrongphone: Test Cases/017_signup_wrongphone

2018-01-04 11:03:31 - [TEST_STEP][PASSED] - openBrowser: Browser is opened with url: ''

2018-01-04 11:03:33 - [MESSAGE][PASSED] - Browser is opened with url: ''

2018-01-04 11:03:33 - [TEST_STEP][PASSED] - navigateToUrl: Navigate to 'http://mcdonaldstest.staging.oddle.co' successfully

2018-01-04 11:03:36 - [MESSAGE][PASSED] - Navigate to 'http://mcdonaldstest.staging.oddle.co' successfully

2018-01-04 11:03:36 - [TEST_STEP][PASSED] - click: Object: 'Object Repository/LogIn/div_Log in' is clicked on

2018-01-04 11:03:36 - [MESSAGE][PASSED] - Object: 'Object Repository/LogIn/div_Log in' is clicked on

2018-01-04 11:03:36 - [TEST_STEP][PASSED] - click: Object: 'Object Repository/SignUp/a_ Sign up' is clicked on

2018-01-04 11:03:37 - [MESSAGE][PASSED] - Object: 'Object Repository/SignUp/a_ Sign up' is clicked on

2018-01-04 11:03:37 - [TEST_STEP][PASSED] - setText: Text 'kevin.ang@oddle.me' is set on object 'Object Repository/SignUp/input_email'

2018-01-04 11:03:38 - [MESSAGE][PASSED] - Text 'kevin.ang@oddle.me' is set on object 'Object Repository/SignUp/input_email'

2018-01-04 11:03:38 - [TEST_STEP][PASSED] - setText: Text 'Oddle' is set on object 'Object Repository/SignUp/input_firstName'

2018-01-04 11:03:38 - [MESSAGE][PASSED] - Text 'Oddle' is set on object 'Object Repository/SignUp/input_firstName'

2018-01-04 11:03:38 - [TEST_STEP][PASSED] - setText: Text 'Automation' is set on object 'Object Repository/SignUp/input_lastName'

2018-01-04 11:03:39 - [MESSAGE][PASSED] - Text 'Automation' is set on object 'Object Repository/SignUp/input_lastName'

2018-01-04 11:03:39 - [TEST_STEP][PASSED] - setText: Text '9wrongnumber' is set on object 'Object Repository/SignUp/input_phone'

2018-01-04 11:03:39 - [MESSAGE][PASSED] - Text '9wrongnumber' is set on object 'Object Repository/SignUp/input_phone'

2018-01-04 11:03:39 - [TEST_STEP][PASSED] - setText: Text 'puToNtaB_1' is set on object 'Object Repository/SignUp/input_password'

2018-01-04 11:03:39 - [MESSAGE][PASSED] - Text 'puToNtaB_1' is set on object 'Object Repository/SignUp/input_password'

2018-01-04 11:03:39 - [TEST_STEP][PASSED] - click: Object: 'Object Repository/SignUp/button_Sign Up' is clicked on

2018-01-04 11:03:39 - [MESSAGE][PASSED] - Object: 'Object Repository/SignUp/button_Sign Up' is clicked on

2018-01-04 11:03:39 - [TEST_STEP][PASSED] - delay: Delayed 1 second(s)

2018-01-04 11:03:40 - [MESSAGE][PASSED] - Delayed 1 second(s)

2018-01-04 11:03:40 - [TEST_STEP][PASSED] - verifyElementPresent: Object 'Object Repository/SignUp/span_Please enter your phone n' is present

2018-01-04 11:03:40 - [MESSAGE][WARNING] - Timeout '0' is invalid. Using default page load timeout: '5'

2018-01-04 11:03:40 - [MESSAGE][PASSED] - Object 'Object Repository/SignUp/span_Please enter your phone n' is present]]></system-out>
         <system-err><![CDATA[]]></system-err>
      </testcase>
      <testcase name="Test Cases/018_signup_wrongpwformat" classname="Test Cases/018_signup_wrongpwformat" status="PASSED">
         <system-out><![CDATA[2018-01-04 11:03:41 - [TEST_CASE][PASSED] - Test Cases/018_signup_wrongpwformat: Test Cases/018_signup_wrongpwformat

2018-01-04 11:03:41 - [TEST_STEP][PASSED] - openBrowser: Browser is opened with url: ''

2018-01-04 11:03:44 - [MESSAGE][PASSED] - Browser is opened with url: ''

2018-01-04 11:03:44 - [TEST_STEP][PASSED] - navigateToUrl: Navigate to 'http://mcdonaldstest.staging.oddle.co' successfully

2018-01-04 11:03:46 - [MESSAGE][PASSED] - Navigate to 'http://mcdonaldstest.staging.oddle.co' successfully

2018-01-04 11:03:46 - [TEST_STEP][PASSED] - click: Object: 'Object Repository/LogIn/div_Log in' is clicked on

2018-01-04 11:03:47 - [MESSAGE][PASSED] - Object: 'Object Repository/LogIn/div_Log in' is clicked on

2018-01-04 11:03:47 - [TEST_STEP][PASSED] - click: Object: 'Object Repository/SignUp/a_ Sign up' is clicked on

2018-01-04 11:03:48 - [MESSAGE][PASSED] - Object: 'Object Repository/SignUp/a_ Sign up' is clicked on

2018-01-04 11:03:48 - [TEST_STEP][PASSED] - setText: Text 'kevin.ang@oddle.me' is set on object 'Object Repository/SignUp/input_email'

2018-01-04 11:03:48 - [MESSAGE][PASSED] - Text 'kevin.ang@oddle.me' is set on object 'Object Repository/SignUp/input_email'

2018-01-04 11:03:48 - [TEST_STEP][PASSED] - setText: Text 'Oddle' is set on object 'Object Repository/SignUp/input_firstName'

2018-01-04 11:03:49 - [MESSAGE][PASSED] - Text 'Oddle' is set on object 'Object Repository/SignUp/input_firstName'

2018-01-04 11:03:49 - [TEST_STEP][PASSED] - setText: Text 'Automation' is set on object 'Object Repository/SignUp/input_lastName'

2018-01-04 11:03:49 - [MESSAGE][PASSED] - Text 'Automation' is set on object 'Object Repository/SignUp/input_lastName'

2018-01-04 11:03:49 - [TEST_STEP][PASSED] - setText: Text '91234567' is set on object 'Object Repository/SignUp/input_phone'

2018-01-04 11:03:49 - [MESSAGE][PASSED] - Text '91234567' is set on object 'Object Repository/SignUp/input_phone'

2018-01-04 11:03:49 - [TEST_STEP][PASSED] - setText: Text 'wrongft' is set on object 'Object Repository/SignUp/input_password'

2018-01-04 11:03:50 - [MESSAGE][PASSED] - Text 'wrongft' is set on object 'Object Repository/SignUp/input_password'

2018-01-04 11:03:50 - [TEST_STEP][PASSED] - click: Object: 'Object Repository/SignUp/button_Sign Up' is clicked on

2018-01-04 11:03:50 - [MESSAGE][PASSED] - Object: 'Object Repository/SignUp/button_Sign Up' is clicked on

2018-01-04 11:03:50 - [TEST_STEP][PASSED] - delay: Delayed 1 second(s)

2018-01-04 11:03:51 - [MESSAGE][PASSED] - Delayed 1 second(s)

2018-01-04 11:03:51 - [TEST_STEP][PASSED] - verifyElementPresent: Object 'Object Repository/SignUp/span_Password should be at lea' is present

2018-01-04 11:03:51 - [MESSAGE][WARNING] - Timeout '0' is invalid. Using default page load timeout: '5'

2018-01-04 11:03:51 - [MESSAGE][PASSED] - Object 'Object Repository/SignUp/span_Password should be at lea' is present]]></system-out>
         <system-err><![CDATA[]]></system-err>
      </testcase>
      <testcase name="Test Cases/019_signup_alttab" classname="Test Cases/019_signup_alttab" status="PASSED">
         <system-out><![CDATA[2018-01-04 11:03:52 - [TEST_CASE][PASSED] - Test Cases/019_signup_alttab: Test Cases/019_signup_alttab

2018-01-04 11:03:52 - [TEST_STEP][PASSED] - openBrowser: Browser is opened with url: ''

2018-01-04 11:03:54 - [MESSAGE][PASSED] - Browser is opened with url: ''

2018-01-04 11:03:54 - [TEST_STEP][PASSED] - navigateToUrl: Navigate to 'http://mcdonaldstest.staging.oddle.co' successfully

2018-01-04 11:03:56 - [MESSAGE][PASSED] - Navigate to 'http://mcdonaldstest.staging.oddle.co' successfully

2018-01-04 11:03:56 - [TEST_STEP][PASSED] - click: Object: 'Object Repository/LogIn/div_Log in' is clicked on

2018-01-04 11:03:57 - [MESSAGE][PASSED] - Object: 'Object Repository/LogIn/div_Log in' is clicked on

2018-01-04 11:03:57 - [TEST_STEP][PASSED] - click: Object: 'Object Repository/SignUp/a_ Sign up' is clicked on

2018-01-04 11:03:58 - [MESSAGE][PASSED] - Object: 'Object Repository/SignUp/a_ Sign up' is clicked on

2018-01-04 11:03:58 - [TEST_STEP][PASSED] - click: Object: 'Object Repository/SignUp/span_Login' is clicked on

2018-01-04 11:03:58 - [MESSAGE][PASSED] - Object: 'Object Repository/SignUp/span_Login' is clicked on

2018-01-04 11:03:58 - [TEST_STEP][PASSED] - click: Object: 'Object Repository/SignUp/a_ Sign up' is clicked on

2018-01-04 11:03:58 - [MESSAGE][PASSED] - Object: 'Object Repository/SignUp/a_ Sign up' is clicked on

2018-01-04 11:03:58 - [TEST_STEP][PASSED] - click: Object: 'Object Repository/SignUp/span_Login' is clicked on

2018-01-04 11:03:59 - [MESSAGE][PASSED] - Object: 'Object Repository/SignUp/span_Login' is clicked on

2018-01-04 11:03:59 - [TEST_STEP][PASSED] - click: Object: 'Object Repository/SignUp/svg_close window' is clicked on

2018-01-04 11:03:59 - [MESSAGE][PASSED] - Object: 'Object Repository/SignUp/svg_close window' is clicked on

2018-01-04 11:03:59 - [TEST_STEP][PASSED] - delay: Delayed 1 second(s)

2018-01-04 11:04:00 - [MESSAGE][PASSED] - Delayed 1 second(s)

2018-01-04 11:04:00 - [TEST_STEP][PASSED] - verifyElementPresent: Object 'Object Repository/LogIn/div_Log in' is present

2018-01-04 11:04:00 - [MESSAGE][WARNING] - Timeout '0' is invalid. Using default page load timeout: '5'

2018-01-04 11:04:00 - [MESSAGE][PASSED] - Object 'Object Repository/LogIn/div_Log in' is present]]></system-out>
         <system-err><![CDATA[]]></system-err>
      </testcase>
      <testcase name="Test Cases/020_signup_terms" classname="Test Cases/020_signup_terms" status="PASSED">
         <system-out><![CDATA[2018-01-04 11:04:01 - [TEST_CASE][PASSED] - Test Cases/020_signup_terms: Test Cases/020_signup_terms

2018-01-04 11:04:01 - [TEST_STEP][PASSED] - openBrowser: Browser is opened with url: ''

2018-01-04 11:04:03 - [MESSAGE][PASSED] - Browser is opened with url: ''

2018-01-04 11:04:03 - [TEST_STEP][PASSED] - navigateToUrl: Navigate to 'http://mcdonaldstest.staging.oddle.co' successfully

2018-01-04 11:04:06 - [MESSAGE][PASSED] - Navigate to 'http://mcdonaldstest.staging.oddle.co' successfully

2018-01-04 11:04:06 - [TEST_STEP][PASSED] - click: Object: 'Object Repository/LogIn/div_Log in' is clicked on

2018-01-04 11:04:06 - [MESSAGE][PASSED] - Object: 'Object Repository/LogIn/div_Log in' is clicked on

2018-01-04 11:04:06 - [TEST_STEP][PASSED] - click: Object: 'Object Repository/SignUp/a_ Sign up' is clicked on

2018-01-04 11:04:07 - [MESSAGE][PASSED] - Object: 'Object Repository/SignUp/a_ Sign up' is clicked on

2018-01-04 11:04:07 - [TEST_STEP][PASSED] - delay: Delayed 1 second(s)

2018-01-04 11:04:08 - [MESSAGE][PASSED] - Delayed 1 second(s)

2018-01-04 11:04:08 - [TEST_STEP][PASSED] - click: Object: 'Object Repository/SignUp/u_Terms and Conditions' is clicked on

2018-01-04 11:04:08 - [MESSAGE][PASSED] - Object: 'Object Repository/SignUp/u_Terms and Conditions' is clicked on

2018-01-04 11:04:08 - [TEST_STEP][PASSED] - delay: Delayed 3 second(s)

2018-01-04 11:04:11 - [MESSAGE][PASSED] - Delayed 3 second(s)

2018-01-04 11:04:11 - [TEST_STEP][PASSED] - switchToWindowIndex: Switched to window with index: '1'

2018-01-04 11:04:11 - [MESSAGE][PASSED] - Switched to window with index: '1'

2018-01-04 11:04:11 - [TEST_STEP][PASSED] - verifyElementPresent: Object 'Object Repository/SignUp/h1_Terms and Conditions' is present

2018-01-04 11:04:11 - [MESSAGE][WARNING] - Timeout '0' is invalid. Using default page load timeout: '5'

2018-01-04 11:04:13 - [MESSAGE][PASSED] - Object 'Object Repository/SignUp/h1_Terms and Conditions' is present]]></system-out>
         <system-err><![CDATA[]]></system-err>
      </testcase>
      <system-out><![CDATA[2018-01-04 11:01:53 - [TEST_SUITE][PASSED] - signup: Test Cases/020_signup_terms]]></system-out>
      <system-err><![CDATA[]]></system-err>
   </testsuite>
</testsuites>
