<?xml version="1.0" encoding="UTF-8"?>
<testsuites name="account_settings" time="104" tests="5" failures="0" errors="0">
   <testsuite name="account_settings" tests="5" failures="0" errors="0" time="104" timestamp="2018-01-03 18:53:55" hostname="Ang - DESKTOP-JMN7MR3" id="Test Suites/account_settings">
      <properties>
         <property name="deviceName" value=""/>
         <property name="devicePlatform" value=""/>
         <property name="logFolder" value="C:\\Users\\Ang\\git\\oddle-automa\\Reports\\account_settings\\20180103_185347"/>
         <property name="logFiles" value="C:\\Users\\Ang\\git\\oddle-automa\\Reports\\account_settings\\20180103_185347\\execution0.log"/>
         <property name="attachments" value=""/>
         <property name="hostName" value="Ang - DESKTOP-JMN7MR3"/>
         <property name="os" value="Windows 10 64bit"/>
         <property name="katalonVersion" value="5.2.0.1"/>
         <property name="browser" value="Chrome 63.0.3239.84"/>
         <property name="hostAddress" value="192.168.126.1"/>
         <property name="sessionId" value="a2fd6ae8dff68047a4e06f196f252288"/>
         <property name="seleniumVersion" value="3.7.1"/>
         <property name="proxyInformation" value="ProxyInformation{proxyOption=NO_PROXY, proxyServerType=HTTP, password=, proxyServerAddress=, proxyServerPort=0}"/>
         <property name="platform" value="Windows 10"/>
      </properties>
      <testcase name="Test Cases/042_account_address_add" classname="Test Cases/042_account_address_add" status="PASSED">
         <system-out><![CDATA[2018-01-03 18:53:55 - [TEST_CASE][PASSED] - Test Cases/042_account_address_add: Test Cases/042_account_address_add

2018-01-03 18:53:56 - [TEST_STEP][PASSED] - callTestCase: Call Test Case 'Test Cases/001_login_email_successful' successfully

2018-01-03 18:53:56 - [TEST_CASE][PASSED] - Test Cases/001_login_email_successful: Test Cases/001_login_email_successful

2018-01-03 18:53:56 - [TEST_STEP][PASSED] - openBrowser: Browser is opened with url: ''

2018-01-03 18:53:59 - [MESSAGE][PASSED] - Browser is opened with url: ''

2018-01-03 18:53:59 - [TEST_STEP][PASSED] - navigateToUrl: Navigate to 'http://mcdonaldstest.staging.oddle.co' successfully

2018-01-03 18:54:02 - [MESSAGE][PASSED] - Navigate to 'http://mcdonaldstest.staging.oddle.co' successfully

2018-01-03 18:54:02 - [TEST_STEP][PASSED] - click: Object: 'Object Repository/LogIn/div_Log in' is clicked on

2018-01-03 18:54:02 - [MESSAGE][PASSED] - Object: 'Object Repository/LogIn/div_Log in' is clicked on

2018-01-03 18:54:02 - [TEST_STEP][PASSED] - setText: Text 'kevin.ang@oddle.me' is set on object 'Object Repository/LogIn/input_email'

2018-01-03 18:54:04 - [MESSAGE][PASSED] - Text 'kevin.ang@oddle.me' is set on object 'Object Repository/LogIn/input_email'

2018-01-03 18:54:04 - [TEST_STEP][PASSED] - setText: Text '0ddleatw' is set on object 'Object Repository/LogIn/input_password'

2018-01-03 18:54:04 - [MESSAGE][PASSED] - Text '0ddleatw' is set on object 'Object Repository/LogIn/input_password'

2018-01-03 18:54:04 - [TEST_STEP][PASSED] - click: Object: 'Object Repository/LogIn/button_Login' is clicked on

2018-01-03 18:54:04 - [MESSAGE][PASSED] - Object: 'Object Repository/LogIn/button_Login' is clicked on

2018-01-03 18:54:04 - [TEST_STEP][PASSED] - delay: Delayed 3 second(s)

2018-01-03 18:54:07 - [MESSAGE][PASSED] - Delayed 3 second(s)

2018-01-03 18:54:07 - [TEST_STEP][PASSED] - autoKeywords.verifyLoggedIn.verifyLogged: autoKeywords.verifyLoggedIn.verifyLogged is PASSED

2018-01-03 18:54:07 - [MESSAGE][PASSED] - Text of object 'Object Repository/LogIn/div_Hi user' is: 'Hi, John'

2018-01-03 18:54:07 - [MESSAGE][PASSED] - Actual text 'Hi, John' and expected text 'Log In' are not matched 

2018-01-03 18:54:07 - [MESSAGE][PASSED] - autoKeywords.verifyLoggedIn.verifyLogged is PASSED

2018-01-03 18:54:07 - [MESSAGE][PASSED] - Call Test Case 'Test Cases/001_login_email_successful' successfully

2018-01-03 18:54:07 - [TEST_STEP][PASSED] - click: Object: 'Object Repository/LogIn/div_Hi user' is clicked on

2018-01-03 18:54:07 - [MESSAGE][PASSED] - Object: 'Object Repository/LogIn/div_Hi user' is clicked on

2018-01-03 18:54:07 - [TEST_STEP][PASSED] - delay: Delayed 1 second(s)

2018-01-03 18:54:08 - [MESSAGE][PASSED] - Delayed 1 second(s)

2018-01-03 18:54:08 - [TEST_STEP][PASSED] - click: Object: 'Object Repository/Account/a_Address Book' is clicked on

2018-01-03 18:54:08 - [MESSAGE][PASSED] - Object: 'Object Repository/Account/a_Address Book' is clicked on

2018-01-03 18:54:08 - [TEST_STEP][PASSED] - click: Object: 'Object Repository/Account/button_Add Address' is clicked on

2018-01-03 18:54:09 - [MESSAGE][PASSED] - Object: 'Object Repository/Account/button_Add Address' is clicked on

2018-01-03 18:54:09 - [TEST_STEP][PASSED] - setText: Text '139951' is set on object 'Object Repository/Account/input_deliveryAddressPostal'

2018-01-03 18:54:09 - [MESSAGE][PASSED] - Text '139951' is set on object 'Object Repository/Account/input_deliveryAddressPostal'

2018-01-03 18:54:09 - [TEST_STEP][PASSED] - delay: Delayed 3 second(s)

2018-01-03 18:54:12 - [MESSAGE][PASSED] - Delayed 3 second(s)

2018-01-03 18:54:12 - [TEST_STEP][PASSED] - setText: Text '01-23' is set on object 'Object Repository/Account/input_deliveryAddressTwo'

2018-01-03 18:54:13 - [MESSAGE][PASSED] - Text '01-23' is set on object 'Object Repository/Account/input_deliveryAddressTwo'

2018-01-03 18:54:13 - [TEST_STEP][PASSED] - click: Object: 'Object Repository/Account/button_Save Address' is clicked on

2018-01-03 18:54:13 - [MESSAGE][PASSED] - Object: 'Object Repository/Account/button_Save Address' is clicked on

2018-01-03 18:54:13 - [TEST_STEP][PASSED] - delay: Delayed 3 second(s)

2018-01-03 18:54:16 - [MESSAGE][PASSED] - Delayed 3 second(s)

2018-01-03 18:54:16 - [TEST_STEP][PASSED] - click: Object: 'Object Repository/HomePage/a_Home' is clicked on

2018-01-03 18:54:16 - [MESSAGE][PASSED] - Object: 'Object Repository/HomePage/a_Home' is clicked on

2018-01-03 18:54:16 - [TEST_STEP][PASSED] - click: Object: 'Object Repository/LogIn/div_Hi user' is clicked on

2018-01-03 18:54:16 - [MESSAGE][PASSED] - Object: 'Object Repository/LogIn/div_Hi user' is clicked on

2018-01-03 18:54:16 - [TEST_STEP][PASSED] - delay: Delayed 1 second(s)

2018-01-03 18:54:17 - [MESSAGE][PASSED] - Delayed 1 second(s)

2018-01-03 18:54:17 - [TEST_STEP][PASSED] - click: Object: 'Object Repository/Account/a_Address Book' is clicked on

2018-01-03 18:54:17 - [MESSAGE][PASSED] - Object: 'Object Repository/Account/a_Address Book' is clicked on

2018-01-03 18:54:17 - [TEST_STEP][PASSED] - delay: Delayed 1 second(s)

2018-01-03 18:54:18 - [MESSAGE][PASSED] - Delayed 1 second(s)

2018-01-03 18:54:18 - [TEST_STEP][PASSED] - verifyElementPresent: Object 'Object Repository/Account/div_new address added' is present

2018-01-03 18:54:18 - [MESSAGE][WARNING] - Timeout '0' is invalid. Using default page load timeout: '5'

2018-01-03 18:54:18 - [MESSAGE][PASSED] - Object 'Object Repository/Account/div_new address added' is present

2018-01-03 18:54:18 - [TEST_STEP][PASSED] - verifyElementPresent: Object 'Object Repository/Account/h4_new address header' is present

2018-01-03 18:54:18 - [MESSAGE][WARNING] - Timeout '0' is invalid. Using default page load timeout: '5'

2018-01-03 18:54:18 - [MESSAGE][PASSED] - Object 'Object Repository/Account/h4_new address header' is present

2018-01-03 18:54:18 - [TEST_STEP][PASSED] - verifyElementText: Actual text and expected text of test object 'Object Repository/Account/span_new address postcode' are matched.

2018-01-03 18:54:18 - [MESSAGE][PASSED] - Actual text and expected text of test object 'Object Repository/Account/span_new address postcode' are matched.]]></system-out>
         <system-err><![CDATA[]]></system-err>
      </testcase>
      <testcase name="Test Cases/045_account_address_delete" classname="Test Cases/045_account_address_delete" status="PASSED">
         <system-out><![CDATA[2018-01-03 18:54:19 - [TEST_CASE][PASSED] - Test Cases/045_account_address_delete: Test Cases/045_account_address_delete

2018-01-03 18:54:19 - [TEST_STEP][PASSED] - callTestCase: Call Test Case 'Test Cases/001_login_email_successful' successfully

2018-01-03 18:54:19 - [TEST_CASE][PASSED] - Test Cases/001_login_email_successful: Test Cases/001_login_email_successful

2018-01-03 18:54:19 - [TEST_STEP][PASSED] - openBrowser: Browser is opened with url: ''

2018-01-03 18:54:21 - [MESSAGE][PASSED] - Browser is opened with url: ''

2018-01-03 18:54:21 - [TEST_STEP][PASSED] - navigateToUrl: Navigate to 'http://mcdonaldstest.staging.oddle.co' successfully

2018-01-03 18:54:24 - [MESSAGE][PASSED] - Navigate to 'http://mcdonaldstest.staging.oddle.co' successfully

2018-01-03 18:54:24 - [TEST_STEP][PASSED] - click: Object: 'Object Repository/LogIn/div_Log in' is clicked on

2018-01-03 18:54:24 - [MESSAGE][PASSED] - Object: 'Object Repository/LogIn/div_Log in' is clicked on

2018-01-03 18:54:24 - [TEST_STEP][PASSED] - setText: Text 'kevin.ang@oddle.me' is set on object 'Object Repository/LogIn/input_email'

2018-01-03 18:54:25 - [MESSAGE][PASSED] - Text 'kevin.ang@oddle.me' is set on object 'Object Repository/LogIn/input_email'

2018-01-03 18:54:25 - [TEST_STEP][PASSED] - setText: Text '0ddleatw' is set on object 'Object Repository/LogIn/input_password'

2018-01-03 18:54:26 - [MESSAGE][PASSED] - Text '0ddleatw' is set on object 'Object Repository/LogIn/input_password'

2018-01-03 18:54:26 - [TEST_STEP][PASSED] - click: Object: 'Object Repository/LogIn/button_Login' is clicked on

2018-01-03 18:54:26 - [MESSAGE][PASSED] - Object: 'Object Repository/LogIn/button_Login' is clicked on

2018-01-03 18:54:26 - [TEST_STEP][PASSED] - delay: Delayed 3 second(s)

2018-01-03 18:54:29 - [MESSAGE][PASSED] - Delayed 3 second(s)

2018-01-03 18:54:29 - [TEST_STEP][PASSED] - autoKeywords.verifyLoggedIn.verifyLogged: autoKeywords.verifyLoggedIn.verifyLogged is PASSED

2018-01-03 18:54:29 - [MESSAGE][PASSED] - Text of object 'Object Repository/LogIn/div_Hi user' is: 'Hi, John'

2018-01-03 18:54:29 - [MESSAGE][PASSED] - Actual text 'Hi, John' and expected text 'Log In' are not matched 

2018-01-03 18:54:29 - [MESSAGE][PASSED] - autoKeywords.verifyLoggedIn.verifyLogged is PASSED

2018-01-03 18:54:29 - [MESSAGE][PASSED] - Call Test Case 'Test Cases/001_login_email_successful' successfully

2018-01-03 18:54:29 - [TEST_STEP][PASSED] - click: Object: 'Object Repository/LogIn/div_Hi user' is clicked on

2018-01-03 18:54:29 - [MESSAGE][PASSED] - Object: 'Object Repository/LogIn/div_Hi user' is clicked on

2018-01-03 18:54:29 - [TEST_STEP][PASSED] - delay: Delayed 1 second(s)

2018-01-03 18:54:30 - [MESSAGE][PASSED] - Delayed 1 second(s)

2018-01-03 18:54:30 - [TEST_STEP][PASSED] - click: Object: 'Object Repository/Account/a_Address Book' is clicked on

2018-01-03 18:54:30 - [MESSAGE][PASSED] - Object: 'Object Repository/Account/a_Address Book' is clicked on

2018-01-03 18:54:30 - [TEST_STEP][PASSED] - click: Object: 'Object Repository/Account/button_delete address' is clicked on

2018-01-03 18:54:30 - [MESSAGE][PASSED] - Object: 'Object Repository/Account/button_delete address' is clicked on

2018-01-03 18:54:30 - [TEST_STEP][PASSED] - delay: Delayed 1 second(s)

2018-01-03 18:54:31 - [MESSAGE][PASSED] - Delayed 1 second(s)

2018-01-03 18:54:31 - [TEST_STEP][PASSED] - click: Object: 'Object Repository/Account/button_Confirm' is clicked on

2018-01-03 18:54:31 - [MESSAGE][PASSED] - Object: 'Object Repository/Account/button_Confirm' is clicked on]]></system-out>
         <system-err><![CDATA[]]></system-err>
      </testcase>
      <testcase name="Test Cases/043_account_address_add_nopostalcode" classname="Test Cases/043_account_address_add_nopostalcode" status="PASSED">
         <system-out><![CDATA[2018-01-03 18:54:32 - [TEST_CASE][PASSED] - Test Cases/043_account_address_add_nopostalcode: Test Cases/043_account_address_add_nopostalcode

2018-01-03 18:54:32 - [TEST_STEP][PASSED] - callTestCase: Call Test Case 'Test Cases/001_login_email_successful' successfully

2018-01-03 18:54:32 - [TEST_CASE][PASSED] - Test Cases/001_login_email_successful: Test Cases/001_login_email_successful

2018-01-03 18:54:33 - [TEST_STEP][PASSED] - openBrowser: Browser is opened with url: ''

2018-01-03 18:54:34 - [MESSAGE][PASSED] - Browser is opened with url: ''

2018-01-03 18:54:34 - [TEST_STEP][PASSED] - navigateToUrl: Navigate to 'http://mcdonaldstest.staging.oddle.co' successfully

2018-01-03 18:54:37 - [MESSAGE][PASSED] - Navigate to 'http://mcdonaldstest.staging.oddle.co' successfully

2018-01-03 18:54:37 - [TEST_STEP][PASSED] - click: Object: 'Object Repository/LogIn/div_Log in' is clicked on

2018-01-03 18:54:37 - [MESSAGE][PASSED] - Object: 'Object Repository/LogIn/div_Log in' is clicked on

2018-01-03 18:54:37 - [TEST_STEP][PASSED] - setText: Text 'kevin.ang@oddle.me' is set on object 'Object Repository/LogIn/input_email'

2018-01-03 18:54:39 - [MESSAGE][PASSED] - Text 'kevin.ang@oddle.me' is set on object 'Object Repository/LogIn/input_email'

2018-01-03 18:54:39 - [TEST_STEP][PASSED] - setText: Text '0ddleatw' is set on object 'Object Repository/LogIn/input_password'

2018-01-03 18:54:39 - [MESSAGE][PASSED] - Text '0ddleatw' is set on object 'Object Repository/LogIn/input_password'

2018-01-03 18:54:39 - [TEST_STEP][PASSED] - click: Object: 'Object Repository/LogIn/button_Login' is clicked on

2018-01-03 18:54:39 - [MESSAGE][PASSED] - Object: 'Object Repository/LogIn/button_Login' is clicked on

2018-01-03 18:54:39 - [TEST_STEP][PASSED] - delay: Delayed 3 second(s)

2018-01-03 18:54:42 - [MESSAGE][PASSED] - Delayed 3 second(s)

2018-01-03 18:54:42 - [TEST_STEP][PASSED] - autoKeywords.verifyLoggedIn.verifyLogged: autoKeywords.verifyLoggedIn.verifyLogged is PASSED

2018-01-03 18:54:42 - [MESSAGE][PASSED] - Text of object 'Object Repository/LogIn/div_Hi user' is: 'Hi, John'

2018-01-03 18:54:42 - [MESSAGE][PASSED] - Actual text 'Hi, John' and expected text 'Log In' are not matched 

2018-01-03 18:54:42 - [MESSAGE][PASSED] - autoKeywords.verifyLoggedIn.verifyLogged is PASSED

2018-01-03 18:54:42 - [MESSAGE][PASSED] - Call Test Case 'Test Cases/001_login_email_successful' successfully

2018-01-03 18:54:42 - [TEST_STEP][PASSED] - click: Object: 'Object Repository/LogIn/div_Hi user' is clicked on

2018-01-03 18:54:42 - [MESSAGE][PASSED] - Object: 'Object Repository/LogIn/div_Hi user' is clicked on

2018-01-03 18:54:42 - [TEST_STEP][PASSED] - delay: Delayed 1 second(s)

2018-01-03 18:54:43 - [MESSAGE][PASSED] - Delayed 1 second(s)

2018-01-03 18:54:43 - [TEST_STEP][PASSED] - click: Object: 'Object Repository/Account/a_Address Book' is clicked on

2018-01-03 18:54:44 - [MESSAGE][PASSED] - Object: 'Object Repository/Account/a_Address Book' is clicked on

2018-01-03 18:54:44 - [TEST_STEP][PASSED] - click: Object: 'Object Repository/Account/button_Add Address' is clicked on

2018-01-03 18:54:44 - [MESSAGE][PASSED] - Object: 'Object Repository/Account/button_Add Address' is clicked on

2018-01-03 18:54:44 - [TEST_STEP][PASSED] - setText: Text '111111' is set on object 'Object Repository/Account/input_deliveryAddressPostal'

2018-01-03 18:54:44 - [MESSAGE][PASSED] - Text '111111' is set on object 'Object Repository/Account/input_deliveryAddressPostal'

2018-01-03 18:54:44 - [TEST_STEP][PASSED] - delay: Delayed 3 second(s)

2018-01-03 18:54:47 - [MESSAGE][PASSED] - Delayed 3 second(s)

2018-01-03 18:54:47 - [TEST_STEP][PASSED] - setText: Text '01-23' is set on object 'Object Repository/Account/input_deliveryAddressTwo'

2018-01-03 18:54:47 - [MESSAGE][PASSED] - Text '01-23' is set on object 'Object Repository/Account/input_deliveryAddressTwo'

2018-01-03 18:54:47 - [TEST_STEP][PASSED] - click: Object: 'Object Repository/Account/button_Save Address' is clicked on

2018-01-03 18:54:47 - [MESSAGE][PASSED] - Object: 'Object Repository/Account/button_Save Address' is clicked on

2018-01-03 18:54:47 - [TEST_STEP][PASSED] - delay: Delayed 3 second(s)

2018-01-03 18:54:50 - [MESSAGE][PASSED] - Delayed 3 second(s)

2018-01-03 18:54:50 - [TEST_STEP][PASSED] - setText: Text '71 Ayer Rajah Crescent' is set on object 'Object Repository/Account/input_deliveryAddressOne'

2018-01-03 18:54:51 - [MESSAGE][PASSED] - Text '71 Ayer Rajah Crescent' is set on object 'Object Repository/Account/input_deliveryAddressOne'

2018-01-03 18:54:51 - [TEST_STEP][PASSED] - click: Object: 'Object Repository/Account/button_Save Address' is clicked on

2018-01-03 18:54:51 - [MESSAGE][PASSED] - Object: 'Object Repository/Account/button_Save Address' is clicked on

2018-01-03 18:54:51 - [TEST_STEP][PASSED] - delay: Delayed 3 second(s)

2018-01-03 18:54:54 - [MESSAGE][PASSED] - Delayed 3 second(s)

2018-01-03 18:54:54 - [TEST_STEP][PASSED] - click: Object: 'Object Repository/LogIn/div_Hi user' is clicked on

2018-01-03 18:54:54 - [MESSAGE][PASSED] - Object: 'Object Repository/LogIn/div_Hi user' is clicked on

2018-01-03 18:54:54 - [TEST_STEP][PASSED] - delay: Delayed 1 second(s)

2018-01-03 18:54:55 - [MESSAGE][PASSED] - Delayed 1 second(s)

2018-01-03 18:54:55 - [TEST_STEP][PASSED] - click: Object: 'Object Repository/Account/a_Address Book' is clicked on

2018-01-03 18:54:55 - [MESSAGE][PASSED] - Object: 'Object Repository/Account/a_Address Book' is clicked on

2018-01-03 18:54:55 - [TEST_STEP][PASSED] - delay: Delayed 1 second(s)

2018-01-03 18:54:56 - [MESSAGE][PASSED] - Delayed 1 second(s)

2018-01-03 18:54:56 - [TEST_STEP][PASSED] - verifyElementPresent: Object 'Object Repository/Account/div_new address added' is present

2018-01-03 18:54:56 - [MESSAGE][WARNING] - Timeout '0' is invalid. Using default page load timeout: '5'

2018-01-03 18:54:56 - [MESSAGE][PASSED] - Object 'Object Repository/Account/div_new address added' is present

2018-01-03 18:54:56 - [TEST_STEP][PASSED] - verifyElementPresent: Object 'Object Repository/Account/h4_new address header' is present

2018-01-03 18:54:56 - [MESSAGE][WARNING] - Timeout '0' is invalid. Using default page load timeout: '5'

2018-01-03 18:54:56 - [MESSAGE][PASSED] - Object 'Object Repository/Account/h4_new address header' is present

2018-01-03 18:54:56 - [TEST_STEP][PASSED] - verifyElementText: Actual text and expected text of test object 'Object Repository/Account/span_new address postcode' are matched.

2018-01-03 18:54:56 - [MESSAGE][PASSED] - Actual text and expected text of test object 'Object Repository/Account/span_new address postcode' are matched.]]></system-out>
         <system-err><![CDATA[]]></system-err>
      </testcase>
      <testcase name="Test Cases/044_account_address_add_wrongpostalcode" classname="Test Cases/044_account_address_add_wrongpostalcode" status="PASSED">
         <system-out><![CDATA[2018-01-03 18:54:57 - [TEST_CASE][PASSED] - Test Cases/044_account_address_add_wrongpostalcode: Test Cases/044_account_address_add_wrongpostalcode

2018-01-03 18:54:57 - [TEST_STEP][PASSED] - callTestCase: Call Test Case 'Test Cases/001_login_email_successful' successfully

2018-01-03 18:54:57 - [TEST_CASE][PASSED] - Test Cases/001_login_email_successful: Test Cases/001_login_email_successful

2018-01-03 18:54:57 - [TEST_STEP][PASSED] - openBrowser: Browser is opened with url: ''

2018-01-03 18:54:59 - [MESSAGE][PASSED] - Browser is opened with url: ''

2018-01-03 18:54:59 - [TEST_STEP][PASSED] - navigateToUrl: Navigate to 'http://mcdonaldstest.staging.oddle.co' successfully

2018-01-03 18:55:01 - [MESSAGE][PASSED] - Navigate to 'http://mcdonaldstest.staging.oddle.co' successfully

2018-01-03 18:55:01 - [TEST_STEP][PASSED] - click: Object: 'Object Repository/LogIn/div_Log in' is clicked on

2018-01-03 18:55:02 - [MESSAGE][PASSED] - Object: 'Object Repository/LogIn/div_Log in' is clicked on

2018-01-03 18:55:02 - [TEST_STEP][PASSED] - setText: Text 'kevin.ang@oddle.me' is set on object 'Object Repository/LogIn/input_email'

2018-01-03 18:55:04 - [MESSAGE][PASSED] - Text 'kevin.ang@oddle.me' is set on object 'Object Repository/LogIn/input_email'

2018-01-03 18:55:04 - [TEST_STEP][PASSED] - setText: Text '0ddleatw' is set on object 'Object Repository/LogIn/input_password'

2018-01-03 18:55:04 - [MESSAGE][PASSED] - Text '0ddleatw' is set on object 'Object Repository/LogIn/input_password'

2018-01-03 18:55:04 - [TEST_STEP][PASSED] - click: Object: 'Object Repository/LogIn/button_Login' is clicked on

2018-01-03 18:55:04 - [MESSAGE][PASSED] - Object: 'Object Repository/LogIn/button_Login' is clicked on

2018-01-03 18:55:04 - [TEST_STEP][PASSED] - delay: Delayed 3 second(s)

2018-01-03 18:55:07 - [MESSAGE][PASSED] - Delayed 3 second(s)

2018-01-03 18:55:07 - [TEST_STEP][PASSED] - autoKeywords.verifyLoggedIn.verifyLogged: autoKeywords.verifyLoggedIn.verifyLogged is PASSED

2018-01-03 18:55:07 - [MESSAGE][PASSED] - Text of object 'Object Repository/LogIn/div_Hi user' is: 'Hi, John'

2018-01-03 18:55:07 - [MESSAGE][PASSED] - Actual text 'Hi, John' and expected text 'Log In' are not matched 

2018-01-03 18:55:07 - [MESSAGE][PASSED] - autoKeywords.verifyLoggedIn.verifyLogged is PASSED

2018-01-03 18:55:07 - [MESSAGE][PASSED] - Call Test Case 'Test Cases/001_login_email_successful' successfully

2018-01-03 18:55:07 - [TEST_STEP][PASSED] - click: Object: 'Object Repository/LogIn/div_Hi user' is clicked on

2018-01-03 18:55:07 - [MESSAGE][PASSED] - Object: 'Object Repository/LogIn/div_Hi user' is clicked on

2018-01-03 18:55:07 - [TEST_STEP][PASSED] - delay: Delayed 1 second(s)

2018-01-03 18:55:08 - [MESSAGE][PASSED] - Delayed 1 second(s)

2018-01-03 18:55:08 - [TEST_STEP][PASSED] - click: Object: 'Object Repository/Account/a_Address Book' is clicked on

2018-01-03 18:55:09 - [MESSAGE][PASSED] - Object: 'Object Repository/Account/a_Address Book' is clicked on

2018-01-03 18:55:09 - [TEST_STEP][PASSED] - click: Object: 'Object Repository/Account/button_Add Address' is clicked on

2018-01-03 18:55:09 - [MESSAGE][PASSED] - Object: 'Object Repository/Account/button_Add Address' is clicked on

2018-01-03 18:55:09 - [TEST_STEP][PASSED] - setText: Text 'wrongpostalformat' is set on object 'Object Repository/Account/input_deliveryAddressPostal'

2018-01-03 18:55:10 - [MESSAGE][PASSED] - Text 'wrongpostalformat' is set on object 'Object Repository/Account/input_deliveryAddressPostal'

2018-01-03 18:55:10 - [TEST_STEP][PASSED] - delay: Delayed 3 second(s)

2018-01-03 18:55:13 - [MESSAGE][PASSED] - Delayed 3 second(s)

2018-01-03 18:55:13 - [TEST_STEP][PASSED] - click: Object: 'Object Repository/Account/button_Save Address' is clicked on

2018-01-03 18:55:13 - [MESSAGE][PASSED] - Object: 'Object Repository/Account/button_Save Address' is clicked on

2018-01-03 18:55:13 - [TEST_STEP][PASSED] - delay: Delayed 3 second(s)

2018-01-03 18:55:16 - [MESSAGE][PASSED] - Delayed 3 second(s)

2018-01-03 18:55:16 - [TEST_STEP][PASSED] - verifyElementPresent: Object 'Object Repository/Account/button_Save Address' is present

2018-01-03 18:55:16 - [MESSAGE][WARNING] - Timeout '0' is invalid. Using default page load timeout: '5'

2018-01-03 18:55:16 - [MESSAGE][PASSED] - Object 'Object Repository/Account/button_Save Address' is present

2018-01-03 18:55:16 - [TEST_STEP][PASSED] - verifyElementAttributeValue: Object 'Object Repository/Account/input_deliveryAddressPostal' has attribute 'value' with value 'wrongpostalformat'

2018-01-03 18:55:16 - [MESSAGE][WARNING] - Timeout '0' is invalid. Using default page load timeout: '5'

2018-01-03 18:55:16 - [MESSAGE][PASSED] - Object 'Object Repository/Account/input_deliveryAddressPostal' has attribute 'value' with value 'wrongpostalformat']]></system-out>
         <system-err><![CDATA[]]></system-err>
      </testcase>
      <testcase name="Test Cases/046_account_address_edit" classname="Test Cases/046_account_address_edit" status="PASSED">
         <system-out><![CDATA[2018-01-03 18:55:17 - [TEST_CASE][PASSED] - Test Cases/046_account_address_edit: Test Cases/046_account_address_edit

2018-01-03 18:55:17 - [TEST_STEP][PASSED] - callTestCase: Call Test Case 'Test Cases/001_login_email_successful' successfully

2018-01-03 18:55:17 - [TEST_CASE][PASSED] - Test Cases/001_login_email_successful: Test Cases/001_login_email_successful

2018-01-03 18:55:17 - [TEST_STEP][PASSED] - openBrowser: Browser is opened with url: ''

2018-01-03 18:55:19 - [MESSAGE][PASSED] - Browser is opened with url: ''

2018-01-03 18:55:19 - [TEST_STEP][PASSED] - navigateToUrl: Navigate to 'http://mcdonaldstest.staging.oddle.co' successfully

2018-01-03 18:55:21 - [MESSAGE][PASSED] - Navigate to 'http://mcdonaldstest.staging.oddle.co' successfully

2018-01-03 18:55:21 - [TEST_STEP][PASSED] - click: Object: 'Object Repository/LogIn/div_Log in' is clicked on

2018-01-03 18:55:22 - [MESSAGE][PASSED] - Object: 'Object Repository/LogIn/div_Log in' is clicked on

2018-01-03 18:55:22 - [TEST_STEP][PASSED] - setText: Text 'kevin.ang@oddle.me' is set on object 'Object Repository/LogIn/input_email'

2018-01-03 18:55:23 - [MESSAGE][PASSED] - Text 'kevin.ang@oddle.me' is set on object 'Object Repository/LogIn/input_email'

2018-01-03 18:55:23 - [TEST_STEP][PASSED] - setText: Text '0ddleatw' is set on object 'Object Repository/LogIn/input_password'

2018-01-03 18:55:23 - [MESSAGE][PASSED] - Text '0ddleatw' is set on object 'Object Repository/LogIn/input_password'

2018-01-03 18:55:23 - [TEST_STEP][PASSED] - click: Object: 'Object Repository/LogIn/button_Login' is clicked on

2018-01-03 18:55:23 - [MESSAGE][PASSED] - Object: 'Object Repository/LogIn/button_Login' is clicked on

2018-01-03 18:55:23 - [TEST_STEP][PASSED] - delay: Delayed 3 second(s)

2018-01-03 18:55:26 - [MESSAGE][PASSED] - Delayed 3 second(s)

2018-01-03 18:55:26 - [TEST_STEP][PASSED] - autoKeywords.verifyLoggedIn.verifyLogged: autoKeywords.verifyLoggedIn.verifyLogged is PASSED

2018-01-03 18:55:26 - [MESSAGE][PASSED] - Text of object 'Object Repository/LogIn/div_Hi user' is: 'Hi, John'

2018-01-03 18:55:26 - [MESSAGE][PASSED] - Actual text 'Hi, John' and expected text 'Log In' are not matched 

2018-01-03 18:55:26 - [MESSAGE][PASSED] - autoKeywords.verifyLoggedIn.verifyLogged is PASSED

2018-01-03 18:55:26 - [MESSAGE][PASSED] - Call Test Case 'Test Cases/001_login_email_successful' successfully

2018-01-03 18:55:26 - [TEST_STEP][PASSED] - click: Object: 'Object Repository/LogIn/div_Hi user' is clicked on

2018-01-03 18:55:26 - [MESSAGE][PASSED] - Object: 'Object Repository/LogIn/div_Hi user' is clicked on

2018-01-03 18:55:26 - [TEST_STEP][PASSED] - delay: Delayed 1 second(s)

2018-01-03 18:55:27 - [MESSAGE][PASSED] - Delayed 1 second(s)

2018-01-03 18:55:27 - [TEST_STEP][PASSED] - click: Object: 'Object Repository/Account/a_Address Book' is clicked on

2018-01-03 18:55:28 - [MESSAGE][PASSED] - Object: 'Object Repository/Account/a_Address Book' is clicked on

2018-01-03 18:55:28 - [TEST_STEP][PASSED] - click: Object: 'Object Repository/Account/button_edit address' is clicked on

2018-01-03 18:55:28 - [MESSAGE][PASSED] - Object: 'Object Repository/Account/button_edit address' is clicked on

2018-01-03 18:55:28 - [TEST_STEP][PASSED] - delay: Delayed 1 second(s)

2018-01-03 18:55:29 - [MESSAGE][PASSED] - Delayed 1 second(s)

2018-01-03 18:55:29 - [TEST_STEP][PASSED] - setText: Text '139951' is set on object 'Object Repository/Account/input_deliveryAddressPostal'

2018-01-03 18:55:29 - [MESSAGE][PASSED] - Text '139951' is set on object 'Object Repository/Account/input_deliveryAddressPostal'

2018-01-03 18:55:29 - [TEST_STEP][PASSED] - delay: Delayed 3 second(s)

2018-01-03 18:55:32 - [MESSAGE][PASSED] - Delayed 3 second(s)

2018-01-03 18:55:32 - [TEST_STEP][PASSED] - setText: Text '01-23' is set on object 'Object Repository/Account/input_deliveryAddressTwo'

2018-01-03 18:55:32 - [MESSAGE][PASSED] - Text '01-23' is set on object 'Object Repository/Account/input_deliveryAddressTwo'

2018-01-03 18:55:32 - [TEST_STEP][PASSED] - click: Object: 'Object Repository/Account/button_Save Address' is clicked on

2018-01-03 18:55:32 - [MESSAGE][PASSED] - Object: 'Object Repository/Account/button_Save Address' is clicked on

2018-01-03 18:55:32 - [TEST_STEP][PASSED] - delay: Delayed 3 second(s)

2018-01-03 18:55:35 - [MESSAGE][PASSED] - Delayed 3 second(s)

2018-01-03 18:55:35 - [TEST_STEP][PASSED] - click: Object: 'Object Repository/HomePage/a_Home' is clicked on

2018-01-03 18:55:36 - [MESSAGE][PASSED] - Object: 'Object Repository/HomePage/a_Home' is clicked on

2018-01-03 18:55:36 - [TEST_STEP][PASSED] - click: Object: 'Object Repository/LogIn/div_Hi user' is clicked on

2018-01-03 18:55:36 - [MESSAGE][PASSED] - Object: 'Object Repository/LogIn/div_Hi user' is clicked on

2018-01-03 18:55:36 - [TEST_STEP][PASSED] - delay: Delayed 1 second(s)

2018-01-03 18:55:37 - [MESSAGE][PASSED] - Delayed 1 second(s)

2018-01-03 18:55:37 - [TEST_STEP][PASSED] - click: Object: 'Object Repository/Account/a_Address Book' is clicked on

2018-01-03 18:55:37 - [MESSAGE][PASSED] - Object: 'Object Repository/Account/a_Address Book' is clicked on

2018-01-03 18:55:37 - [TEST_STEP][PASSED] - delay: Delayed 1 second(s)

2018-01-03 18:55:38 - [MESSAGE][PASSED] - Delayed 1 second(s)

2018-01-03 18:55:38 - [TEST_STEP][PASSED] - verifyElementPresent: Object 'Object Repository/Account/span_address 1 postcode' is present

2018-01-03 18:55:38 - [MESSAGE][WARNING] - Timeout '0' is invalid. Using default page load timeout: '5'

2018-01-03 18:55:38 - [MESSAGE][PASSED] - Object 'Object Repository/Account/span_address 1 postcode' is present

2018-01-03 18:55:38 - [TEST_STEP][PASSED] - verifyElementPresent: Object 'Object Repository/Account/h4_address 1' is present

2018-01-03 18:55:38 - [MESSAGE][WARNING] - Timeout '0' is invalid. Using default page load timeout: '5'

2018-01-03 18:55:38 - [MESSAGE][PASSED] - Object 'Object Repository/Account/h4_address 1' is present

2018-01-03 18:55:38 - [TEST_STEP][PASSED] - verifyElementText: Actual text and expected text of test object 'Object Repository/Account/span_address 1 postcode' are matched.

2018-01-03 18:55:38 - [MESSAGE][PASSED] - Actual text and expected text of test object 'Object Repository/Account/span_address 1 postcode' are matched.]]></system-out>
         <system-err><![CDATA[]]></system-err>
      </testcase>
      <system-out><![CDATA[2018-01-03 18:53:55 - [TEST_SUITE][PASSED] - account_settings: Test Cases/046_account_address_edit]]></system-out>
      <system-err><![CDATA[]]></system-err>
   </testsuite>
</testsuites>
